# JavaSimulatorWrapper Results
# Mon Aug 08 16:45:47 EDT 2016
#
# calculated parameters
Probability Matrix
Q1	Q2	Q3	Q4	Q5	Q6	Q7	Q8	Q9	Q10	Q11
1.0,1.0,0.0,0.21658985,0.14285713,0.24137932,0.2,0.8545455,0.018181818,0.7636364,0.74545455
1.0,1.0,0.0,0.30198017,0.5333333,0.2672811,0.23979591,0.9104477,0.119402975,0.8656717,0.70149255
1.0,1.0,0.0,0.25125626,0.59999996,0.24752475,0.25133693,0.8333334,0.1,0.8333334,0.7833333
1.0,1.0,0.0,0.2745098,0.6666667,0.26999998,0.19711539,0.93333334,0.06666666,0.9,0.68333334
1.0,1.0,0.0,0.19827586,0.6666667,0.22680412,0.20454545,0.82142854,0.14285715,0.78571427,0.80357146
1.0,1.0,0.0,0.1981982,0.5,0.23780486,0.22413793,0.8979592,0.040816326,0.7959184,0.7959184
1.0,1.0,0.0,0.15813954,0.25,0.2044199,0.21390375,0.7727273,0.022727272,0.8409091,0.90909094
1.0,1.0,0.0,0.17258884,1.0,0.20588236,0.17435898,0.7727273,0.090909086,0.79545456,0.7727273
1.0,1.0,0.0,0.26271188,1.0,0.25373134,0.24137932,0.92537314,0.104477614,0.761194,0.73134327
1.0,1.0,0.0,0.16071428,0.75,0.16981132,0.12834224,0.94736844,0.15789473,0.7105263,0.6315789
1.0,1.0,0.0,0.20725387,0.7,0.1898734,0.21978022,0.8163265,0.14285715,0.9183673,0.8163265
1.0,1.0,0.0,0.25945947,0.25,0.19704436,0.16129033,0.9795918,0.061224487,0.8163265,0.6122449
1.0,1.0,0.0,0.16317992,0.8181818,0.17368421,0.16666667,0.84782606,0.19565217,0.7173913,0.7173913
1.0,1.0,0.0,0.16744186,0.72727275,0.13499999,0.14130433,0.8780488,0.19512197,0.65853655,0.63414633
1.0,1.0,0.0,0.15920398,0.375,0.22335026,0.18009478,0.6530612,0.061224483,0.8979592,0.7755102
1.0,1.0,0.0,0.26923078,0.5555556,0.21266969,0.22477065,0.87500006,0.07812499,0.73437506,0.765625
1.0,1.0,0.0,0.22978723,0.87500006,0.29223743,0.22488038,0.8181818,0.10606061,0.96969694,0.7121212
1.0,1.0,0.0,0.2760181,0.25,0.2822967,0.19665273,0.8970588,0.01470588,0.8676471,0.6911765
1.0,1.0,0.0,0.1564246,0.0,0.12048192,0.13157894,0.9655173,0.0,0.6896552,0.86206895
1.0,1.0,0.0,0.31132075,0.8333333,0.27876106,0.23853213,0.9166667,0.06944444,0.87500006,0.72222227
1.0,1.0,0.0,0.25943395,0.7,0.1980198,0.20491803,0.9322034,0.11864406,0.6779661,0.8474576
1.0,1.0,0.0,0.22891568,1.0,0.14285713,0.17877096,0.95000005,0.099999994,0.74999994,0.8
1.0,1.0,0.0,0.19101124,0.0,0.19289339,0.15714286,0.73913044,0.0,0.82608694,0.7173913
1.0,1.0,0.0,0.2032967,1.0,0.18181819,0.1350211,0.8604651,0.116279066,0.88372093,0.74418604
1.0,1.0,0.0,0.2074468,0.0,0.18333332,0.13488372,0.95121956,0.0,0.80487806,0.70731705
1.0,1.0,0.0,0.2881356,0.7,0.18781723,0.23857868,0.92727274,0.12727273,0.6727272,0.8545455
1.0,1.0,0.0,0.19417475,0.71428573,0.19417475,0.20430106,0.8,0.1,0.8,0.76
1.0,1.0,0.0,0.14778325,0.625,0.15865384,0.17703348,0.69767445,0.11627908,0.76744187,0.8604651
1.0,1.0,0.0,0.21164022,0.5454545,0.18660288,0.13065326,0.90909094,0.13636363,0.8863636,0.59090906
1.0,1.0,0.0,0.24607329,0.8,0.22340424,0.22522523,0.8545455,0.14545454,0.7636363,0.90909094
1.0,1.0,0.0,0.1862745,0.6666667,0.177665,0.16744186,0.8444444,0.044444446,0.7777778,0.8
1.0,1.0,0.0,0.18716577,0.39999998,0.125,0.12307692,1.0,0.057142857,0.7142857,0.68571424
1.0,1.0,0.0,0.21544714,0.6363636,0.21951218,0.17889906,0.9636364,0.12727273,0.81818175,0.7090909
1.0,1.0,0.0,0.22666669,0.45454544,0.22439025,0.19642858,0.86440676,0.08474576,0.77966106,0.7457627
1.0,1.0,0.0,0.1889401,0.57894737,0.1761658,0.15121952,0.8913044,0.23913044,0.73913044,0.673913
1.0,1.0,0.0,0.28042328,0.5833333,0.25104603,0.25247526,0.7910448,0.10447761,0.89552236,0.761194
1.0,1.0,0.0,0.20231213,0.39999998,0.19999999,0.18229166,0.7954545,0.045454543,0.84090906,0.7954545
1.0,1.0,0.0,0.2087912,0.3333333,0.15624999,0.1553398,0.88372093,0.06976744,0.8139535,0.74418604
1.0,1.0,0.0,0.15346535,0.71428573,0.17741935,0.16831684,0.7380952,0.11904762,0.78571427,0.8095238
1.0,1.0,0.0,0.24293785,0.7,0.24444444,0.14761905,0.877551,0.14285715,0.8979592,0.6326531
1.0,1.0,0.0,0.24170616,0.42857143,0.18039215,0.20689654,0.9107143,0.053571425,0.82142854,0.64285713
1.0,1.0,0.0,0.21962616,0.8,0.17283951,0.18041235,0.9591837,0.08163265,0.8571428,0.71428573
1.0,1.0,0.0,0.20408164,1.0,0.14285715,0.16410255,0.8888889,0.111111104,0.6888889,0.71111107
1.0,1.0,0.0,0.23036648,0.71428573,0.21229051,0.11792453,0.9777778,0.22222222,0.8444445,0.5555555
1.0,1.0,0.0,0.31250003,0.42857143,0.21459228,0.21393034,0.9166666,0.05,0.8333334,0.71666664
1.0,1.0,0.0,0.20297031,0.76470584,0.2295082,0.15270935,0.8367347,0.26530612,0.85714287,0.632653
1.0,1.0,0.0,0.25806448,0.6666667,0.24043716,0.19905214,0.8888889,0.074074075,0.8148148,0.7777778
1.0,1.0,0.0,0.2244898,0.3888889,0.20895523,0.19117646,0.84615386,0.13461539,0.8076923,0.74999994
1.0,1.0,0.0,0.19999999,0.0,0.15315314,0.13989636,0.95238096,0.0,0.8095238,0.6428572
1.0,1.0,0.0,0.24999999,-1.0,0.22680412,0.13942307,0.86538464,0.0,0.84615386,0.5576923
1.0,1.0,0.0,0.22123893,0.45454544,0.19902912,0.16080402,0.90909094,0.09090909,0.74545455,0.58181816
1.0,1.0,0.0,0.20588234,0.7,0.28,0.22943723,0.7101449,0.10144927,0.91304344,0.76811594
1.0,1.0,0.0,0.2371134,0.625,0.24000001,0.18848169,0.88461536,0.09615383,0.80769235,0.6923077
1.0,1.0,0.0,0.2892562,0.8125,0.27118644,0.21463415,0.9090909,0.16883117,0.8311688,0.5714286
1.0,1.0,0.0,0.23175967,0.6875,0.1846847,0.22222224,0.94736844,0.19298245,0.71929824,0.80701756
1.0,1.0,0.0,0.20524016,0.25,0.2451923,0.23350254,0.78333336,0.03333333,0.84999996,0.76666665
1.0,1.0,0.0,0.24034333,0.6666667,0.2944785,0.25,0.8888889,0.12698413,0.7619048,0.7619048
1.0,1.0,0.0,0.2139738,0.6666667,0.23786406,0.20408162,0.8596491,0.105263166,0.8596491,0.7017544
1.0,1.0,0.0,0.23046876,0.87500006,0.25,0.19186047,0.92187494,0.21875001,0.765625,0.515625
1.0,1.0,0.0,0.2608696,0.5454545,0.23444976,0.23076925,0.90000004,0.099999994,0.8166666,0.75
1.0,1.0,0.0,0.23966941,1.0,0.23563218,0.21276595,0.96666664,0.16666667,0.68333334,0.6666666
1.0,1.0,0.0,0.24561405,0.42857143,0.19047618,0.19892472,0.9767442,0.06976744,0.9302325,0.8604651
1.0,1.0,0.0,0.22222221,0.57142854,0.2128713,0.16509435,0.84,0.08,0.86,0.70000005
1.0,1.0,0.0,0.19905214,0.75,0.19402987,0.21264367,0.91304344,0.06521739,0.84782606,0.8043479
1.0,1.0,0.0,0.22335026,0.7777778,0.18376067,0.16157204,0.88,0.14,0.85999995,0.74
1.0,1.0,0.0,0.17256637,0.0,0.16393442,0.1699029,0.8863636,0.0,0.6818182,0.7954545
1.0,1.0,0.0,0.25358853,0.375,0.24423963,0.21229051,0.8833334,0.049999997,0.8833333,0.6333333
1.0,1.0,0.0,0.16494846,0.5,0.18226601,0.12857144,0.84210527,0.026315786,0.9736842,0.71052635
1.0,1.0,0.0,0.1825726,0.71428573,0.17105262,0.19786096,0.86274505,0.19607843,0.76470584,0.72549015
1.0,1.0,0.0,0.18085107,0.71428573,0.2,0.14851485,0.7727273,0.22727273,0.8636364,0.6818182
1.0,1.0,0.0,0.21800947,0.49999997,0.1889401,0.16666667,0.9387755,0.10204081,0.8367347,0.6326531
1.0,1.0,0.0,0.2,0.6666667,0.19897959,0.16666667,0.8913044,0.04347826,0.8478261,0.7173913
1.0,1.0,0.0,0.2648402,0.8333334,0.2914573,0.28155342,0.79452056,0.06849315,0.79452056,0.79452056
1.0,0.9714285,2.6553372E-4,0.1904762,0.25,0.14646465,0.16304348,0.9142857,0.057142857,0.82857144,0.85714287
1.0,1.0,0.0,0.21465969,0.71428573,0.21505375,0.18803419,0.82,0.099999994,0.79999995,0.88
1.0,1.0,0.0,0.22439025,0.25,0.25287357,0.19780222,0.92,0.02,0.88,0.72
1.0,1.0,0.0,0.2121212,0.625,0.20192307,0.14678898,0.9607843,0.19607846,0.8235294,0.627451
1.0,1.0,0.0,0.27102804,1.0,0.22784811,0.20930232,0.8923077,0.19999999,0.83076924,0.6923077
1.0,1.0,0.0,0.2712766,0.6,0.24623118,0.16086958,0.92727274,0.054545447,0.8909091,0.6727273
1.0,1.0,0.0,0.17587939,0.5384615,0.17989416,0.1871345,0.8139535,0.1627907,0.79069763,0.74418604
1.0,1.0,0.0,0.24747474,0.22222221,0.21989527,0.21428575,0.87499994,0.071428575,0.75,0.75
1.0,1.0,0.0,0.23979591,0.875,0.19711539,0.2087912,0.8703704,0.12962961,0.7592593,0.7037037
1.0,1.0,0.0,0.20388348,0.6666667,0.21264367,0.2094241,0.8571428,0.08163265,0.75510204,0.8163265
1.0,1.0,0.0,0.18713452,0.11111112,0.2,0.12500001,0.8205129,0.025641024,0.9230769,0.64102566
1.0,1.0,0.0,0.1904762,0.16666666,0.14009663,0.17514125,0.8648649,0.027027024,0.7837838,0.8378378
0.96428573,1.0,0.0,0.2816092,0.35714287,0.22167486,0.18994413,0.9074074,0.0925926,0.8333333,0.6296296
1.0,1.0,0.0,0.23280422,0.61538464,0.25433525,0.18552037,0.84615386,0.15384616,0.84615386,0.78846157
1.0,1.0,0.0,0.21719457,0.5625,0.24884795,0.2538071,0.7741935,0.14516129,0.87096775,0.8064516
1.0,1.0,0.0,0.25862065,0.5,0.19,0.16145833,0.9375,0.083333336,0.7916667,0.6458333
1.0,1.0,0.0,0.25365853,0.54545456,0.27748692,0.19736843,0.8125,0.09375001,0.82812506,0.70312506
1.0,1.0,0.0,0.26543212,0.6666667,0.21917808,0.22033897,0.7962963,0.14814813,0.8888889,0.72222227
1.0,1.0,0.0,0.19230768,0.6666667,0.16582915,0.10897436,1.0,0.17142858,0.94285715,0.48571426
1.0,1.0,0.0,0.20202021,0.42857143,0.16525425,0.15962441,0.8888889,0.06666667,0.8666667,0.75555557
1.0,1.0,0.0,0.1701031,0.28571427,0.18633541,0.1372549,0.89189196,0.054054048,0.81081086,0.75675684
1.0,1.0,0.0,0.27272728,0.39999998,0.20454545,0.1813187,0.9807692,0.07692307,0.8653846,0.6346154
1.0,1.0,0.0,0.20114942,0.75000006,0.19047618,0.16666666,0.7954545,0.06818182,0.9090909,0.77272725
1.0,1.0,0.0,0.19337015,0.5,0.16964285,0.121827416,0.8333334,0.047619045,0.90476197,0.5714286
1.0,1.0,0.0,0.24311928,0.7647059,0.22666667,0.18719213,0.86885244,0.21311477,0.83606553,0.6229508
1.0,1.0,0.0,0.24468087,0.75000006,0.19806765,0.20958085,0.92,0.120000005,0.82,0.70000005
1.0,1.0,0.0,0.185,0.75000006,0.17486338,0.16265061,0.902439,0.14634146,0.7804878,0.65853655
1.0,1.0,0.0,0.14957266,0.44444442,0.19101124,0.15023473,0.8139535,0.093023255,0.79069763,0.74418604
1.0,1.0,0.0,0.20571432,1.0,0.1962617,0.16666666,0.78260875,0.021739129,0.9130435,0.82608694
1.0,1.0,0.0,0.20967741,0.87500006,0.22826087,0.17999999,0.8125,0.14583334,0.875,0.75
1.0,1.0,0.0,0.19545454,0.87500006,0.156,0.13809523,0.8958333,0.14583334,0.81250006,0.6041667
1.0,1.0,0.0,0.26666668,0.90909094,0.25892857,0.23333333,0.86153847,0.15384616,0.8923077,0.64615387
1.0,1.0,0.0,0.1923077,1.0,0.19148938,0.17021278,0.875,0.024999999,0.90000004,0.8
1.0,1.0,0.0,0.21333334,0.71428573,0.23999998,0.2094241,0.92307687,0.09615383,0.8076923,0.7692308
1.0,1.0,0.0,0.16915421,0.6363636,0.16113745,0.18181819,0.77272725,0.15909092,0.7727273,0.7727273
1.0,1.0,0.0,0.20465116,0.59999996,0.2074468,0.16157204,0.86274505,0.058823533,0.76470584,0.72549015
1.0,1.0,0.0,0.19895287,0.0,0.16250001,0.15865384,0.82608694,0.0,0.84782606,0.7173913
1.0,1.0,0.0,0.18454935,0.71428573,0.21229051,0.1778846,0.9148936,0.10638298,0.80851066,0.78723407
1.0,1.0,0.0,0.24712646,0.71428573,0.18085107,0.15346535,0.91489357,0.106382966,0.7234042,0.6595745
1.0,1.0,0.0,0.21463415,0.5555556,0.18965517,0.23195876,0.78571427,0.08928571,0.78571427,0.80357146
1.0,1.0,0.0,0.2795699,0.33333334,0.19512194,0.21004568,0.88135594,0.0338983,0.8135593,0.77966106
1.0,1.0,0.0,0.25910935,0.49999997,0.2715517,0.23012553,0.8767124,0.06849314,0.8630137,0.7534247
1.0,1.0,0.0,0.24886878,0.87500006,0.2600897,0.18781723,0.85937506,0.10937501,0.90625006,0.578125
1.0,1.0,0.0,0.18333332,0.7,0.15544042,0.118226595,0.94285715,0.2,0.85714287,0.6857143
1.0,1.0,0.0,0.26262626,0.7777778,0.20283018,0.19736843,0.9285714,0.125,0.76785713,0.80357146
1.0,1.0,0.0,0.21505375,0.7777778,0.18324606,0.16666667,0.8888889,0.15555556,0.77777773,0.6888889
1.0,1.0,0.0,0.1845238,0.625,0.107623324,0.16,0.88571423,0.14285713,0.68571424,0.8
1.0,1.0,0.0,0.2688172,0.75,0.18357489,0.19095479,0.92592597,0.11111111,0.7037037,0.7037037
1.0,1.0,0.0,0.3025641,0.5882353,0.24489796,0.18852459,0.88059705,0.14925374,0.89552236,0.6865671
1.0,0.98484844,2.677376E-4,0.22580644,0.7777778,0.26960784,0.23655914,0.8484849,0.106060594,0.8333333,0.6666667
1.0,1.0,0.0,0.19704433,0.6666666,0.19758064,0.18124999,0.78431374,0.11764706,0.9607843,0.5686274
1.0,1.0,0.0,0.23893805,0.85714287,0.2352941,0.16509433,0.91525424,0.20338982,0.8135593,0.59322035
1.0,1.0,0.0,0.11864406,0.3846154,0.08556149,0.04186046,0.9545455,0.22727273,0.7272727,0.40909088
1.0,1.0,0.0,0.25510204,1.0,0.22613066,0.146789,0.98039216,0.11764705,0.88235295,0.627451
1.0,1.0,0.0,0.20454548,0.14285713,0.16190477,0.19786096,0.8181818,0.02272727,0.7727273,0.84090906
1.0,1.0,0.0,0.22598869,1.0,0.14903846,0.14349777,0.9302325,0.09302324,0.7209302,0.74418604
1.0,1.0,0.0,0.22751322,0.87500006,0.18974356,0.15555556,0.8958333,0.14583334,0.7708333,0.5833333
1.0,1.0,0.0,0.18055557,0.8,0.19270833,0.1878453,0.8863636,0.090909086,0.8409091,0.7727273
1.0,1.0,0.0,0.24352328,0.44444442,0.22072071,0.20618558,0.8703703,0.074074075,0.9074074,0.7407407
1.0,1.0,0.0,0.19323672,0.5,0.20197044,0.15104167,0.8695652,0.1521739,0.8913044,0.63043475
1.0,1.0,0.0,0.296875,0.75,0.2555066,0.19780219,0.87692314,0.09230769,0.8923077,0.5538462
1.0,1.0,0.0,0.20408164,0.0,0.1980198,0.17514125,0.8695652,0.0,0.8695652,0.673913
1.0,1.0,0.0,0.17117117,0.125,0.22289157,0.13333334,0.90476197,0.023809524,0.8809524,0.52380955
1.0,1.0,0.0,0.22885573,0.6363636,0.1923077,0.1542056,0.92,0.14,0.8,0.65999997
1.0,1.0,0.0,0.1846847,0.57142854,0.1880342,0.19170985,0.7735849,0.07547169,0.8301887,0.6981132
1.0,1.0,0.0,0.25757578,0.375,0.24074076,0.17272727,0.85,0.05,0.8666666,0.6333333
1.0,1.0,0.0,0.25700936,0.5,0.23144107,0.22564103,0.8870968,0.04838709,0.8548387,0.7096774
1.0,1.0,0.0,0.2202381,0.75,0.17857143,0.18269229,0.7708333,0.062499996,0.8333334,0.7916667
1.0,1.0,0.0,0.14925373,0.39999998,0.13265306,0.18324606,0.7894737,0.05263158,0.68421054,0.92105263
1.0,1.0,0.0,0.24,0.71428573,0.2,0.23958334,0.82758623,0.0862069,0.7586207,0.79310346
1.0,1.0,0.0,0.18905471,1.0,0.19786096,0.14917128,0.88372093,0.04651163,0.8604651,0.627907
1.0,1.0,0.0,0.17877094,1.0,0.12834226,0.12169312,1.0,0.25,0.75000006,0.71875
1.0,1.0,0.0,0.28169012,0.7,0.3038674,0.24766356,0.9090909,0.10606061,0.8333333,0.8030303
1.0,1.0,0.0,0.22077923,1.0,0.21028039,0.19730942,0.85,0.049999997,0.75,0.73333335
1.0,1.0,0.0,0.21348314,0.33333334,0.15384616,0.16243654,0.9268293,0.048780486,0.68292683,0.78048784
1.0,1.0,0.0,0.23786408,0.33333334,0.24000001,0.12442397,0.9607843,0.019607842,0.9411765,0.5294118
1.0,0.98550725,2.6795283E-4,0.229572,0.7,0.31073448,0.2062257,0.8550725,0.101449266,0.79710144,0.76811594
1.0,1.0,0.0,0.27040818,0.84615386,0.2437811,0.20183486,0.82812506,0.171875,0.765625,0.6875
1.0,1.0,0.0,0.23786408,0.75000006,0.22173913,0.17647058,0.8909091,0.10909091,0.92727274,0.70909095
1.0,1.0,0.0,0.22360247,0.42857143,0.1659193,0.19879518,0.83720934,0.06976744,0.8604651,0.76744187
1.0,1.0,0.0,0.23963134,0.14285713,0.24401915,0.2819149,0.8125,0.015625,0.796875,0.82812506
1.0,1.0,0.0,0.2657005,0.3157895,0.26344085,0.22784807,0.9322034,0.10169492,0.8305085,0.6101695
1.0,1.0,0.0,0.1576087,0.33333334,0.17525773,0.1572327,0.85294116,0.029411763,1.0,0.7352941
1.0,1.0,0.0,0.25221238,1.0,0.26666665,0.17801048,0.9661017,0.20338982,0.9491525,0.5762712
1.0,1.0,0.0,0.20642203,1.0,0.24226806,0.24043716,0.78947365,0.07017543,0.8245614,0.7719298
1.0,1.0,0.0,0.19024391,1.0,0.17808218,0.18333332,0.8666667,0.13333333,0.8666667,0.7333333
1.0,1.0,0.0,0.14136125,0.625,0.111801244,0.11111111,0.9,0.16666666,0.6,0.73333335
1.0,1.0,0.0,0.22651935,0.71428573,0.1782178,0.16574585,0.91111106,0.111111104,0.8,0.6666666
1.0,1.0,0.0,0.18229166,0.85714287,0.12953366,0.13197967,0.945946,0.16216217,0.67567563,0.7027027
1.0,1.0,0.0,0.2,0.25,0.18222223,0.14285715,0.75,0.020833332,0.8541667,0.7083333
1.0,1.0,0.0,0.1778846,0.8,0.19371726,0.18918918,0.82222223,0.17777778,0.82222223,0.77777773
1.0,1.0,0.0,0.19704436,0.28571427,0.19487181,0.15668203,0.8510638,0.04255319,0.8085107,0.7234042
1.0,1.0,0.0,0.18932039,0.45454544,0.19786096,0.17261906,0.90697676,0.116279066,0.8604651,0.6744186
1.0,1.0,0.0,0.24175826,0.8333333,0.15609756,0.14077671,0.9166666,0.31250003,0.6666667,0.6041667
1.0,1.0,0.0,0.2244898,0.75,0.17619048,0.14705881,0.9777778,0.13333333,0.82222223,0.5555555
1.0,1.0,0.0,0.23913044,0.33333334,0.23004694,0.19339623,0.8,0.07272727,0.8909091,0.74545455
1.0,1.0,0.0,0.22,0.5,0.20895523,0.19491526,0.78571427,0.017857142,0.75,0.8214286
1.0,1.0,0.0,0.19796953,0.33333334,0.22807017,0.15135136,0.8666667,0.044444446,0.8666667,0.62222224
1.0,1.0,0.0,0.2882353,0.16666666,0.2090164,0.2556818,0.8305085,0.016949153,0.86440676,0.7627119
1.0,1.0,0.0,0.21491227,0.44444442,0.23404256,0.18041238,0.92452836,0.0754717,0.8301887,0.6603773
1.0,1.0,0.0,0.16587678,0.5,0.17,0.19902913,0.71428573,0.061224494,0.6938776,0.8367347
1.0,1.0,0.0,0.22959185,1.0,0.19889502,0.1837838,0.88235295,0.07843137,0.7058823,0.6666667
1.0,1.0,0.0,0.19021739,1.0,0.18867926,0.20858897,0.71428573,0.24489795,0.81632656,0.6938776
1.0,1.0,0.0,0.2204301,0.87500006,0.1737089,0.18719213,0.8367347,0.14285715,0.75510204,0.7755102
1.0,1.0,0.0,0.21319796,0.74999994,0.2087912,0.13114753,0.9545455,0.3409091,0.8636363,0.5454545
1.0,1.0,0.0,0.2962963,0.57142854,0.21900828,0.21551722,0.8484849,0.06060606,0.8030303,0.75757575
1.0,1.0,0.0,0.2039801,0.9166667,0.2295082,0.16465864,0.7592593,0.2037037,0.7777778,0.7592593
1.0,1.0,0.0,0.22746782,1.0,0.2513089,0.18965517,0.92982453,0.08771929,0.84210527,0.77192986
1.0,1.0,0.0,0.1989247,0.6666667,0.1778846,0.17415729,0.8809524,0.0952381,0.8809524,0.7380952
1.0,1.0,0.0,0.3478261,0.375,0.265,0.22772275,0.9333333,0.050000004,0.8833333,0.7666667
1.0,1.0,0.0,0.24561405,0.33333334,0.1875,0.14999999,0.89361703,0.06382979,0.89361703,0.63829786
1.0,1.0,0.0,0.2236842,0.5454545,0.16499999,0.13135593,0.8947368,0.15789473,0.8684211,0.8157894
1.0,1.0,0.0,0.29439253,1.0,0.26237622,0.19095479,0.984375,0.15625001,0.828125,0.59375
1.0,1.0,0.0,0.20487805,0.5,0.22164948,0.19473684,0.8571428,0.10204082,0.877551,0.75510204
1.0,1.0,0.0,0.21989529,0.5,0.19905216,0.1372549,0.91304344,0.0652174,0.9130435,0.6086956
1.0,1.0,0.0,0.18396227,0.6666667,0.20388351,0.123809524,0.8666667,0.17777777,0.93333334,0.57777774
1.0,1.0,0.0,0.15454546,0.8,0.17500001,0.121212125,0.8292683,0.09756098,0.85365856,0.58536583
1.0,1.0,0.0,0.19178082,0.625,0.15384616,0.16748767,0.9545455,0.11363636,0.72727275,0.77272725
1.0,1.0,0.0,0.21100919,1.0,0.25791857,0.21973094,0.73015875,0.04761905,0.9047619,0.7777778
1.0,1.0,0.0,0.17204303,0.45454544,0.18354431,0.1534091,0.9142857,0.14285713,0.82857144,0.7714286
1.0,1.0,0.0,0.24338625,1.0,0.24000002,0.16402118,0.8214286,0.17857142,0.85714287,0.55357146
1.0,1.0,0.0,0.19889502,0.8333333,0.17127073,0.13592233,0.94736844,0.13157894,0.8157895,0.73684216
1.0,1.0,0.0,0.24206348,0.5454545,0.27027026,0.25118482,0.8714286,0.08571429,0.85714287,0.75714284
1.0,1.0,0.0,0.21546963,0.625,0.2091837,0.17171718,0.78000003,0.099999994,0.82000005,0.68
1.0,1.0,0.0,0.18994412,0.6,0.1648936,0.16842104,0.82926834,0.07317073,0.75609756,0.78048784
1.0,1.0,0.0,0.2864583,1.0,0.22448982,0.18340611,0.94827586,0.12068965,0.7586207,0.72413796
1.0,1.0,0.0,0.24324323,0.8636364,0.2173913,0.1989796,0.88524586,0.31147543,0.8196721,0.6393443
1.0,1.0,0.0,0.2268041,0.71428573,0.2565445,0.2010582,0.8,0.0909091,0.8909091,0.6909091
1.0,1.0,0.0,0.14795919,0.46666664,0.15028901,0.12429378,0.9354839,0.22580646,0.8387097,0.7096774
1.0,1.0,0.0,0.18965517,0.45454547,0.14678898,0.17412937,0.825,0.125,0.8,0.875
1.0,1.0,0.0,0.21739131,0.75,0.19095479,0.1770335,0.90000004,0.17999999,0.76,0.74
1.0,1.0,0.0,0.21621622,0.5384615,0.17021276,0.12571429,0.88888896,0.19444445,0.88888896,0.6111111
1.0,1.0,0.0,0.18719213,0.39999998,0.25433528,0.17647058,0.7755102,0.040816322,0.89795923,0.7346939
1.0,1.0,0.0,0.17857143,0.8,0.22699386,0.15346533,0.90909094,0.18181816,0.84090906,0.7045454
1.0,1.0,0.0,0.18222223,0.42857143,0.17171718,0.2,0.91111106,0.06666667,0.75555557,0.8444444
1.0,1.0,0.0,0.20618558,0.0,0.25520834,0.1969697,0.754717,0.0,0.92452836,0.7358491
1.0,1.0,0.0,0.19774012,0.5,0.20408162,0.14285713,0.7291667,0.020833332,0.8333333,0.6666667
1.0,1.0,0.0,0.22619049,0.2,0.16842104,0.16931216,0.90476197,0.023809524,0.7619048,0.7619048
1.0,0.9726027,5.363368E-4,0.2777778,0.65217394,0.30454546,0.23214285,0.8219178,0.20547949,0.91780823,0.7123288
1.0,1.0,0.0,0.15846996,0.375,0.1826484,0.1754386,0.61702126,0.06382979,0.8510638,0.8510638
1.0,0.9833333,2.673082E-4,0.2901554,0.8181818,0.19487178,0.20192309,0.9333333,0.14999999,0.6333333,0.70000005
1.0,1.0,0.0,0.17142858,0.44444442,0.14457831,0.1299435,0.9090909,0.12121212,0.7272727,0.69696975
1.0,1.0,0.0,0.23684211,0.6,0.19248827,0.21656051,0.9375,0.062499996,0.8541667,0.7083333
1.0,1.0,0.0,0.19417475,1.0,0.16939892,0.11931819,1.0,0.024999999,0.775,0.525
1.0,1.0,0.0,0.23923445,0.75,0.21739131,0.16504857,0.9433962,0.16981132,0.6603773,0.6415095
1.0,1.0,0.0,0.23563221,0.71428573,0.2328767,0.19251338,0.7735849,0.18867923,0.9622642,0.6792453
1.0,1.0,0.0,0.17222223,0.25,0.14999999,0.1693989,0.8157895,0.05263158,0.7894737,0.8157894
1.0,1.0,0.0,0.15865384,0.125,0.18229166,0.14096916,0.84615386,0.025641024,0.89743584,0.8205128
1.0,1.0,0.0,0.20725389,0.5,0.23655914,0.172093,0.78431374,0.019607842,0.86274505,0.72549015
1.0,1.0,0.0,0.24479166,0.5,0.2292683,0.20258622,0.8245614,0.07017544,0.8245614,0.8245614
1.0,1.0,0.0,0.26168224,0.71428573,0.2761905,0.25615764,0.79999995,0.14285715,0.82857144,0.74285716
1.0,1.0,0.0,0.17105262,0.29999998,0.16751269,0.19270833,0.8863636,0.06818181,0.75,0.84090906
1.0,1.0,0.0,0.23809524,0.92857146,0.21777779,0.1724138,0.80357146,0.23214287,0.87500006,0.62500006
1.0,1.0,0.0,0.20855616,0.71428573,0.18128656,0.13592233,0.9285714,0.11904762,0.7380952,0.6666667
1.0,1.0,0.0,0.1775148,0.42857143,0.12442395,0.15277778,0.81081086,0.08108108,0.7297297,0.89189196
1.0,0.9791666,2.6645348E-4,0.2113402,0.8333334,0.24117646,0.15469614,0.8541667,0.10416668,0.8541666,0.5833334
1.0,0.9795918,2.6652453E-4,0.22580644,0.6153846,0.2383721,0.16,0.8571428,0.1632653,0.8367347,0.6530612
1.0,1.0,0.0,0.22169812,0.5,0.24120604,0.22872342,0.7966102,0.0677966,0.81355935,0.7288136
1.0,1.0,0.0,0.21195652,0.6666667,0.18061675,0.19117646,0.79591835,0.04081633,0.8367347,0.7959184
1.0,1.0,0.0,0.15920398,0.5,0.19512194,0.15816325,0.7804878,0.024390243,0.9756097,0.75609756
1.0,1.0,0.0,0.15348837,0.44444442,0.14925373,0.13736263,0.89189196,0.10810811,0.81081086,0.6756757
1.0,1.0,0.0,0.1724138,0.7692307,0.17045455,0.1235294,0.9090909,0.30303028,0.9090909,0.6363636
1.0,1.0,0.0,0.16939892,0.6666666,0.17857145,0.116161615,0.7948718,0.15384614,0.89743596,0.58974355
1.0,1.0,0.0,0.22072071,0.5,0.23557691,0.1858407,0.8596491,0.12280702,0.8596491,0.7368421
1.0,1.0,0.0,0.2020202,0.22222221,0.18090452,0.24293785,0.8888889,0.044444446,0.8,0.95555556
0.98484844,1.0,0.0,0.28504676,0.7142857,0.27918783,0.21393034,0.93846154,0.23076923,0.84615386,0.6615385
1.0,1.0,0.0,0.30645162,0.71428573,0.20634921,0.209205,0.9661017,0.084745765,0.661017,0.8474576
1.0,1.0,0.0,0.13114753,0.8,0.14772728,0.10169492,0.8,0.13333331,0.8666666,0.8
1.0,1.0,0.0,0.29186603,0.57894737,0.24999999,0.20895523,0.88405794,0.15942028,0.826087,0.6086956
1.0,1.0,0.0,0.22685185,0.85714287,0.24867725,0.2072072,0.8448276,0.10344828,0.8103448,0.79310346
1.0,1.0,0.0,0.2204301,0.6666667,0.26635516,0.20873787,0.6949153,0.10169492,0.9661017,0.7288136
1.0,1.0,0.0,0.23786408,0.8947369,0.18421054,0.17112298,0.9607843,0.33333334,0.8235294,0.627451
1.0,1.0,0.0,0.19245283,0.6666666,0.20524016,0.16355139,0.9107143,0.10714285,0.8392857,0.62499994
1.0,1.0,0.0,0.20134228,0.2,0.16766468,0.13768116,0.8823529,0.029411763,0.8235294,0.5588235
1.0,1.0,0.0,0.1767442,0.33333334,0.17553194,0.17222223,0.9268293,0.048780482,0.80487806,0.7560975
1.0,1.0,0.0,0.29347825,0.8,0.22277229,0.15695067,0.94736844,0.07017543,0.78947365,0.61403507
1.0,1.0,0.0,0.16230367,0.85714287,0.14917128,0.13461538,0.8611111,0.16666666,0.75,0.7777778
1.0,1.0,0.0,0.2284264,0.2,0.1974249,0.1923077,0.8653846,0.019230768,0.88461536,0.6730769
1.0,1.0,0.0,0.19897959,0.88235295,0.19774011,0.13942307,0.8478261,0.32608694,0.76086956,0.6304348
1.0,1.0,0.0,0.23214288,1.0,0.18018019,0.19021739,0.84782606,0.04347826,0.8695652,0.76086956
1.0,1.0,0.0,0.20547946,0.39999998,0.20430106,0.19095479,0.9574468,0.08510639,0.8085106,0.8085106
1.0,1.0,0.0,0.17788462,0.39999998,0.24747474,0.19211824,0.7254902,0.07843137,0.9607843,0.76470584
1.0,1.0,0.0,0.20398007,0.5555556,0.19209038,0.13636364,0.9534884,0.11627909,0.79069763,0.627907
1.0,1.0,0.0,0.15544042,0.39999998,0.14285715,0.14622642,0.7692307,0.1025641,0.84615386,0.7948718
1.0,1.0,0.0,0.28070173,0.6666667,0.2555555,0.1566265,0.85714287,0.035714287,0.8214286,0.69642854
1.0,1.0,0.0,0.2712766,0.3888889,0.18222223,0.18224299,0.9622642,0.13207549,0.77358496,0.735849
1.0,1.0,0.0,0.20689654,0.6,0.18226601,0.16842104,0.8181818,0.06818181,0.84090906,0.7272727
1.0,1.0,0.0,0.18279569,1.0,0.16097562,0.14124292,0.8947368,0.052631583,0.8684211,0.65789473
1.0,1.0,0.0,0.23557691,0.6,0.21962616,0.18691589,0.8596491,0.10526316,0.8245614,0.7017544
1.0,1.0,0.0,0.23463687,0.75,0.17460318,0.18181817,0.89361703,0.12765957,0.70212764,0.8085106
1.0,1.0,0.0,0.20642203,1.0,0.22439022,0.15384616,0.8490566,0.0754717,0.8679246,0.5660378
1.0,1.0,0.0,0.2393617,0.9230769,0.14354067,0.18018019,0.9183674,0.24489795,0.6122449,0.8163265
1.0,1.0,0.0,0.20704845,0.8,0.27083334,0.15121952,0.8392857,0.07142857,0.9285714,0.55357146
1.0,1.0,0.0,0.17475726,0.8,0.20481928,0.13020833,0.8571428,0.0952381,0.8095238,0.5952381
1.0,1.0,0.0,0.20967741,0.3333333,0.22009571,0.18468466,0.9285714,0.05357143,0.8214286,0.73214287
1.0,1.0,0.0,0.17857145,0.7777778,0.20312501,0.21195652,0.71428573,0.14285715,0.7959184,0.7959184
0.9787234,1.0,0.0,0.19815668,0.6666667,0.18660286,0.1632653,0.9347826,0.086956516,0.8478261,0.6956522
1.0,1.0,0.0,0.29411763,0.90909094,0.25543475,0.2139535,0.9230769,0.15384616,0.7230769,0.7076924
1.0,1.0,0.0,0.18224299,0.14285713,0.2142857,0.16470587,0.8863636,0.022727273,0.9545455,0.6363636
1.0,1.0,0.0,0.25238097,0.78571427,0.20524016,0.2371134,0.85483867,0.17741935,0.7580645,0.7419355
1.0,1.0,0.0,0.23529412,0.7272727,0.20000002,0.19704436,0.86274505,0.15686275,0.8039216,0.78431374
1.0,1.0,0.0,0.18584071,0.42857143,0.2356021,0.2215909,0.7924528,0.11320755,0.8490566,0.7358491
1.0,1.0,0.0,0.16585363,0.6666667,0.15311004,0.16666667,0.84999996,0.05,0.8,0.825
1.0,1.0,0.0,0.23428571,0.6666667,0.15668203,0.16425122,0.9318182,0.045454543,0.7727273,0.7727273
1.0,1.0,0.0,0.16756758,0.5,0.15422885,0.12727273,0.8611111,0.083333336,0.8611111,0.7777778
1.0,1.0,0.0,0.18357489,0.625,0.15813956,0.14583334,0.9268293,0.12195121,0.82926834,0.68292683
1.0,1.0,0.0,0.17370893,0.375,0.16483517,0.18285714,0.925,0.074999996,0.75,0.8
1.0,1.0,0.0,0.16748768,0.6666667,0.22155689,0.11442786,0.84999996,0.099999994,0.925,0.575
1.0,1.0,0.0,0.20689659,0.25,0.19444445,0.15068495,0.93333334,0.022222219,0.7777778,0.7333334
1.0,1.0,0.0,0.19444445,0.6363636,0.14761905,0.11267605,0.92105263,0.18421054,0.8157895,0.6315789
1.0,1.0,0.0,0.1889401,0.0,0.20103094,0.19871795,0.9318182,0.0,0.8863636,0.7045455
1.0,1.0,0.0,0.15920398,0.6666667,0.18232043,0.14903845,0.8205128,0.2051282,0.84615386,0.7948718
1.0,1.0,0.0,0.29064038,0.5,0.24630542,0.20670392,0.96721315,0.09836065,0.81967217,0.6065573
1.0,1.0,0.0,0.17788461,0.42857143,0.14736843,0.14761905,0.94871795,0.07692307,0.71794873,0.7948718
1.0,1.0,0.0,0.20704845,0.6666667,0.22164948,0.18932039,0.8545455,0.14545454,0.78181815,0.70909095
1.0,1.0,0.0,0.32631582,0.7,0.23809524,0.2,0.9538462,0.10769231,0.84615386,0.73846155
1.0,1.0,0.0,0.23502304,0.57142854,0.23245613,0.22457628,0.82258064,0.06451613,0.8548387,0.85483867
1.0,1.0,0.0,0.18660288,0.8,0.1972477,0.16129033,0.7959184,0.08163265,0.877551,0.8163265
1.0,1.0,0.0,0.27722773,0.5,0.24229075,0.24875623,0.87500006,0.09375,0.85937506,0.78125006
1.0,1.0,0.0,0.235,0.7777778,0.21182266,0.19270833,0.94,0.13999999,0.86,0.74
1.0,1.0,0.0,0.20359282,0.2,0.15311004,0.14678898,0.8947369,0.02631579,0.84210527,0.84210527
1.0,1.0,0.0,0.25824174,0.375,0.23364487,0.18644069,0.8545455,0.05454545,0.90909094,0.8
1.0,1.0,0.0,0.2777778,0.33333334,0.22790697,0.16410255,0.9649123,0.07017543,0.8596491,0.5614035
1.0,1.0,0.0,0.18957347,0.85714287,0.18644068,0.19318183,0.8888889,0.13333333,0.7333333,0.75555557
1.0,1.0,0.0,0.22797929,0.75000006,0.23728813,0.13661201,0.89795923,0.061224487,0.85714287,0.5102041
1.0,1.0,0.0,0.24255319,0.8125,0.2583732,0.18716577,0.95,0.21666665,0.9,0.5833333
1.0,1.0,0.0,0.18987343,0.2,0.14042553,0.19230768,0.8333333,0.027777774,0.9166667,0.8333333
1.0,1.0,0.0,0.26011562,0.87500006,0.23404256,0.18018019,0.8653846,0.13461538,0.84615386,0.7692308
1.0,1.0,0.0,0.22346368,0.41666666,0.20465116,0.14942528,0.85106385,0.10638298,0.9361702,0.5531915
1.0,1.0,0.0,0.26842105,0.35714284,0.28323698,0.22705314,0.86440676,0.084745765,0.8305084,0.7966102
1.0,1.0,0.0,0.22330098,1.0,0.21134023,0.12886597,0.9787234,0.12765957,0.87234044,0.5319149
1.0,1.0,0.0,0.15789473,0.75,0.16062175,0.13714287,0.825,0.075,0.775,0.59999996
1.0,1.0,0.0,0.21022727,0.75000006,0.15979381,0.13809523,0.94871795,0.15384617,0.7948718,0.7435897
1.0,1.0,0.0,0.22277229,0.5,0.20725389,0.18032788,0.88235295,0.1372549,0.78431374,0.6470588
1.0,1.0,0.0,0.1761658,0.36363634,0.17613634,0.15121952,0.84999996,0.099999994,0.775,0.775
1.0,1.0,0.0,0.18957345,0.6363636,0.15568863,0.1728972,0.9302325,0.1627907,0.60465115,0.8604651
1.0,1.0,0.0,0.22842638,-1.0,0.20895521,0.18579233,0.90000004,0.0,0.84,0.68
1.0,1.0,0.0,0.19211824,0.57142854,0.1574074,0.14044943,0.90697676,0.093023255,0.79069763,0.5813954
1.0,1.0,0.0,0.16042781,0.42857143,0.19487178,0.1707317,0.7142857,0.07142857,0.90476197,0.8333334
1.0,1.0,0.0,0.27513227,0.45454547,0.22110553,0.17272727,0.962963,0.0925926,0.8148148,0.7037037
1.0,1.0,0.0,0.25263157,0.6666667,0.25125626,0.20855616,0.8135593,0.06779661,0.84745765,0.66101694
1.0,1.0,0.0,0.26484022,0.6666666,0.239819,0.16923077,0.95081973,0.09836065,0.86885244,0.5409836
1.0,1.0,0.0,0.20765026,0.6666667,0.17297296,0.16129032,0.95,0.050000004,0.8,0.75
1.0,1.0,0.0,0.2565445,0.625,0.22123896,0.21538462,0.8909091,0.090909086,0.90909094,0.7636364
1.0,1.0,0.0,0.18181817,0.33333334,0.23195875,0.1572327,0.79999995,0.08888888,1.0,0.5555555
1.0,0.9827586,2.6716536E-4,0.20737329,0.0,0.23243247,0.2453704,0.7758621,0.0,0.7413794,0.91379315
1.0,1.0,0.0,0.2128713,0.6,0.22159092,0.12037037,0.9347826,0.06521738,0.8478261,0.5652174
1.0,1.0,0.0,0.2087912,0.5,0.21256037,0.17553191,0.7755102,0.12244897,0.8979592,0.6734694
1.0,1.0,0.0,0.15609756,1.0,0.20731708,0.11814346,0.7619048,0.35714284,0.8095238,0.6666667
1.0,1.0,0.0,0.18981482,0.39999998,0.17982456,0.16230364,0.8913044,0.04347826,0.8913044,0.67391306
1.0,1.0,0.0,0.16763005,0.16666666,0.14814815,0.14361703,0.8055556,0.027777776,0.7777778,0.75
1.0,1.0,0.0,0.17171718,0.44444442,0.13888888,0.172093,0.84999996,0.099999994,0.625,0.925
1.0,1.0,0.0,0.19444443,0.6875,0.2054054,0.16756755,0.93333334,0.24444446,0.8444444,0.68888885
1.0,1.0,0.0,0.21761657,0.7,0.21917808,0.24260356,0.75,0.125,0.85714287,0.7321428
1.0,1.0,0.0,0.18067229,0.6666667,0.17535545,0.21546963,0.7962963,0.11111111,0.6851852,0.72222227
1.0,1.0,0.0,0.17127073,0.5,0.1773399,0.17032968,0.775,0.099999994,0.9,0.775
1.0,1.0,0.0,0.17272727,0.5,0.18823528,0.10416668,0.95000005,0.14999999,0.8,0.5
1.0,1.0,0.0,0.29533675,0.84615386,0.22270742,0.21393032,0.95000005,0.18333335,0.84999996,0.7166667
1.0,1.0,0.0,0.20670393,0.8,0.16956522,0.15730338,0.8809524,0.09523808,0.9285714,0.6666667
1.0,1.0,0.0,0.27272725,0.57142854,0.19444443,0.24120604,0.91071427,0.071428575,0.75,0.85714287
1.0,1.0,0.0,0.28350517,0.52941173,0.22065727,0.21333334,0.9649123,0.15789475,0.8245614,0.5614035
1.0,1.0,0.0,0.23350254,0.8235294,0.2142857,0.20000002,0.82142854,0.25000003,0.75,0.83928573
1.0,1.0,0.0,0.20858894,0.8333334,0.14215687,0.14720812,0.8947368,0.13157895,0.7631579,0.7631579
1.0,1.0,0.0,0.19270833,0.75000006,0.17676769,0.13366336,0.84090906,0.13636364,0.7954546,0.6136364
1.0,1.0,0.0,0.1781609,0.25,0.16363636,0.12903225,0.93939394,0.060606066,0.8181818,0.7272727
1.0,1.0,0.0,0.21499999,0.85714287,0.1883408,0.19251338,0.8113208,0.11320756,0.7924528,0.6792453
1.0,1.0,0.0,0.2513661,0.6666667,0.2437811,0.18181819,0.8363636,0.10909091,0.8909091,0.72727275
1.0,1.0,0.0,0.18905473,0.6666667,0.18817204,0.13664597,0.95000005,0.15,0.875,0.54999995
1.0,1.0,0.0,0.31472078,0.6470588,0.2685185,0.18269229,0.93939394,0.16666667,0.8787878,0.57575756
1.0,1.0,0.0,0.23611112,0.0,0.21844661,0.18918918,0.9107143,0.0,0.80357146,0.62499994
1.0,1.0,0.0,0.16055046,0.375,0.16216215,0.15207374,0.8536585,0.07317074,0.8780488,0.80487806
1.0,1.0,0.0,0.18032788,0.0,0.17045455,0.0990099,0.94285715,0.0,0.85714287,0.57142854
1.0,1.0,0.0,0.23952097,0.85714287,0.14285715,0.18274114,0.90909094,0.13636364,0.65909094,0.8181818
1.0,1.0,0.0,0.1884058,0.42857143,0.21243525,0.14351851,0.82978725,0.06382979,0.87234044,0.65957445
1.0,1.0,0.0,0.17307693,0.88888896,0.22891568,0.13333333,0.8372092,0.18604651,0.88372093,0.6511628
1.0,1.0,0.0,0.16763006,0.5,0.14594595,0.12796208,0.90625006,0.09375,0.84375,0.84375
1.0,1.0,0.0,0.23428571,0.71428573,0.2027027,0.18181819,0.82,0.1,0.90000004,0.71999997
1.0,1.0,0.0,0.24561405,0.5,0.2544379,0.1690141,0.85714287,0.061224483,0.877551,0.7346939
1.0,1.0,0.0,0.23280425,0.78571427,0.21929826,0.192,0.72131145,0.18032785,0.8196721,0.78688526
1.0,1.0,0.0,0.16822429,0.75,0.22033897,0.19704436,0.7826087,0.13043477,0.84782606,0.8695652
1.0,1.0,0.0,0.25114155,0.5,0.21028037,0.19371729,0.9821428,0.125,0.80357146,0.6607143
1.0,1.0,0.0,0.22815533,0.71428573,0.24867725,0.20634921,0.8545455,0.090909086,0.8545455,0.70909095
1.0,1.0,0.0,0.2735426,0.5,0.27941176,0.18888889,0.93846154,0.046153843,0.87692314,0.52307695
1.0,1.0,0.0,0.29441625,1.0,0.23214287,0.20074348,0.86567163,0.044776123,0.7761194,0.8059702
1.0,1.0,0.0,0.26506025,0.6,0.20618556,0.15025906,0.8979592,0.12244897,0.8163265,0.5918367
1.0,1.0,0.0,0.24434388,0.5555556,0.22279793,0.2112676,0.9,0.083333336,0.71666664,0.75
1.0,1.0,0.0,0.21782178,0.5384615,0.22702701,0.16949154,0.86274505,0.1372549,0.82352936,0.78431374
1.0,1.0,0.0,0.15196078,0.46153843,0.1701031,0.10294117,0.88571435,0.17142858,0.94285715,0.59999996
1.0,1.0,0.0,0.21531099,0.0,0.18264839,0.15075377,0.9375,0.0,0.8333333,0.625
1.0,1.0,0.0,0.22797927,0.75,0.21511628,0.15668201,0.95652175,0.06521739,0.8043478,0.7391304
1.0,1.0,0.0,0.18324608,0.7,0.14285713,0.16847827,0.89743596,0.17948718,0.6666666,0.7948718
1.0,1.0,0.0,0.18357489,0.42857143,0.19254659,0.17142858,0.95000005,0.074999996,0.775,0.74999994
1.0,1.0,0.0,0.23563218,0.5,0.2009804,0.19251338,0.82,0.04,0.82000005,0.71999997
1.0,1.0,0.0,0.23979591,0.5384615,0.21538462,0.14795919,0.94,0.14,0.84000003,0.58
1.0,1.0,0.0,0.24752475,0.57142854,0.19999999,0.2,0.92592597,0.074074075,0.8518518,0.7962963
1.0,1.0,0.0,0.19711539,0.87500006,0.20560747,0.12676056,0.8913044,0.1521739,0.95652175,0.5869565
1.0,1.0,0.0,0.18181817,0.90909094,0.15204677,0.19576718,0.79999995,0.22222221,0.57777774,0.82222223
1.0,1.0,0.0,0.25688073,0.7272727,0.22959185,0.19047618,0.9032258,0.12903225,0.7258065,0.64516133
1.0,1.0,0.0,0.26020408,0.29999998,0.27722773,0.22549018,0.84999996,0.049999997,0.93333334,0.76666665
1.0,1.0,0.0,0.27804875,0.59999996,0.25714284,0.2393617,0.890625,0.046875004,0.84375,0.70312506
1.0,1.0,0.0,0.22872342,0.6,0.17521368,0.21393034,0.8113207,0.05660377,0.7735849,0.8113208
1.0,1.0,0.0,0.21030043,0.6666667,0.18556699,0.20560747,0.9607843,0.078431375,0.7058824,0.86274505
1.0,1.0,0.0,0.19402987,1.0,0.2011173,0.14583334,0.8863636,0.13636363,0.8181818,0.6363636
1.0,1.0,0.0,0.15025908,0.8,0.13432837,0.11494253,0.82857144,0.1142857,0.7714286,0.57142854
1.0,1.0,0.0,0.30593607,0.75,0.3198198,0.24152543,0.85897434,0.07692307,0.9102564,0.7307693
1.0,0.9787234,2.6638253E-4,0.19902913,0.75,0.18396229,0.2125604,0.87234044,0.06382978,0.82978725,0.9361702
1.0,1.0,0.0,0.26530614,0.6666666,0.22916666,0.22926828,0.8965517,0.103448264,0.7586207,0.8103448
1.0,1.0,0.0,0.31862745,0.85714287,0.3316062,0.25490198,0.8783784,0.08108108,0.8648649,0.7027027
1.0,1.0,0.0,0.16949153,0.5,0.13227513,0.14084508,0.7894737,0.05263158,0.65789473,0.7894737
1.0,1.0,0.0,0.22751322,0.7777778,0.21717171,0.17961165,0.8113208,0.13207546,0.8113208,0.6981132
1.0,1.0,0.0,0.2,0.85714287,0.19339623,0.18918921,0.8039215,0.11764705,0.8039216,0.6862745
1.0,1.0,0.0,0.1834061,0.0,0.20786515,0.20108694,0.84,0.0,0.74,0.74
1.0,1.0,0.0,0.1878453,0.3846154,0.14213197,0.13942307,0.9714285,0.14285712,0.79999995,0.82857144
1.0,1.0,0.0,0.17391305,0.6666667,0.14880952,0.100961536,0.8484849,0.06060606,0.75757575,0.6363636
1.0,1.0,0.0,0.35036498,0.57142854,0.2602041,0.15492958,0.8727272,0.07272727,0.92727274,0.6
1.0,1.0,0.0,0.17368421,0.27272725,0.2054054,0.1764706,0.75,0.06818181,0.8636364,0.75
1.0,1.0,0.0,0.1497006,0.2,0.15094338,0.17931034,0.6944444,0.055555552,0.88888896,0.7222222
1.0,1.0,0.0,0.2200957,0.84615386,0.19282511,0.14572862,0.91999996,0.22,0.85999995,0.58
1.0,1.0,0.0,0.16243656,0.14285713,0.16748768,0.15920398,0.7619047,0.02380952,0.8095238,0.7619048
1.0,1.0,0.0,0.19148935,0.5555556,0.18229166,0.15555556,0.9230769,0.12820514,0.89743584,0.7179487
1.0,1.0,0.0,0.16517855,0.44444442,0.20105821,0.19473687,0.8604651,0.093023255,0.88372093,0.8604651
1.0,1.0,0.0,0.16836736,0.75,0.19270833,0.18181817,0.75,0.06818181,0.84090906,0.8636364
1.0,1.0,0.0,0.18721461,0.6666667,0.16923077,0.20903955,0.8913044,0.086956516,0.71739125,0.8043478
1.0,1.0,0.0,0.1875,0.8,0.15897436,0.12883435,0.94285715,0.1142857,0.88571423,0.59999996
1.0,1.0,0.0,0.33532935,0.5,0.25821596,0.22613066,0.86153847,0.06153846,0.8461538,0.6923077
1.0,1.0,0.0,0.21052632,0.57142854,0.21585903,0.21463415,0.8148148,0.074074075,0.9074074,0.8148148
1.0,1.0,0.0,0.27567568,0.42857143,0.18260868,0.18686868,0.9622642,0.056603774,0.7924528,0.6981132
1.0,1.0,0.0,0.1497006,0.5,0.119402975,0.10243903,0.89285713,0.10714285,0.85714287,0.75
1.0,1.0,0.0,0.18918918,0.6,0.1967213,0.15384614,0.8139535,0.13953488,0.8372092,0.6511628
1.0,1.0,0.0,0.34666666,0.6470588,0.28346455,0.31904763,0.8666667,0.12222222,0.8,0.74444443
1.0,1.0,0.0,0.22897197,1.0,0.17226891,0.19138755,0.9607843,0.11764705,0.8039215,0.78431374
1.0,1.0,0.0,0.2742857,0.5833333,0.22330095,0.1407767,0.96000004,0.13999999,0.91999996,0.58
1.0,1.0,0.0,0.20111732,0.0,0.2128713,0.17553191,0.8,0.0,0.95555556,0.7333333
1.0,1.0,0.0,0.19277109,0.42857143,0.2254902,0.17934783,0.8888889,0.11111111,0.8518519,0.6111111
1.0,1.0,0.0,0.30150756,0.2307692,0.29381442,0.19266057,0.9230769,0.046153843,0.8769231,0.64615387
1.0,1.0,0.0,0.17475727,0.33333334,0.15662651,0.12953366,1.0,0.027777776,0.7222222,0.6944445
1.0,1.0,0.0,0.18775511,0.85714287,0.19999999,0.20183486,0.75409836,0.09836065,0.77049184,0.72131145
1.0,1.0,0.0,0.24651162,0.45454547,0.2631579,0.22404373,0.9137931,0.086206906,0.86206895,0.70689654
1.0,1.0,0.0,0.28078818,0.85714287,0.21544716,0.23529413,0.95000005,0.1,0.8833334,0.7333333
1.0,1.0,0.0,0.23684211,1.0,0.1792453,0.17204301,0.9574468,0.06382979,0.80851066,0.6808511
1.0,1.0,0.0,0.1972477,0.49999997,0.19680852,0.15499999,0.9347826,0.10869565,0.8043478,0.67391306
1.0,1.0,0.0,0.17777777,0.5555556,0.14285713,0.10937499,0.88888896,0.1388889,0.8333333,0.5833334
1.0,1.0,0.0,0.23391813,0.3076923,0.22222222,0.21965316,0.8,0.08,0.8,0.76
1.0,1.0,0.0,0.14354067,0.6666667,0.15686275,0.118811876,0.9090909,0.06060606,0.72727275,0.7272727
1.0,1.0,0.0,0.234375,0.39999998,0.20571432,0.16190477,1.0,0.04444444,0.8000001,0.75555557
1.0,1.0,0.0,0.18226601,0.5,0.1862745,0.1861702,0.8043478,0.021739129,0.82608694,0.76086956
1.0,1.0,0.0,0.18435754,0.5,0.18681319,0.1443299,0.78571427,0.09523808,0.8095238,0.6666667
1.0,1.0,0.0,0.21105528,0.42857143,0.18905473,0.13478261,0.875,0.0625,0.7916667,0.6458333
1.0,1.0,0.0,0.25268817,0.5,0.18695654,0.22058824,0.7966102,0.10169492,0.7288136,0.7627119
1.0,1.0,0.0,0.22885571,0.57142854,0.22162162,0.19500001,0.97872335,0.08510639,0.87234044,0.82978725
1.0,1.0,0.0,0.19075145,0.75,0.13761468,0.15816325,0.825,0.075,0.75,0.77500004
1.0,1.0,0.0,0.16483517,0.6363636,0.1897436,0.16509435,0.6818182,0.1590909,0.8409091,0.79545456
1.0,1.0,0.0,0.20103094,1.0,0.20329669,0.122641504,0.82978725,0.08510637,0.78723407,0.5531915
1.0,1.0,0.0,0.19999999,1.0,0.19704433,0.13846153,0.8666667,0.044444446,0.8888889,0.6
1.0,1.0,0.0,0.22065729,0.2,0.24736843,0.28313255,0.8103448,0.017241377,0.8103448,0.8103448
1.0,1.0,0.0,0.18749999,0.6666667,0.1871345,0.15151513,0.90697676,0.093023255,0.74418604,0.6976744
1.0,1.0,0.0,0.18181817,0.5,0.16216218,0.16019417,0.7804878,0.097560965,0.73170733,0.80487806
1.0,1.0,0.0,0.21495326,0.6666667,0.19565219,0.16738197,0.91999996,0.04,0.90000004,0.78000003
1.0,0.984375,2.6759433E-4,0.25581396,0.25,0.24019608,0.21505375,0.859375,0.015624998,0.765625,0.625
1.0,1.0,0.0,0.25,1.0,0.27472526,0.2216981,0.91525424,0.08474577,0.8474576,0.7966102
1.0,1.0,0.0,0.17934783,0.6666667,0.18079095,0.13529412,0.84615386,0.2051282,0.8205128,0.5897436
1.0,1.0,0.0,0.22751322,0.5384615,0.2,0.15929203,0.877551,0.14285715,0.71428573,0.7346939
1.0,1.0,0.0,0.23404254,0.5333333,0.21304347,0.20183484,0.8730159,0.12698413,0.77777773,0.69841266
1.0,0.98148143,2.6688015E-4,0.21100917,0.6666667,0.20379145,0.17910449,0.8518519,0.11111112,0.7962963,0.6666667
1.0,1.0,0.0,0.18478262,0.75,0.18048781,0.2113402,0.7234043,0.12765957,0.78723407,0.87234044
1.0,0.9830508,2.6723678E-4,0.22448978,0.7,0.27807486,0.21428572,0.7457627,0.118644066,0.88135594,0.7627119
1.0,1.0,0.0,0.22959185,0.5,0.19889502,0.1911111,0.9183674,0.12244899,0.7346938,0.877551
1.0,1.0,0.0,0.25615764,0.7777778,0.21145374,0.20361991,0.88135594,0.11864406,0.8135593,0.7627119
1.0,1.0,0.0,0.17307693,0.39999998,0.19662921,0.14705883,0.85714287,0.047619045,0.8333334,0.8333334
1.0,1.0,0.0,0.25454545,0.5555556,0.21890546,0.20547944,0.9491525,0.084745765,0.7457627,0.7627118
1.0,1.0,0.0,0.24623117,0.5,0.24786325,0.20833333,0.7903226,0.016129032,0.9354839,0.7258065
1.0,1.0,0.0,0.17840375,0.5,0.15879829,0.15300547,0.88372093,0.18604651,0.8604651,0.6511628
1.0,1.0,0.0,0.3105263,0.6363636,0.28888887,0.2596154,0.8939394,0.10606061,0.78787875,0.8181818
1.0,0.9827586,2.6716536E-4,0.2901554,0.42857143,0.20704845,0.20207253,0.9655173,0.05172414,0.8103448,0.67241377
1.0,1.0,0.0,0.19230767,0.71428573,0.25,0.21052632,0.72727275,0.09090911,0.8909091,0.8
1.0,1.0,0.0,0.20398009,0.5,0.22680412,0.15760869,0.87234044,0.04255319,0.9361702,0.61702126
1.0,1.0,0.0,0.23036648,0.625,0.20207253,0.12612613,0.8979592,0.10204081,0.7959184,0.5714286
1.0,1.0,0.0,0.209607,0.16666666,0.2768362,0.17105262,0.85714287,0.01785714,0.87500006,0.69642854
1.0,1.0,0.0,0.24242425,0.7272727,0.21198156,0.20754717,0.8727273,0.14545453,0.8363636,0.8
1.0,1.0,0.0,0.2102564,0.6363636,0.22772276,0.14893617,0.82,0.14,0.91999996,0.7
1.0,1.0,0.0,0.16017316,0.6666666,0.22222221,0.15300547,0.8604651,0.13953488,0.83720934,0.6511628
1.0,1.0,0.0,0.19900498,0.39999998,0.1476793,0.12765957,0.95238096,0.04761905,0.83333325,0.5714286
1.0,1.0,0.0,0.21319798,0.8333334,0.2142857,0.15789472,0.91304344,0.10869565,0.9130435,0.7826087
1.0,1.0,0.0,0.30392158,1.0,0.24596773,0.17948717,0.92537314,0.13432835,0.9104478,0.52238804
1.0,1.0,0.0,0.1830986,0.25,0.15246637,0.1928934,0.8863637,0.02272727,0.7727273,0.8636364
1.0,1.0,0.0,0.1919643,0.25,0.19576722,0.18681319,0.91489357,0.04255319,0.78723407,0.7234042
1.0,1.0,0.0,0.21578947,1.0,0.1827957,0.15656564,0.9318182,0.090909086,0.7727273,0.7045454
1.0,1.0,0.0,0.2628866,0.6,0.21354169,0.17117117,0.8793103,0.103448264,0.70689654,0.6551724
1.0,1.0,0.0,0.15865384,0.33333334,0.1837838,0.17894737,0.8684211,0.05263158,0.8947369,0.8947369
1.0,1.0,0.0,0.26455027,0.2,0.20940171,0.26737967,0.86206895,0.03448276,0.8448276,0.86206895
1.0,1.0,0.0,0.26347306,0.74999994,0.2047619,0.14666666,0.8979592,0.18367346,0.877551,0.6734694
1.0,1.0,0.0,0.14102563,0.39999998,0.11848341,0.14136125,0.6875,0.125,0.78125006,0.84375
1.0,1.0,0.0,0.172093,0.57142854,0.18589742,0.17085426,0.8809524,0.1904762,0.6904762,0.8095238
1.0,1.0,0.0,0.25862068,1.0,0.19047618,0.15865383,0.9574468,0.21276596,0.85106385,0.70212764
1.0,1.0,0.0,0.25675675,0.6,0.26886794,0.18779343,0.90476197,0.14285715,0.9047619,0.63492066
1.0,1.0,0.0,0.155,0.33333334,0.15183246,0.13300493,0.88571423,0.1142857,0.82857144,0.7714285
1.0,1.0,0.0,0.14361702,0.75000006,0.114999995,0.11956522,0.87096775,0.19354838,0.74193555,0.7096774
1.0,1.0,0.0,0.19266056,0.5454545,0.2010582,0.15053762,0.89361703,0.12765957,0.80851066,0.59574467
1.0,1.0,0.0,0.21028037,0.2,0.20085472,0.18085107,0.8653846,0.019230768,0.90384614,0.65384614
1.0,1.0,0.0,0.25698322,0.88888896,0.21319798,0.20855616,0.9019608,0.15686275,0.8235294,0.76470584
1.0,1.0,0.0,0.25,0.625,0.20812182,0.15025908,0.9387755,0.102040805,0.8367347,0.59183675
1.0,1.0,0.0,0.29411766,0.8,0.23671497,0.23888889,0.90163934,0.13114755,0.8032787,0.7049181
1.0,1.0,0.0,0.14754099,0.2,0.12442395,0.125,0.8709678,0.032258064,0.8709678,0.70967746
1.0,1.0,0.0,0.20786518,0.33333334,0.16346155,0.13684212,0.925,0.049999997,0.84999996,0.65000004
1.0,1.0,0.0,0.23913044,1.0,0.22702703,0.17948717,0.88,0.08,0.84000003,0.7
1.0,1.0,0.0,0.18134712,0.8,0.11392404,0.16836736,0.92105263,0.10526316,0.7105263,0.8684211
1.0,1.0,0.0,0.2927928,1.0,0.25454545,0.23744293,0.92857146,0.071428575,0.8,0.74285716
1.0,1.0,0.0,0.24545456,1.0,0.28019324,0.21171172,0.84375006,0.10937499,0.90625,0.734375
1.0,1.0,0.0,0.18617022,0.85714287,0.15789475,0.14361702,0.89743596,0.15384614,0.7692308,0.6923077
1.0,0.9729729,2.656748E-4,0.160221,0.45454547,0.17714284,0.13917525,0.7837838,0.13513514,0.8378378,0.7297297
1.0,1.0,0.0,0.2,0.46153843,0.19318181,0.15226336,0.95555556,0.13333334,0.75555557,0.82222223
1.0,1.0,0.0,0.22897197,0.71428573,0.20689654,0.23280422,0.8909091,0.09090909,0.6545455,0.8
1.0,1.0,0.0,0.29850748,0.5555556,0.2962963,0.16949153,0.952381,0.079365075,0.88888884,0.63492066
1.0,1.0,0.0,0.19711539,0.8666667,0.17204301,0.19512196,0.8541667,0.2708333,0.6666667,0.8333334
1.0,1.0,0.0,0.30487806,0.5,0.24537039,0.26666665,0.8196721,0.032786883,0.86885244,0.7868852
1.0,1.0,0.0,0.23404256,0.39999998,0.199005,0.17910448,0.88,0.08,0.8,0.71999997
1.0,1.0,0.0,0.18396227,0.2,0.18888889,0.15300547,0.9285714,0.023809522,0.8095238,0.6666667
1.0,1.0,0.0,0.285,0.8181818,0.18584071,0.17351598,0.9661017,0.15254237,0.7118644,0.6440678
1.0,1.0,0.0,0.20618555,0.36363634,0.15837103,0.20224717,0.8888889,0.0888889,0.7777778,0.79999995
1.0,1.0,0.0,0.33760685,0.8823529,0.3105023,0.27,0.96341467,0.18292683,0.82926834,0.65853655
1.0,1.0,0.0,0.2385787,0.44444442,0.19402987,0.17741935,0.8867924,0.07547169,0.7358491,0.6226415
1.0,1.0,0.0,0.2821577,1.0,0.21585903,0.29577464,0.9189189,0.081081085,0.6621622,0.8513513
1.0,1.0,0.0,0.15352696,0.5263158,0.20994475,0.1376147,0.78723407,0.21276598,0.8085106,0.6382979
1.0,1.0,0.0,0.2113402,0.5,0.2054054,0.1573604,0.91111106,0.044444446,0.8444444,0.6888889
1.0,1.0,0.0,0.24873094,0.8,0.22277229,0.19266056,0.8596491,0.14035088,0.78947365,0.7368421
1.0,1.0,0.0,0.23913044,0.25,0.1838565,0.15981735,0.8979592,0.020408163,0.8367347,0.71428573
1.0,1.0,0.0,0.23163842,0.42857143,0.20574161,0.14835165,0.91111106,0.06666667,0.95555556,0.6
1.0,1.0,0.0,0.28282827,0.8125,0.23529412,0.15094341,0.9824561,0.22807017,0.91228074,0.5614036
1.0,1.0,0.0,0.18974356,0.44444442,0.19,0.12499999,0.90243906,0.09756098,0.9268293,0.63414633
1.0,1.0,0.0,0.25531915,0.6666666,0.22222222,0.19270833,0.8888889,0.11111111,0.7407407,0.6851852
1.0,1.0,0.0,0.27667984,1.0,0.3018018,0.23043479,0.92105263,0.05263158,0.881579,0.69736844
1.0,1.0,0.0,0.19409283,1.0,0.1767442,0.12371133,0.9787234,0.14893617,0.80851066,0.5106383
1.0,1.0,0.0,0.21243525,0.6,0.16444445,0.19886366,0.91111106,0.06666667,0.82222223,0.7777778
1.0,1.0,0.0,0.21827413,0.11111112,0.23076923,0.1788991,0.8269231,0.019230768,0.74999994,0.75000006
0.98181814,1.0,0.0,0.25980392,1.0,0.1627907,0.19902913,0.98148143,0.14814813,0.6481482,0.7592592
1.0,1.0,0.0,0.2881356,0.7777778,0.21105528,0.17156863,0.9444444,0.12962961,0.7777778,0.6481482
1.0,1.0,0.0,0.21698114,0.625,0.23809522,0.26063833,0.76666665,0.08333332,0.8333334,0.81666666
1.0,1.0,0.0,0.19500001,0.42857143,0.23428571,0.14814815,0.82978725,0.06382979,0.87234044,0.6808511
1.0,1.0,0.0,0.23350255,0.57142854,0.25130892,0.20652172,0.8679245,0.0754717,0.9056604,0.7169812
1.0,1.0,0.0,0.23121387,0.625,0.17575759,0.16853932,0.9302325,0.23255816,0.6744186,0.69767445
1.0,1.0,0.0,0.26415095,0.22222221,0.1563981,0.2,0.89361703,0.08510639,0.70212764,0.7659575
1.0,1.0,0.0,0.26086956,1.0,0.22335026,0.19736841,0.8709678,0.08064516,0.7096774,0.7258065
1.0,1.0,0.0,0.22413793,1.0,0.20526317,0.1688889,0.8125,0.062499996,0.81250006,0.7916667
1.0,1.0,0.0,0.16167665,0.5,0.14948453,0.18023255,0.7297298,0.08108108,0.7837838,0.8378378
1.0,1.0,0.0,0.19662921,1.0,0.14761904,0.12631579,0.945946,0.16216217,0.8378378,0.6486487
1.0,1.0,0.0,0.23204422,0.19999999,0.18644068,0.1761658,0.91304344,0.06521739,0.7173913,0.73913044
1.0,1.0,0.0,0.22346368,0.4705882,0.1935484,0.18303572,0.8333333,0.16666667,0.75000006,0.8541667
0.9756097,1.0,0.0,0.16216217,0.25,0.16499999,0.15763545,0.74999994,0.024999999,0.825,0.8
1.0,1.0,0.0,0.20833333,0.28571427,0.14917128,0.15675677,0.945946,0.054054055,0.7297298,0.7837838
1.0,1.0,0.0,0.21000001,0.57142854,0.23529412,0.1981982,0.7777778,0.14814813,0.8148148,0.8148148
1.0,1.0,0.0,0.16564417,1.0,0.12972973,0.122641504,0.8709678,0.06451613,0.7741936,0.83870965
1.0,1.0,0.0,0.14450866,0.71428573,0.11167513,0.13829787,0.86206895,0.17241378,0.7586207,0.8965517
1.0,1.0,0.0,0.25345623,0.90909094,0.21164022,0.16033755,0.94827586,0.1724138,0.6896552,0.6551724
1.0,1.0,0.0,0.2216495,1.0,0.25730994,0.16256157,0.8958334,0.041666664,0.9166667,0.6875
1.0,1.0,0.0,0.16097562,0.87500006,0.14285715,0.15981735,0.8684211,0.18421054,0.73684216,0.92105263
1.0,1.0,0.0,0.21461187,0.57894737,0.1782178,0.16593887,0.9215686,0.21568626,0.7058824,0.745098
1.0,1.0,0.0,0.17142858,0.8333334,0.13658537,0.11336033,0.9729729,0.13513513,0.7567568,0.7567567
1.0,1.0,0.0,0.19918697,0.88888896,0.24731183,0.16666666,0.9423077,0.15384616,0.88461536,0.6153846
1.0,1.0,0.0,0.19000001,0.75,0.1952381,0.20571429,0.76,0.05999999,0.82000005,0.71999997
1.0,1.0,0.0,0.24413146,0.6153846,0.26984128,0.19024391,0.91228074,0.14035088,0.8947368,0.6842105
1.0,1.0,0.0,0.21925135,1.0,0.22500001,0.17391305,0.8039216,0.11764705,0.70588243,0.78431374
1.0,1.0,0.0,0.21243525,0.85714287,0.19500001,0.18932039,0.8039216,0.11764706,0.76470584,0.76470584
1.0,1.0,0.0,0.20952381,0.6666667,0.24489795,0.22119816,0.72131145,0.06557377,0.78688526,0.78688526
1.0,1.0,0.0,0.20454545,0.6,0.1648936,0.14832537,0.8780488,0.07317073,0.75609756,0.7560976
1.0,1.0,0.0,0.25730994,1.0,0.22058824,0.20786515,0.8979592,0.020408163,0.9183674,0.75510204
1.0,1.0,0.0,0.16806723,0.39999998,0.18686868,0.15846995,0.90909094,0.090909086,0.84090906,0.65909094
1.0,1.0,0.0,0.21800947,0.8,0.17021276,0.116504855,0.9387755,0.1632653,0.8163265,0.48979595
1.0,1.0,0.0,0.18009478,0.6,0.16517855,0.09090909,0.95000005,0.075,0.925,0.5
1.0,1.0,0.0,0.1641791,0.5,0.15,0.13658537,0.825,0.05,0.675,0.7
1.0,1.0,0.0,0.20253164,1.0,0.1893491,0.15151516,0.8648649,0.13513514,0.8648649,0.81081086
1.0,1.0,0.0,0.18396227,0.45454544,0.21556884,0.17535543,0.8863636,0.11363636,0.8181818,0.84090906
1.0,1.0,0.0,0.21319796,0.8333334,0.21875,0.2,0.8571428,0.10204082,0.8571428,0.7755102
1.0,1.0,0.0,0.29661018,0.625,0.31553397,0.24242425,0.89743596,0.12820514,0.8333333,0.61538464
1.0,1.0,0.0,0.17171718,0.57142854,0.20320855,0.15425532,0.8717949,0.1025641,0.9743589,0.74358976
1.0,1.0,0.0,0.21862349,0.8181818,0.24257424,0.23958331,0.9310345,0.15517241,0.8448276,0.7931034
1.0,1.0,0.0,0.26865673,0.6666667,0.19889502,0.26344085,0.91525424,0.10169492,0.6101695,0.8305085
1.0,1.0,0.0,0.1883408,0.625,0.20289855,0.17703348,0.89361703,0.10638299,0.89361703,0.78723407
1.0,1.0,0.0,0.15525115,0.39999998,0.14925373,0.13170731,0.8947369,0.10526316,0.7894737,0.71052635
1.0,1.0,0.0,0.25433525,0.6,0.20297031,0.15697674,0.9361702,0.19148937,0.87234044,0.5744681
1.0,1.0,0.0,0.23831777,0.5,0.24257424,0.20588234,0.92727274,0.07272727,0.8909091,0.7636363
1.0,1.0,0.0,0.16847827,0.22222221,0.20765027,0.17112298,0.7209302,0.046511628,0.88372093,0.74418604
1.0,1.0,0.0,0.2085308,0.57142854,0.20526317,0.1884058,0.88,0.08,0.78000003,0.78000003
1.0,1.0,0.0,0.23626372,0.6666667,0.23232321,0.17741935,0.86,0.04,0.92,0.65999997
1.0,1.0,0.0,0.22807017,0.88888896,0.18779343,0.17757009,0.7358491,0.15094338,0.75471693,0.7169812
1.0,1.0,0.0,0.19090912,0.59999996,0.20207253,0.18274112,0.84000003,0.12,0.78000003,0.71999997
1.0,1.0,0.0,0.25510204,1.0,0.25123155,0.2027027,0.877193,0.0877193,0.8947368,0.78947365
1.0,1.0,0.0,0.26966292,0.88888896,0.19248825,0.18556699,0.92307687,0.15384614,0.7884615,0.6923077
1.0,1.0,0.0,0.18421052,0.39999998,0.15652174,0.15337422,0.8536585,0.048780486,0.8780488,0.6097561
1.0,0.9782608,2.6631157E-4,0.19473684,0.8333333,0.21978022,0.18716578,0.8043479,0.10869565,0.8695652,0.76086956
1.0,1.0,0.0,0.26923078,0.5,0.2559242,0.2,0.90322584,0.03225806,0.8709677,0.64516133
1.0,1.0,0.0,0.2074468,0.57142854,0.17560975,0.13656388,0.8666667,0.08888888,0.8,0.6888889
1.0,1.0,0.0,0.18181819,0.44444442,0.19270836,0.17877096,0.9777778,0.08888888,0.82222223,0.7111111
1.0,1.0,0.0,0.18181817,0.5,0.18181819,0.18090452,0.79999995,0.08888888,0.8888889,0.8
1.0,1.0,0.0,0.20224719,0.18181817,0.17857143,0.1861702,0.7659575,0.04255319,0.7446808,0.7446808
1.0,1.0,0.0,0.27748692,0.6666667,0.21198156,0.17874396,0.9137931,0.03448276,0.79310346,0.63793105
1.0,1.0,0.0,0.26804125,0.75,0.21962616,0.2227488,0.83870965,0.1451613,0.7580645,0.7580645
1.0,1.0,0.0,0.22748816,0.3333333,0.23684211,0.16591929,0.8888889,0.055555552,0.8333333,0.68518525
1.0,1.0,0.0,0.1967213,0.6666667,0.21468928,0.14999999,0.8181818,0.090909086,0.8636364,0.6818182
1.0,1.0,0.0,0.2228261,1.0,0.17073171,0.18181819,0.87234044,0.19148937,0.89361703,0.68085104
1.0,1.0,0.0,0.14999999,0.0,0.1460674,0.10989012,0.9310345,0.0,0.8965517,0.6896552
1.0,1.0,0.0,0.24120604,0.18181817,0.20207253,0.1517857,0.96000004,0.04,0.78,0.68
1.0,1.0,0.0,0.2604167,0.625,0.24848486,0.20512821,0.89285713,0.17857143,0.73214287,0.71428573
1.0,1.0,0.0,0.16759776,0.78571427,0.15846995,0.13513513,0.7894737,0.28947368,0.7631579,0.65789473
1.0,1.0,0.0,0.24175823,1.0,0.2200957,0.13733906,0.8301887,0.20754717,0.8679246,0.6037736
0.9743589,1.0,0.0,0.18644068,0.2,0.2,0.19512194,0.8684211,0.02631579,0.94736844,0.84210527
1.0,1.0,0.0,0.21499999,0.6666666,0.1637168,0.14864865,0.8958333,0.20833336,0.7708333,0.6875
1.0,1.0,0.0,0.31632656,0.6363636,0.24336283,0.16585366,0.939394,0.10606061,0.8333333,0.51515156
1.0,1.0,0.0,0.19248827,0.5,0.16981131,0.16756755,0.9111112,0.08888888,0.79999995,0.68888885
1.0,1.0,0.0,0.20388348,0.33333334,0.24338624,0.2204301,0.84,0.04,0.91999996,0.82
1.0,1.0,0.0,0.1779661,0.6666667,0.18681319,0.17708333,0.9130435,0.08695652,0.73913044,0.73913044
1.0,1.0,0.0,0.1989796,0.5,0.18942732,0.18483412,0.7959184,0.020408163,0.877551,0.7959184
1.0,1.0,0.0,0.22943723,0.71428573,0.21428572,0.20940171,0.89830506,0.08474576,0.7118644,0.8305085
1.0,1.0,0.0,0.16574585,0.375,0.1590909,0.15183246,0.8823529,0.0882353,0.8235294,0.85294116
0.9827586,1.0,0.0,0.20772946,0.5,0.2802198,0.24137932,0.75438595,0.08771931,0.8947368,0.7368421
1.0,1.0,0.0,0.19075145,0.0,0.13989638,0.17368421,0.84615386,0.0,0.6923077,0.84615386
1.0,1.0,0.0,0.19736843,0.5,0.1617647,0.17061609,0.9183674,0.020408163,0.6734694,0.7346938
1.0,1.0,0.0,0.21666667,0.6363636,0.1919192,0.13333333,0.90697676,0.16279069,0.88372093,0.60465115
1.0,1.0,0.0,0.20207253,0.5,0.18333332,0.14583334,0.95121956,0.14634146,0.80487806,0.6829268
1.0,1.0,0.0,0.20779221,0.64285713,0.24444444,0.1574074,0.92307687,0.17307693,0.84615386,0.65384614
1.0,1.0,0.0,0.16111112,1.0,0.1633987,0.140625,0.8529412,0.17647058,0.7352941,0.79411757
1.0,1.0,0.0,0.24120604,0.7777778,0.22885571,0.17258884,0.9230769,0.13461538,0.88461536,0.65384614
1.0,1.0,0.0,0.18592966,0.39999998,0.21348314,0.19148937,0.8604651,0.093023255,0.88372093,0.83720934
1.0,1.0,0.0,0.28070176,0.29999998,0.20312501,0.2,0.9411765,0.058823526,0.76470584,0.8235294
1.0,1.0,0.0,0.23300971,0.41666666,0.19178082,0.16203703,0.96000004,0.099999994,0.84000003,0.7
1.0,1.0,0.0,0.29017857,0.42857143,0.27522936,0.22374427,0.9701492,0.08955223,0.89552236,0.73134327
1.0,1.0,0.0,0.19526626,0.29999998,0.19473685,0.19306931,0.78571427,0.071428575,0.8809524,0.9285714
1.0,1.0,0.0,0.2112676,1.0,0.20560747,0.18636364,0.80357146,0.17857143,0.78571427,0.7321428
1.0,1.0,0.0,0.16964285,0.85714287,0.2880435,0.21463415,0.6551724,0.10344827,0.9137931,0.7586207
1.0,1.0,0.0,0.26666668,0.5,0.28643215,0.2295082,0.9090909,0.06060606,0.8636364,0.6363636
1.0,1.0,0.0,0.20103092,0.5833333,0.20487805,0.19587629,0.78,0.14,0.84,0.76
1.0,1.0,0.0,0.23181818,0.8333334,0.21319796,0.16363637,1.0,0.19607843,0.82352936,0.7058823
1.0,1.0,0.0,0.22981367,0.57142854,0.20994475,0.18932037,0.82222223,0.08888888,0.84444445,0.8666667
1.0,1.0,0.0,0.20873788,0.29999998,0.2047619,0.21568628,0.84313726,0.058823526,0.84313726,0.8627451
1.0,1.0,0.0,0.27230045,0.5,0.22972973,0.2731959,0.8656717,0.07462688,0.761194,0.7910448
1.0,1.0,0.0,0.18799998,0.0,0.20833333,0.17592593,1.0,0.0,0.85106385,0.8085106
1.0,1.0,0.0,0.18421051,1.0,0.1372549,0.1122449,0.945946,0.10810811,0.7567567,0.5945946
1.0,1.0,0.0,0.19999999,0.5555556,0.20353982,0.20379145,0.8035714,0.089285724,0.82142854,0.76785713
1.0,1.0,0.0,0.21962616,0.85714287,0.19689117,0.16908212,0.9591837,0.12244897,0.7755102,0.71428573
1.0,1.0,0.0,0.30487806,0.8333334,0.25974026,0.18716578,0.8064516,0.16129033,0.9677419,0.5645161
1.0,1.0,0.0,0.24999999,0.71428573,0.19512194,0.18636364,0.8363636,0.09090909,0.7272727,0.74545455
1.0,1.0,0.0,0.19117646,0.7777778,0.1843318,0.2202381,0.8125,0.14583333,0.8333334,0.7708333
1.0,1.0,0.0,0.18592966,1.0,0.16577539,0.17610064,0.902439,0.07317073,0.75609756,0.68292683
1.0,1.0,0.0,0.15789473,0.35714284,0.17961164,0.12663756,0.7105263,0.13157894,0.9736842,0.7631579
1.0,1.0,0.0,0.28176796,0.88888896,0.21827413,0.2284264,0.8947368,0.14035086,0.75438595,0.78947365
1.0,1.0,0.0,0.26,0.33333334,0.27860698,0.20772949,0.8666667,0.05,0.93333334,0.71666664
1.0,1.0,0.0,0.19607843,0.8333334,0.18181817,0.18390805,0.90909094,0.22727273,0.7272727,0.7272727
1.0,1.0,0.0,0.19780219,0.7272727,0.18483412,0.17857143,0.83720934,0.1860465,0.90697676,0.5813954
1.0,1.0,0.0,0.24637683,0.33333334,0.23923445,0.22164948,0.8793103,0.017241377,0.86206895,0.7413793
1.0,1.0,0.0,0.16504854,0.75000006,0.16304348,0.13592233,0.9189189,0.081081085,0.81081086,0.7567567
1.0,1.0,0.0,0.2419355,0.8,0.24669603,0.20388351,0.93750006,0.125,0.87500006,0.65625
1.0,1.0,0.0,0.13106795,0.6,0.11764706,0.14572865,0.8181818,0.090909086,0.7878788,0.8787879
1.0,1.0,0.0,0.28497407,0.8,0.26404494,0.16190477,0.9821428,0.07142857,0.8392857,0.60714287
1.0,1.0,0.0,0.24226803,0.3846154,0.22222222,0.17525773,0.8867924,0.094339624,0.9056604,0.6415095
1.0,1.0,0.0,0.23880598,0.6666666,0.20994475,0.120930225,1.0,0.12499999,0.7916667,0.5416667
1.0,1.0,0.0,0.2366864,0.41666666,0.17488791,0.16753925,0.9090909,0.11363636,0.8863636,0.7272727
1.0,1.0,0.0,0.21917807,0.7,0.21761659,0.16874999,0.96000004,0.14,0.84000003,0.53999996
1.0,1.0,0.0,0.23076923,0.625,0.1881188,0.18499999,0.8571428,0.20408164,0.7755102,0.75510204
1.0,1.0,0.0,0.22666667,0.45454544,0.20379145,0.18009478,0.9272727,0.090909086,0.78181815,0.6909091
1.0,1.0,0.0,0.20121951,0.6,0.19004525,0.16071428,0.70212764,0.06382979,0.89361703,0.7659575
0.9756097,1.0,0.0,0.1785714,0.39999998,0.19289339,0.1407035,0.875,0.050000004,0.95,0.6999999
1.0,1.0,0.0,0.20346323,0.39999998,0.1889401,0.16883117,0.9591837,0.08163265,0.8367347,0.7959184
1.0,1.0,0.0,0.17061612,0.87500006,0.16483517,0.13551402,0.8181818,0.1590909,0.6818182,0.65909094
1.0,1.0,0.0,0.2437811,0.5833333,0.23636365,0.1617647,0.87499994,0.125,0.92857146,0.5892857
1.0,1.0,0.0,0.23376623,0.90909094,0.22380953,0.23004694,0.9,0.16666667,0.78333336,0.81666666
1.0,1.0,0.0,0.26511627,0.71428573,0.22580644,0.20197043,0.93442625,0.16393444,0.8032787,0.6721312
1.0,1.0,0.0,0.24499999,0.59999996,0.24999999,0.21761657,0.79032254,0.048387103,0.9193548,0.67741936
1.0,1.0,0.0,0.22340424,0.6666667,0.2216495,0.15811966,0.875,0.083333336,0.8958334,0.7708333
1.0,1.0,0.0,0.21538462,0.7777778,0.327044,0.23043479,0.67741936,0.112903215,0.83870965,0.8548387
1.0,1.0,0.0,0.1861702,0.57142854,0.15846995,0.12918659,0.89743584,0.20512821,0.74358976,0.6923077
1.0,1.0,0.0,0.21468928,0.39999998,0.16577539,0.18229166,0.8636364,0.045454543,0.7045454,0.7954545
1.0,1.0,0.0,0.23846155,0.42857143,0.23605151,0.21818182,0.9117647,0.044117652,0.8088235,0.7058824
1.0,1.0,0.0,0.19444445,0.7,0.21276595,0.2020202,0.7291667,0.14583334,0.8333333,0.8333333
1.0,1.0,0.0,0.2153846,1.0,0.17277487,0.18536586,0.9130435,0.06521739,0.7173913,0.82608694
1.0,1.0,0.0,0.24731183,0.39999998,0.235,0.19704433,0.8363636,0.036363635,0.8545455,0.7272727
1.0,1.0,0.0,0.21800949,1.0,0.25133693,0.15625003,0.8679245,0.20754716,0.8867924,0.5660378
1.0,1.0,0.0,0.14720811,0.625,0.1574074,0.1356784,0.76315784,0.13157894,0.8947369,0.7105263
1.0,1.0,0.0,0.3099415,0.64285713,0.23684211,0.22279793,0.89830506,0.15254237,0.91525424,0.7288136
1.0,1.0,0.0,0.26905832,0.6666667,0.3076923,0.24644549,0.8450704,0.11267606,0.8450704,0.7323944
1.0,1.0,0.0,0.2138728,0.625,0.14883721,0.1563981,0.82222223,0.22222222,0.7111111,0.7333333
1.0,1.0,0.0,0.27319586,1.0,0.22527473,0.17777778,0.94642854,0.089285724,0.7321428,0.71428573
1.0,1.0,0.0,0.19999999,1.0,0.17808218,0.1521739,0.8888889,0.11111111,0.8666667,0.62222224
1.0,1.0,0.0,0.26754385,1.0,0.24352331,0.18965517,0.95312506,0.09375,0.73437506,0.6875
1.0,1.0,0.0,0.17142858,0.3333333,0.145,0.122448996,0.85714287,0.08571429,0.8285714,0.6857143
0.98148143,1.0,0.0,0.23684211,0.9166667,0.18686868,0.19900496,0.8490566,0.20754717,0.6981132,0.754717
1.0,1.0,0.0,0.20512821,0.5,0.18433179,0.121951215,0.8888889,0.13333333,0.8888889,0.5555555
1.0,1.0,0.0,0.26486486,1.0,0.19512196,0.21134023,0.97999996,0.16,0.8,0.82
1.0,1.0,0.0,0.2600897,0.5333333,0.2606635,0.24390244,0.8787879,0.12121212,0.8333334,0.7575758
1.0,1.0,0.0,0.25748503,0.6666667,0.21465969,0.18232043,0.8958334,0.125,0.8541667,0.6875
1.0,1.0,0.0,0.16203703,0.71428573,0.19138756,0.16494846,0.7446808,0.10638298,0.8510638,0.68085104
1.0,1.0,0.0,0.18828453,0.8333334,0.20618558,0.22994652,0.8181818,0.18181819,0.7272727,0.78181815
1.0,1.0,0.0,0.17757009,0.74999994,0.23926379,0.13829787,0.82608694,0.19565217,0.8478261,0.5652174
1.0,1.0,0.0,0.20600857,0.9,0.17431192,0.14285713,1.0,0.18750001,0.7916667,0.6458333
1.0,1.0,0.0,0.1590909,0.33333334,0.16746412,0.15068494,0.73684216,0.026315786,0.92105263,0.8684211
1.0,1.0,0.0,0.25,0.3076923,0.25543478,0.20673077,0.8727272,0.07272727,0.8545455,0.78181815
1.0,1.0,0.0,0.26086956,0.625,0.24568966,0.23043479,0.89552236,0.14925374,0.8507463,0.79104483
1.0,1.0,0.0,0.26595742,0.7777778,0.21276595,0.18965517,1.0,0.14,0.79999995,0.65999997
1.0,1.0,0.0,0.29949236,0.7272727,0.2647059,0.26106194,0.8676471,0.11764705,0.79411757,0.86764705
1.0,1.0,0.0,0.23113209,0.3846154,0.20634921,0.19999999,0.9607843,0.098039225,0.76470584,0.8039216
1.0,1.0,0.0,0.21198155,0.46153843,0.22093023,0.18222223,0.88461536,0.11538461,0.7307692,0.78846157
1.0,1.0,0.0,0.22413793,1.0,0.21319796,0.15714286,0.9285714,0.05357143,0.75,0.5892857
1.0,1.0,0.0,0.24352331,0.85714287,0.2371134,0.19607843,0.8867924,0.11320754,0.8679245,0.754717
1.0,1.0,0.0,0.23809524,0.79999995,0.20325203,0.16304348,0.80357146,0.2142857,0.89285713,0.5357143
1.0,1.0,0.0,0.22815533,0.6,0.2511628,0.21739131,0.7704918,0.049180325,0.88524586,0.73770493
1.0,1.0,0.0,0.21264367,0.5,0.16384181,0.17708333,0.82222223,0.06666666,0.6444444,0.75555557
1.0,1.0,0.0,0.20588237,0.88888896,0.27329195,0.15300547,0.875,0.16666666,0.9166667,0.5833333
1.0,1.0,0.0,0.22033897,0.28571427,0.16853932,0.18483412,0.8666667,0.04444444,0.6666666,0.8666667
1.0,1.0,0.0,0.23076923,0.33333334,0.2588235,0.14418603,0.8571428,0.04081633,0.8979592,0.63265306
1.0,1.0,0.0,0.21030043,1.0,0.23444976,0.19251338,0.8448276,0.10344827,0.8448276,0.62068963
1.0,1.0,0.0,0.2212766,0.5,0.2568306,0.20100501,0.88135594,0.050847456,0.7966102,0.6779661
1.0,1.0,0.0,0.16080402,0.8,0.17222223,0.14736843,0.7804878,0.097560965,0.7560976,0.68292683
1.0,1.0,0.0,0.22222221,0.6666666,0.18095239,0.17486338,0.8444444,0.22222221,0.8444444,0.7111111
1.0,1.0,0.0,0.20673078,0.5454545,0.23557691,0.17560975,0.86,0.12,0.97999996,0.71999997
1.0,1.0,0.0,0.23295452,0.6666667,0.22564103,0.16304348,0.8541666,0.083333336,0.9166667,0.625
1.0,1.0,0.0,0.27411166,0.7777778,0.20416667,0.15813951,1.0,0.12962964,0.9074074,0.6296296
1.0,1.0,0.0,0.1847826,0.6666667,0.1534091,0.17610064,0.9189189,0.054054055,0.7297298,0.7567567
1.0,1.0,0.0,0.17741935,0.7692308,0.16972476,0.1693989,0.80487806,0.24390247,0.90243906,0.75609756
1.0,1.0,0.0,0.21719457,0.8181818,0.20487806,0.18143462,0.84210527,0.15789473,0.7368421,0.75438595
1.0,1.0,0.0,0.22631578,0.6,0.21468928,0.19902912,0.85999995,0.12,0.76,0.82
1.0,1.0,0.0,0.20720722,0.16666666,0.1858407,0.17874396,0.92,0.02,0.84,0.74
1.0,1.0,0.0,0.20642203,0.11111112,0.21739131,0.22727273,0.8653846,0.019230768,0.8653846,0.7692308
1.0,1.0,0.0,0.20476191,1.0,0.21100919,0.2169312,0.8113207,0.037735846,0.8679245,0.77358484
1.0,1.0,0.0,0.25714287,0.93333334,0.26612902,0.26388887,0.71052635,0.18421054,0.8684211,0.75
1.0,1.0,0.0,0.1883408,0.5555556,0.18478262,0.17553191,0.89361703,0.10638298,0.7234043,0.70212764
1.0,1.0,0.0,0.2562814,0.5,0.23853213,0.21777779,0.8095238,0.015873015,0.82539684,0.7777778
1.0,1.0,0.0,0.1902439,0.6666667,0.21393034,0.17073171,0.78,0.04,0.85999995,0.70000005
0.9782608,0.9782608,2.6638253E-4,0.24999999,0.4,0.2546584,0.16113743,0.95652175,0.04347826,0.8913044,0.73913044
1.0,1.0,0.0,0.24545453,0.33333334,0.2254902,0.24434388,0.84375,0.0625,0.71875,0.84375
1.0,1.0,0.0,0.20289856,0.5,0.18957347,0.12019231,0.93333334,0.04444444,0.8888889,0.5555555
1.0,1.0,0.0,0.24770643,1.0,0.2195122,0.21693122,0.8852459,0.08196721,0.73770493,0.6721312
1.0,1.0,0.0,0.21621622,1.0,0.21764706,0.16037737,0.9795918,0.1632653,0.75510204,0.6938776
1.0,1.0,0.0,0.15086207,0.0,0.2209945,0.17901236,0.77777773,0.0,0.8888889,0.6444444
1.0,0.9852941,2.6788106E-4,0.27397263,0.6666667,0.260274,0.24090911,0.882353,0.02941176,0.8382353,0.7794118
1.0,1.0,0.0,0.22424242,0.71428573,0.1658031,0.15503876,0.82222223,0.11111112,0.7111111,0.8888889
1.0,1.0,0.0,0.27071825,0.6666667,0.23943663,0.17083332,0.8596491,0.07017543,0.8947368,0.71929824
1.0,1.0,0.0,0.2842105,0.7777778,0.21698114,0.14414415,0.98181814,0.12727273,0.8363636,0.5818182
1.0,1.0,0.0,0.17948717,0.22222221,0.20283018,0.18139535,0.6862745,0.039215688,0.84313726,0.76470584
1.0,1.0,0.0,0.1981982,0.3333333,0.18947369,0.20091325,0.8301887,0.05660377,0.6792453,0.8301887
1.0,1.0,0.0,0.2903226,0.9,0.23913044,0.17910448,0.98181814,0.16363636,0.8,0.6545455
1.0,1.0,0.0,0.2027027,0.16666666,0.19138756,0.2204301,0.88235295,0.019607842,0.78431374,0.8039216
1.0,1.0,0.0,0.26315787,0.9411765,0.27753305,0.22651935,0.8333333,0.22222221,0.87500006,0.5694445
1.0,1.0,0.0,0.21171172,0.5,0.23350255,0.23444976,0.8245614,0.017543858,0.80701756,0.8596491
1.0,1.0,0.0,0.13846153,0.0,0.14973262,0.13705583,0.7941176,0.0,0.8235294,0.7941176
1.0,1.0,0.0,0.16746412,0.5,0.2126437,0.16111112,0.85365856,0.07317072,0.90243906,0.70731705
1.0,1.0,0.0,0.23394497,1.0,0.22790699,0.19417475,0.9807692,0.07692307,0.9423077,0.7692308
1.0,1.0,0.0,0.25728157,0.6,0.2990196,0.19902913,0.8030303,0.090909086,0.92424244,0.6212121
1.0,1.0,0.0,0.22727273,0.8333334,0.21596245,0.17283951,0.8181818,0.09090909,0.8363636,0.76363635
1.0,1.0,0.0,0.21276595,0.39999998,0.1989796,0.18095239,0.8695652,0.086956516,0.84782606,0.82608694
1.0,1.0,0.0,0.22,0.85714287,0.21287127,0.18877551,0.86274505,0.11764705,0.84313726,0.72549015
1.0,1.0,0.0,0.24539876,0.33333334,0.1904762,0.19230768,0.8163265,0.020408163,0.8979592,0.8163265
1.0,1.0,0.0,0.2244898,0.85714287,0.17063493,0.20657277,0.77192986,0.105263166,0.75438595,0.7719298
1.0,1.0,0.0,0.23350254,0.8333333,0.21463414,0.15981735,0.9583334,0.20833331,0.9166666,0.7291667
1.0,1.0,0.0,0.18749999,0.39999998,0.2278481,0.16113745,0.8863636,0.090909086,0.8181818,0.7727273
1.0,1.0,0.0,0.2284264,0.7,0.19138756,0.1754386,0.9183674,0.14285715,0.8163265,0.6122449
1.0,1.0,0.0,0.19473684,0.5,0.2142857,0.15270936,0.82222223,0.08888888,0.8666667,0.6888889
1.0,1.0,0.0,0.19689117,0.8,0.19047618,0.12871286,0.8636364,0.18181817,0.90909094,0.59090906
1.0,1.0,0.0,0.2371134,0.7,0.19512196,0.16666667,0.9387755,0.14285715,0.8163265,0.57142854
1.0,1.0,0.0,0.1838565,0.57142854,0.16304348,0.14096916,0.9534884,0.093023255,0.69767445,0.74418604
1.0,1.0,0.0,0.23280422,0.625,0.15458937,0.19902912,0.9166667,0.10416668,0.6666667,0.8541666
1.0,1.0,0.0,0.24102564,0.39999998,0.20408164,0.21276595,0.8545455,0.07272727,0.72727275,0.72727275
1.0,1.0,0.0,0.13658537,0.5,0.13068181,0.14371258,0.8235294,0.05882353,0.6764706,0.7058824
1.0,1.0,0.0,0.2182741,0.33333334,0.15311004,0.14146341,0.95555556,0.044444446,0.7111111,0.64444447
1.0,1.0,0.0,0.30869564,1.0,0.25378788,0.25837323,0.89873415,0.050632913,0.84810126,0.68354434
1.0,1.0,0.0,0.120000005,0.3333333,0.16666669,0.15625,0.7941176,0.08823529,0.882353,0.7352941
1.0,1.0,0.0,0.21568626,0.7,0.18264839,0.1967213,0.95652175,0.1521739,0.8695652,0.7826087
1.0,1.0,0.0,0.24747474,0.5555556,0.22477064,0.19607843,0.8305085,0.084745765,0.8305085,0.6779661
1.0,1.0,0.0,0.25543478,0.5,0.21658985,0.20772946,0.78333336,0.099999994,0.78333336,0.71666664
1.0,1.0,0.0,0.18095239,0.5,0.16666666,0.1935484,0.8085106,0.021276595,0.7446809,0.7659575
1.0,1.0,0.0,0.17318437,0.2,0.15816328,0.103139,0.939394,0.03030303,0.939394,0.6969696
1.0,1.0,0.0,0.25531915,0.71428573,0.18137254,0.15315315,0.9230769,0.19230771,0.7115385,0.65384614
1.0,1.0,0.0,0.16915423,0.5,0.10322581,0.1594203,0.9444445,0.16666667,0.44444442,0.9166667
1.0,1.0,0.0,0.14917128,0.5,0.17261906,0.11801241,0.8709678,0.096774206,0.9354839,0.61290324
1.0,1.0,0.0,0.37297297,0.5,0.28125,0.23943663,0.9324324,0.040540542,0.8513514,0.6891892
1.0,1.0,0.0,0.1827957,0.6315789,0.17277487,0.12953368,0.8717949,0.3076923,0.84615386,0.64102566
1.0,1.0,0.0,0.16042782,0.29999998,0.14932129,0.12716763,0.85714287,0.08571427,0.94285715,0.6285714
1.0,1.0,0.0,0.21596242,0.5,0.23118278,0.16161618,0.8679246,0.05660377,0.8113208,0.6037736
1.0,1.0,0.0,0.20792079,0.28571427,0.13888891,0.16585366,0.9767442,0.046511624,0.8139535,0.79069775
1.0,1.0,0.0,0.19897959,0.5,0.1862745,0.13953489,0.9285714,0.04761905,0.90476197,0.7142857
1.0,1.0,0.0,0.18681319,0.5833333,0.17094019,0.11111112,0.7727273,0.1590909,0.90909094,0.5227273
1.0,1.0,0.0,0.2947977,0.6,0.26732674,0.20512821,0.85,0.099999994,0.90000004,0.6666667
1.0,1.0,0.0,0.20792079,0.33333334,0.24878049,0.2568306,0.7636364,0.036363635,0.9272727,0.8545455
1.0,0.9821428,2.670227E-4,0.26506025,0.6666666,0.26630434,0.20618558,0.78571427,0.17857143,0.87499994,0.71428573
1.0,1.0,0.0,0.2961165,1.0,0.32947975,0.19024391,0.93846154,0.12307692,0.87692314,0.6
1.0,1.0,0.0,0.23502304,0.71428573,0.2364532,0.18269229,0.8947368,0.0877193,0.84210527,0.6666667
1.0,1.0,0.0,0.27705628,0.7,0.30733946,0.23611112,0.90140843,0.09859155,0.943662,0.7183098
1.0,1.0,0.0,0.21925135,0.0,0.19724771,0.18421054,0.8367347,0.0,0.877551,0.85714287
1.0,1.0,0.0,0.16374269,0.25,0.13989638,0.14457832,0.8235294,0.029411763,0.7941176,0.7058824
1.0,1.0,0.0,0.16470589,0.3333333,0.18579234,0.12568305,0.7777778,0.08333333,0.9444445,0.63888884
1.0,1.0,0.0,0.20657277,0.57142854,0.16201118,0.20320855,0.95652175,0.086956516,0.63043475,0.82608694
1.0,1.0,0.0,0.24083768,0.5,0.23404256,0.18131867,0.91999996,0.060000006,0.88,0.65999997
1.0,1.0,0.0,0.26754385,0.49999997,0.27513224,0.23684211,0.92424244,0.07575757,0.78787875,0.6818182
1.0,1.0,0.0,0.17289719,0.5555556,0.14592275,0.20348838,0.8604651,0.11627908,0.79069763,0.8139535
1.0,1.0,0.0,0.29767442,0.7777778,0.28140703,0.17808218,0.9411765,0.10294118,0.8235294,0.5735294
1.0,1.0,0.0,0.22340426,0.28571427,0.26347306,0.18032788,0.85714287,0.040816322,0.8979592,0.6734694
1.0,1.0,0.0,0.2090909,0.3478261,0.23076923,0.17391303,0.9019608,0.15686275,0.82352936,0.7058823
1.0,1.0,0.0,0.26,0.6153846,0.17999999,0.19339623,0.98113203,0.15094338,0.6792453,0.7735849
1.0,1.0,0.0,0.23979591,0.5,0.21359223,0.13089004,0.92156863,0.078431375,0.86274505,0.49019602
1.0,1.0,0.0,0.27906975,0.6470588,0.2719298,0.20418848,0.8823529,0.1617647,0.9117647,0.5735294
1.0,1.0,0.0,0.29857817,0.57142854,0.196,0.26842108,0.9264706,0.11764705,0.7205882,0.75
1.0,1.0,0.0,0.20100501,0.5,0.18716578,0.14563107,0.9090909,0.045454547,0.7954546,0.6818182
1.0,1.0,0.0,0.18367346,0.6666667,0.1861702,0.1340782,0.8372092,0.23255812,0.8139535,0.5581395
1.0,1.0,0.0,0.30917874,0.8333334,0.2801932,0.17256637,0.9552239,0.14925374,0.86567163,0.5820895
1.0,1.0,0.0,0.14795917,0.42857143,0.2202381,0.14414413,0.70731705,0.14634146,0.902439,0.7804878
1.0,1.0,0.0,0.15508021,0.2,0.17535543,0.18396227,0.65909094,0.022727272,0.84090906,0.8863636
1.0,1.0,0.0,0.20388348,0.57142854,0.18099546,0.12755102,0.93333334,0.08888888,0.8888889,0.5555555
1.0,1.0,0.0,0.24043716,0.33333334,0.22459893,0.14705883,0.88,0.02,0.84000003,0.59999996
1.0,1.0,0.0,0.1638418,0.5,0.17514123,0.10648148,0.8285714,0.057142857,0.88571435,0.6571429
1.0,1.0,0.0,0.23111112,0.25,0.21052632,0.2642487,0.9285714,0.05357143,0.78571427,0.9107143
1.0,1.0,0.0,0.17910449,0.46666667,0.16129033,0.20786518,0.8,0.15555556,0.7777778,0.82222223
1.0,1.0,0.0,0.21505375,0.6666667,0.2361809,0.15168539,0.8333334,0.08333332,0.9791666,0.5625
1.0,1.0,0.0,0.1971831,0.25,0.19704433,0.1617647,0.89361703,0.04255319,0.85106385,0.70212764
1.0,1.0,0.0,0.22459891,0.33333334,0.18461537,0.18435754,0.89361703,0.08510639,0.7659575,0.70212764
1.0,1.0,0.0,0.21052633,0.45454544,0.24215247,0.1989796,0.8965517,0.08620689,0.93103445,0.6724138
1.0,1.0,0.0,0.2364532,0.27272725,0.17777778,0.15346535,0.9795918,0.061224487,0.8163265,0.6326531
1.0,1.0,0.0,0.21354166,0.8333333,0.20792077,0.16585363,0.8723404,0.10638298,0.89361703,0.7234042
1.0,1.0,0.0,0.23243245,0.88888896,0.17159764,0.19024391,0.86,0.15999998,0.58,0.78000003
1.0,1.0,0.0,0.21524663,0.9,0.19313304,0.19806764,0.84210527,0.15789475,0.7894737,0.71929824
1.0,1.0,0.0,0.20197044,0.33333334,0.22289157,0.147929,0.9534884,0.046511628,0.8604651,0.5813954
1.0,1.0,0.0,0.18079095,0.5,0.17159763,0.1277533,0.8648649,0.08108108,0.7837838,0.7837838
1.0,1.0,0.0,0.19473684,0.0,0.17258884,0.18134713,0.82222223,0.0,0.75555557,0.77777773
1.0,1.0,0.0,0.18623483,0.6666667,0.20500001,0.215311,0.88461536,0.038461536,0.78846157,0.8653846
1.0,1.0,0.0,0.1989247,0.5,0.16666666,0.17261904,0.94871795,0.025641026,0.8717949,0.7435897
1.0,1.0,0.0,0.20000002,0.11111112,0.21276595,0.14285715,0.9069767,0.02325581,0.9302325,0.6511628
1.0,1.0,0.0,0.21818185,0.33333334,0.22169812,0.20430109,0.8727273,0.018181816,0.8545455,0.69090915
1.0,0.9827586,2.6716536E-4,0.25773197,0.625,0.2616279,0.19469026,0.86206895,0.0862069,0.77586204,0.7586207
1.0,1.0,0.0,0.14917128,0.6666667,0.102941185,0.13407822,0.8709677,0.06451613,0.67741936,0.7741935
1.0,1.0,0.0,0.2037037,0.71428573,0.20289856,0.23529412,0.84615386,0.09615384,0.80769235,0.6923077
1.0,1.0,0.0,0.18131867,0.33333334,0.19095479,0.19428572,0.80487806,0.024390243,0.9268293,0.8292683
1.0,1.0,0.0,0.1891892,0.73333335,0.17619048,0.17412937,0.85714287,0.2244898,0.75510204,0.71428573
1.0,1.0,0.0,0.2356021,1.0,0.2215909,0.20100501,0.9183674,0.061224483,0.7959184,0.8163265
1.0,1.0,0.0,0.20093457,0.71428573,0.22613066,0.16931216,0.85999995,0.099999994,0.90000004,0.64
1.0,1.0,0.0,0.21463415,0.6470588,0.21800949,0.14691941,0.8148148,0.2037037,0.8518519,0.57407403
1.0,1.0,0.0,0.17989418,0.625,0.18716578,0.15348837,0.8095238,0.23809527,0.8333333,0.78571427
1.0,1.0,0.0,0.22500001,1.0,0.19004524,0.19473684,0.9183674,0.12244897,0.8571428,0.75510204
1.0,1.0,0.0,0.3135135,0.61904764,0.19444445,0.1468254,0.9666667,0.21666667,0.70000005,0.6166666
1.0,1.0,0.0,0.21287127,0.5555556,0.22439022,0.17982455,0.8113208,0.09433963,0.8679245,0.77358484
1.0,1.0,0.0,0.22826087,0.71428573,0.22807017,0.18232043,0.91304344,0.10869564,0.84782606,0.7173913
1.0,1.0,0.0,0.27272728,0.9,0.26500002,0.29473686,0.86956525,0.1304348,0.76811594,0.81159425
1.0,1.0,0.0,0.1923077,0.9166667,0.17475729,0.16111112,0.8510638,0.23404254,0.7659575,0.61702126
1.0,1.0,0.0,0.18552037,0.85714287,0.19905213,0.15816328,0.8913044,0.13043478,0.9130435,0.673913
1.0,1.0,0.0,0.18009478,0.75000006,0.15048544,0.17318437,0.90476197,0.14285715,0.7380952,0.7380952
1.0,1.0,0.0,0.15720524,0.6363636,0.1368421,0.11282051,0.9729729,0.18918921,0.70270276,0.5945946
1.0,1.0,0.0,0.18579234,0.0,0.14479639,0.125,0.9189189,0.0,0.8648649,0.7567567
1.0,1.0,0.0,0.1827957,0.59999996,0.186747,0.16763006,0.84999996,0.074999996,0.775,0.725
1.0,1.0,0.0,0.2513369,0.75,0.16597511,0.17708333,0.9791666,0.062499996,0.8333334,0.7083333
1.0,1.0,0.0,0.22831051,1.0,0.255814,0.20500001,0.89285713,0.01785714,0.78571427,0.7321429
1.0,1.0,0.0,0.22549018,0.8125,0.17061612,0.17177914,0.9787234,0.27659574,0.7659575,0.59574467
1.0,1.0,0.0,0.16915423,0.29999998,0.17368421,0.1845238,0.8717949,0.07692307,0.84615386,0.7948718
1.0,1.0,0.0,0.26923075,1.0,0.22972973,0.24719101,0.9655173,0.12068966,0.87931037,0.7586207
1.0,1.0,0.0,0.2801932,0.9,0.24623115,0.22404373,0.9508197,0.14754099,0.8032787,0.6721311
1.0,1.0,0.0,0.17514125,0.8333334,0.15846996,0.14018694,0.8378378,0.13513513,0.7837838,0.8108108
1.0,1.0,0.0,0.18018019,0.6666667,0.18324606,0.12807882,0.9302325,0.093023255,0.8139535,0.60465115
1.0,1.0,0.0,0.25751072,0.85714287,0.24761905,0.2361809,0.9230769,0.09230769,0.8000001,0.72307694
1.0,1.0,0.0,0.27669904,0.25,0.17857143,0.2298387,0.87692314,0.015384615,0.5384615,0.8769231
1.0,1.0,0.0,0.09137056,1.0,0.14525141,0.12376238,0.6,0.033333328,0.8666666,0.8333334
1.0,1.0,0.0,0.19760479,0.5,0.18905473,0.14691943,0.75,0.090909086,0.8636364,0.7045455
1.0,1.0,0.0,0.17989418,0.8,0.1618497,0.13636364,0.9714285,0.1142857,0.8,0.7714286
1.0,1.0,0.0,0.16304348,0.6666666,0.15656567,0.17032968,0.7692307,0.15384614,0.7948718,0.7948718
1.0,1.0,0.0,0.18461536,0.8333334,0.16363634,0.17560974,0.90000004,0.12500001,0.67499995,0.90000004
1.0,1.0,0.0,0.25462964,1.0,0.22127661,0.21105528,0.9322034,0.06779661,0.8813559,0.7118644
1.0,1.0,0.0,0.18905474,0.59999996,0.19248827,0.13772455,0.90476185,0.14285713,0.97619045,0.54761904
1.0,1.0,0.0,0.24210528,0.41666666,0.19892472,0.2085308,0.9019608,0.09803921,0.7254902,0.86274505
1.0,1.0,0.0,0.20100501,0.6,0.20942408,0.15463918,0.8163265,0.122448966,0.8163265,0.6122449
1.0,1.0,0.0,0.16256157,0.6666667,0.17919075,0.16666669,0.78571427,0.09523808,0.7380952,0.69047624
1.0,1.0,0.0,0.26146787,0.75,0.27894735,0.23316061,0.90476197,0.14285715,0.8412698,0.7142857
1.0,1.0,0.0,0.21120691,0.75,0.1764706,0.17910449,0.8909091,0.109090894,0.8181818,0.6545455
1.0,1.0,0.0,0.23696682,0.8181818,0.2085308,0.19886363,0.90909094,0.16363637,0.8,0.6363636
1.0,1.0,0.0,0.28723404,0.8333334,0.24861878,0.1898734,0.94736844,0.1754386,0.78947365,0.78947365
1.0,1.0,0.0,0.21596242,0.6666667,0.1981132,0.1952381,0.8518519,0.14814815,0.7777778,0.7592593
1.0,1.0,0.0,0.20725389,0.5555556,0.20987655,0.1965318,0.8695652,0.108695656,0.73913044,0.73913044
1.0,1.0,0.0,0.16477273,0.25,0.1534091,0.104761906,0.85294116,0.029411763,0.79411757,0.6470588
1.0,1.0,0.0,0.21596245,0.6,0.18981484,0.2,0.88461536,0.1153846,0.78846157,0.65384614
1.0,1.0,0.0,0.22527473,0.0,0.20952381,0.1635514,0.8541666,0.0,0.9166667,0.7291667
1.0,1.0,0.0,0.27477476,0.8235294,0.19736843,0.1957447,0.93846154,0.21538462,0.6923077,0.7076924
1.0,1.0,0.0,0.25125626,0.71428573,0.1778846,0.2153846,0.92592597,0.0925926,0.6851852,0.77777773
1.0,1.0,0.0,0.20535713,1.0,0.1802575,0.13875598,0.91999996,0.099999994,0.84,0.58
1.0,1.0,0.0,0.16111112,0.6,0.16161616,0.13574658,0.8055556,0.08333333,0.88888896,0.8333333
1.0,1.0,0.0,0.25663716,0.79999995,0.1919192,0.275,0.89230764,0.18461537,0.5846154,0.84615386
1.0,1.0,0.0,0.2849741,0.6666667,0.22598869,0.18695651,0.93220335,0.1355932,0.6779661,0.7288136
1.0,1.0,0.0,0.21857925,0.0,0.20707072,0.1827957,0.8510638,0.0,0.87234044,0.7234043
1.0,1.0,0.0,0.234375,0.6,0.18274114,0.19069768,0.88235295,0.058823526,0.70588243,0.8039215
1.0,1.0,0.0,0.22941178,1.0,0.22727273,0.17272727,0.78000003,0.02,0.90000004,0.76
1.0,1.0,0.0,0.25133687,1.0,0.23157895,0.16143496,0.8703703,0.074074075,0.8148148,0.6666667
1.0,1.0,0.0,0.2688679,0.29999998,0.21719457,0.2586207,0.9827586,0.051724136,0.82758623,0.7758621
1.0,1.0,0.0,0.18974356,0.6666667,0.16,0.16759774,0.90243906,0.09756098,0.68292683,0.7317073
1.0,1.0,0.0,0.18134713,0.3333333,0.15350877,0.19576718,0.76086956,0.13043477,0.76086956,0.8043478
1.0,1.0,0.0,0.17948718,0.125,0.14778325,0.14361703,0.89743596,0.025641024,0.7692307,0.69230765
1.0,1.0,0.0,0.17156862,0.0,0.16,0.13513513,0.92105263,0.0,0.84210527,0.65789473
1.0,1.0,0.0,0.17989418,1.0,0.17370893,0.15350878,0.75555557,0.044444446,0.82222223,0.7777778
1.0,1.0,0.0,0.16504855,0.8333334,0.2195122,0.15469614,0.7234043,0.10638298,0.9574468,0.59574467
1.0,1.0,0.0,0.15040652,0.2,0.19999999,0.22277229,0.74000007,0.019999998,0.78000003,0.90000004
1.0,1.0,0.0,0.1945946,0.33333334,0.21559632,0.21327014,0.6666667,0.018518515,0.8703704,0.8333334
1.0,1.0,0.0,0.24571428,0.5,0.22222221,0.15934066,0.9772727,0.045454543,0.8636364,0.65909094
1.0,1.0,0.0,0.1754386,0.71428573,0.13020833,0.1396648,0.9090909,0.15151514,0.75757575,0.75757575
1.0,1.0,0.0,0.25252527,0.46153843,0.2251309,0.17156863,0.9615385,0.1153846,0.8269231,0.6730769
1.0,1.0,0.0,0.21004567,0.8181818,0.20454545,0.18421054,0.8363636,0.16363637,0.8181818,0.7636364
1.0,1.0,0.0,0.21004567,0.8181818,0.15789475,0.17441861,0.88461536,0.17307693,0.74999994,0.5769231
1.0,1.0,0.0,0.1754386,0.75000006,0.10887097,0.116959065,0.8823529,0.1764706,0.7941176,0.58823526
1.0,1.0,0.0,0.28985506,0.90909094,0.25757578,0.1681416,0.9677419,0.16129033,0.82258064,0.61290324
1.0,1.0,0.0,0.26857144,0.75,0.2,0.17475726,0.9215686,0.05882353,0.74509805,0.7058824
1.0,1.0,0.0,0.23788546,0.6666667,0.25118482,0.20408164,0.88524586,0.13114755,0.8688525,0.65573776
1.0,0.9795918,2.6652453E-4,0.23589744,0.71428573,0.18779343,0.16410258,0.9387755,0.102040805,0.8163265,0.6530612
1.0,1.0,0.0,0.21608041,0.39999998,0.22340426,0.20312501,0.8269231,0.07692307,0.80769235,0.75000006
1.0,1.0,0.0,0.16981132,0.46153843,0.1761658,0.16853932,0.8780488,0.14634147,0.8292683,0.73170733
1.0,1.0,0.0,0.11904762,0.6666667,0.10344827,0.08108108,0.7692308,0.07692307,0.80769235,0.5769231
1.0,1.0,0.0,0.16853935,0.07142857,0.18404908,0.16477273,0.8333333,0.027777774,0.8333333,0.8055555
1.0,1.0,0.0,0.2840909,0.42857143,0.20289855,0.18131867,0.90909094,0.10909092,0.76363635,0.6
1.0,1.0,0.0,0.20089287,0.375,0.17256637,0.19248827,0.8653846,0.11538461,0.75,0.78846157
1.0,1.0,0.0,0.22598867,0.74999994,0.23456788,0.19879518,0.8510638,0.19148935,0.8085106,0.70212764
1.0,1.0,0.0,0.20614035,0.85714287,0.2600897,0.23076925,0.75806457,0.09677418,0.93548393,0.7741935
1.0,1.0,0.0,0.2284264,0.25,0.26404494,0.18686868,0.90000004,0.04,0.94,0.74
1.0,1.0,0.0,0.1967213,0.625,0.23280422,0.2393617,0.7058823,0.09803921,0.86274505,0.88235295
1.0,1.0,0.0,0.2672811,0.54545456,0.22466962,0.16509433,0.8923077,0.092307694,0.78461546,0.5384615
1.0,1.0,0.0,0.25980392,0.8,0.25,0.18478262,0.9137931,0.06896552,0.8965517,0.5862069
1.0,1.0,0.0,0.17910448,0.42857143,0.19999999,0.1590909,0.83720934,0.06976744,0.9534884,0.6511628
1.0,1.0,0.0,0.30392158,0.25,0.3069307,0.22222221,0.939394,0.015151515,0.939394,0.6363636
1.0,1.0,0.0,0.16969697,0.5,0.1741573,0.13483147,0.8235294,0.02941176,0.9117647,0.70588243
1.0,1.0,0.0,0.25,0.25,0.22702703,0.15642458,0.9411765,0.019607842,0.8235294,0.5490196
1.0,1.0,0.0,0.25728157,0.73333335,0.25388598,0.1923077,0.92982453,0.19298245,0.8596491,0.6140351
1.0,1.0,0.0,0.24050632,0.9,0.25125626,0.24509805,0.8636364,0.13636364,0.75757575,0.7575758
1.0,1.0,0.0,0.23175965,0.8181818,0.23711339,0.22680412,0.94736844,0.15789475,0.80701756,0.77192986
1.0,1.0,0.0,0.21363638,0.3076923,0.20476191,0.25641024,0.8545455,0.07272727,0.78181815,0.90909094
1.0,1.0,0.0,0.14778325,0.36842105,0.16742082,0.15463918,0.7142857,0.16666666,0.8809524,0.71428573
1.0,1.0,0.0,0.2253521,0.8,0.22058824,0.19213974,0.8888889,0.074074075,0.8333334,0.8148148
1.0,1.0,0.0,0.20338982,0.7777778,0.18947369,0.12970711,0.83720934,0.1627907,0.83720934,0.7209302
1.0,1.0,0.0,0.22772278,1.0,0.2768362,0.16386555,0.80701756,0.15789473,0.8596491,0.6842105
1.0,1.0,0.0,0.16279069,0.85714287,0.19704436,0.15343915,0.76086956,0.26086956,0.8695652,0.63043475
1.0,1.0,0.0,0.17741938,0.42857143,0.16494845,0.12637362,0.89189184,0.08108108,0.8648649,0.62162167
1.0,1.0,0.0,0.23312883,1.0,0.176,0.16190477,0.7916666,0.10416665,0.9166667,0.7083333
1.0,0.97499996,2.6588675E-4,0.20809248,0.14285713,0.19791667,0.18181819,0.9,0.024999999,0.95000005,0.8
1.0,1.0,0.0,0.2238806,0.57142854,0.1851852,0.26582277,0.9183674,0.08163265,0.8163265,0.8571428
1.0,1.0,0.0,0.21081081,0.8333333,0.2349727,0.15048544,0.8125,0.20833331,0.8958334,0.6458333
1.0,1.0,0.0,0.19545454,0.45454544,0.2121212,0.18781723,0.85999995,0.099999994,0.84,0.73999995
1.0,1.0,0.0,0.23563218,0.6666667,0.2138728,0.23039214,0.74545455,0.036363635,0.6727272,0.8545455
1.0,1.0,0.0,0.17475727,0.7272727,0.15517241,0.14124294,0.8780488,0.19512194,0.8780488,0.60975605
1.0,1.0,0.0,0.14795919,0.16666666,0.0967742,0.15841582,0.82857144,0.028571425,0.51428574,0.9142857
1.0,1.0,0.0,0.13227512,0.3076923,0.13368984,0.13432837,0.8333333,0.13333334,0.8333334,0.9
1.0,1.0,0.0,0.20103094,0.3333333,0.24516128,0.13824885,0.8863636,0.06818181,0.8636364,0.6818182
1.0,1.0,0.0,0.20430106,0.49999997,0.1724138,0.17708336,0.9268293,0.121951215,0.73170733,0.82926834
1.0,1.0,0.0,0.27317074,0.88888896,0.2783019,0.23255813,0.8115942,0.115942016,0.85507244,0.7246376
1.0,1.0,0.0,0.19402987,0.87500006,0.120833345,0.14720812,0.9285714,0.3333333,0.6904762,0.69047624
1.0,1.0,0.0,0.2760417,0.6,0.24537036,0.15416667,0.8833334,0.049999997,0.8833333,0.6166667
1.0,1.0,0.0,0.18848169,0.57142854,0.18137255,0.2159091,0.75,0.08333332,0.7708333,0.7916667
1.0,1.0,0.0,0.285,1.0,0.26339284,0.24090908,0.83823526,0.1617647,0.8676471,0.7794118
1.0,1.0,0.0,0.23655917,0.7777778,0.20000002,0.16666669,0.9361702,0.14893617,0.85106385,0.7021277
1.0,1.0,0.0,0.2112676,0.52000004,0.16939892,0.17788461,0.9782608,0.2826087,0.673913,0.8043478
1.0,1.0,0.0,0.20689654,0.5555556,0.18181819,0.19339623,0.71999997,0.099999994,0.84000003,0.82
1.0,1.0,0.0,0.18032788,0.57142854,0.14146341,0.11538462,0.89189196,0.21621622,0.78378385,0.6486486
1.0,1.0,0.0,0.22598869,0.375,0.16336635,0.14611873,0.9756097,0.07317072,0.80487806,0.7804878
1.0,1.0,0.0,0.28488374,0.49999997,0.19545454,0.18269229,0.92452836,0.094339624,0.8113208,0.7169812
1.0,1.0,0.0,0.25906736,1.0,0.21904764,0.16080403,0.98039216,0.21568626,0.9019608,0.627451
1.0,1.0,0.0,0.22222222,0.6923077,0.21621624,0.15596332,0.91304344,0.19565219,0.8695652,0.73913044
1.0,1.0,0.0,0.28717947,0.875,0.23788546,0.23039217,0.8484848,0.1060606,0.8181818,0.71212125
1.0,1.0,0.0,0.18932039,0.8333333,0.19791667,0.16145834,0.8863636,0.11363636,0.8636364,0.7045455
1.0,1.0,0.0,0.20994475,0.7,0.16129032,0.16915421,0.8636364,0.1590909,0.7954545,0.77272725
1.0,1.0,0.0,0.22274882,1.0,0.23923445,0.17535543,0.8392857,0.035714284,0.89285713,0.66071427
1.0,1.0,0.0,0.18686868,0.5,0.1911111,0.13793105,0.8043478,0.04347826,0.9347826,0.6086957
1.0,1.0,0.0,0.23711339,0.54545456,0.24875623,0.18686868,0.82142854,0.10714286,0.89285713,0.66071427
1.0,1.0,0.0,0.1948052,0.6,0.2303665,0.21860464,0.8333333,0.16666666,0.8148148,0.8703704
1.0,1.0,0.0,0.21226415,0.87500006,0.21348315,0.147929,0.9574468,0.29787233,0.80851066,0.5319149
1.0,1.0,0.0,0.23456793,0.39999998,0.24892704,0.24623117,0.91935486,0.06451613,0.9354839,0.79032254
1.0,1.0,0.0,0.122641504,0.5333333,0.14492753,0.13609467,0.8125,0.25,0.9375,0.71875
1.0,1.0,0.0,0.18716575,0.5,0.16939892,0.16759776,0.875,0.10000001,0.775,0.74999994
1.0,1.0,0.0,0.2488688,0.75000006,0.22767858,0.1923077,0.93220335,0.10169491,0.86440676,0.59322035
1.0,1.0,0.0,0.26728112,0.7692308,0.2604167,0.20444444,0.93548393,0.16129033,0.8064516,0.7419355
1.0,1.0,0.0,0.17297296,0.5,0.1657754,0.15625,0.84210527,0.05263158,0.8157895,0.7894737
1.0,1.0,0.0,0.24444444,0.25,0.1989247,0.1735537,0.86274505,0.039215688,0.72549015,0.82352936
1.0,1.0,0.0,0.22624433,0.39999998,0.18181819,0.17801048,0.9433962,0.0754717,0.7924528,0.6415095
1.0,1.0,0.0,0.1965812,0.8333334,0.19248827,0.17171717,0.9583334,0.20833336,0.8541667,0.7083333
1.0,1.0,0.0,0.2204301,0.5333333,0.15246637,0.1935484,0.8541667,0.16666666,0.7083333,0.75000006
0.9795918,1.0,0.0,0.22727273,0.5,0.18461537,0.19024391,0.9375,0.10416667,0.75,0.8125
1.0,1.0,0.0,0.29767442,0.85714287,0.26068377,0.24489795,0.90140843,0.1690141,0.85915494,0.6760563
1.0,1.0,0.0,0.1840796,0.85714287,0.16753927,0.16091955,0.9736842,0.15789472,0.84210527,0.73684216
1.0,1.0,0.0,0.17204301,0.625,0.14673913,0.111731835,0.96969694,0.15151514,0.8181818,0.60606056
1.0,1.0,0.0,0.26373625,0.71428573,0.21808511,0.15706807,0.8888889,0.09259258,0.7592592,0.5555556
1.0,1.0,0.0,0.22115386,0.42857143,0.2925532,0.22077923,0.71875,0.046875,0.85937506,0.796875
1.0,1.0,0.0,0.22058824,0.75,0.22596154,0.18721461,0.8333333,0.055555552,0.8703704,0.7592593
1.0,1.0,0.0,0.20526318,0.375,0.17021278,0.1875,0.8666667,0.066666655,0.7111111,0.8
1.0,1.0,0.0,0.19704436,0.0,0.1909091,0.18274112,0.8163265,0.0,0.85714287,0.7346939
1.0,1.0,0.0,0.2600897,0.88888896,0.23880598,0.20982145,0.9508197,0.13114753,0.78688526,0.7704918
1.0,1.0,0.0,0.2029703,0.7692308,0.15246636,0.15306123,0.9534884,0.23255813,0.79069763,0.69767445
1.0,1.0,0.0,0.13368984,0.2,0.19186047,0.17475726,0.6097561,0.024390241,0.80487806,0.8780488
1.0,1.0,0.0,0.20487806,0.42857143,0.1772152,0.17142858,0.89361703,0.06382979,0.89361703,0.63829786
1.0,1.0,0.0,0.26540285,1.0,0.26341465,0.21468928,0.87500006,0.171875,0.84375,0.59375
1.0,1.0,0.0,0.18828453,0.5,0.18055557,0.23214288,0.8653846,0.019230768,0.75,0.74999994
1.0,1.0,0.0,0.23204419,0.57142854,0.1840796,0.20187794,0.84,0.08,0.74,0.86
1.0,1.0,0.0,0.2460733,0.6,0.24074075,0.20197044,0.7833333,0.099999994,0.8666667,0.68333334
1.0,1.0,0.0,0.17307693,0.5,0.18131867,0.14594595,0.9,0.024999999,0.825,0.675
1.0,1.0,0.0,0.17816092,0.57142854,0.17333335,0.15450643,0.7045455,0.090909086,0.8863636,0.8181818
1.0,1.0,0.0,0.15819208,0.71428573,0.12087911,0.15204677,0.87500006,0.15625001,0.6875,0.8125
1.0,1.0,0.0,0.14659686,0.5,0.15789473,0.097297296,0.7777778,0.2777778,0.9166667,0.5
1.0,1.0,0.0,0.1081081,0.39999998,0.18857142,0.11363637,0.7058823,0.05882353,0.9705882,0.7352941
1.0,1.0,0.0,0.2,0.90909094,0.21634616,0.2054054,0.8909091,0.18181819,0.8181818,0.6909091
1.0,1.0,0.0,0.26347306,0.5,0.21256039,0.21025641,0.8979592,0.08163265,0.8979592,0.8367347
1.0,1.0,0.0,0.245,0.42857143,0.26842108,0.29655173,0.8596491,0.10526315,0.8947368,0.75438595
1.0,1.0,0.0,0.18421052,0.2,0.22631578,0.19587629,0.7291667,0.041666668,0.8958333,0.7916667
1.0,1.0,0.0,0.22674419,0.3333333,0.18579234,0.12755102,0.90697676,0.06976744,0.79069775,0.5813954
1.0,1.0,0.0,0.25123155,0.5555556,0.25120774,0.16239317,0.8360656,0.08196721,0.8524591,0.6229508
1.0,1.0,0.0,0.2893401,0.75,0.21327014,0.18965517,0.95000005,0.099999994,0.75,0.73333335
1.0,1.0,0.0,0.21126759,0.33333334,0.19650656,0.19534883,0.81818175,0.03636364,0.8181818,0.76363635
1.0,1.0,0.0,0.17573221,1.0,0.2178771,0.15053762,0.93333334,0.17777777,0.8666667,0.62222224
1.0,1.0,0.0,0.25490198,1.0,0.17171718,0.1657754,0.9285714,0.21428572,0.8095238,0.7380952
1.0,1.0,0.0,0.19170985,0.33333334,0.21794872,0.15348837,0.82222223,0.02222222,0.75555557,0.7333333
1.0,1.0,0.0,0.2513369,0.16666666,0.25,0.22897197,0.7704918,0.016393442,0.852459,0.8032787
1.0,1.0,0.0,0.17674418,0.42857143,0.21818182,0.1273585,0.8636364,0.06818182,0.8181818,0.6136364
1.0,1.0,0.0,0.16990292,0.44444442,0.16956522,0.15920399,0.79545456,0.090909086,0.8863636,0.72727275
1.0,1.0,0.0,0.31609192,0.6666667,0.19607843,0.19323671,0.9649123,0.03508772,0.7017544,0.7017544
1.0,1.0,0.0,0.2604167,1.0,0.23004696,0.24193549,0.89285713,0.07142857,0.87500006,0.80357146
1.0,1.0,0.0,0.25791854,0.57142854,0.24489795,0.21782178,0.95000005,0.06666666,0.79999995,0.73333335
1.0,1.0,0.0,0.12682927,0.27272725,0.14572865,0.12087911,0.8125,0.09375,0.90625006,0.6875
1.0,1.0,0.0,0.14056225,0.125,0.2179487,0.11111111,0.945946,0.027027028,0.9189189,0.6756757
1.0,1.0,0.0,0.23456788,0.75,0.19318183,0.17647058,0.8444444,0.06666667,0.75555557,0.6666667
1.0,1.0,0.0,0.19,0.5833333,0.20652172,0.18181819,0.88372093,0.1627907,0.88372093,0.83720934
0.98181814,1.0,0.0,0.22857143,0.85714287,0.1980198,0.185,0.8888889,0.111111104,0.7407407,0.6851852
1.0,1.0,0.0,0.22274882,0.75,0.25531915,0.2283105,0.8103448,0.051724136,0.82758623,0.86206895
1.0,0.9729729,2.656748E-4,0.20858897,0.2142857,0.11219511,0.16455695,0.9189189,0.08108108,0.62162167,0.7027027
1.0,1.0,0.0,0.18604651,0.6666667,0.17431192,0.18340611,0.8163265,0.12244897,0.7755102,0.85714287
1.0,1.0,0.0,0.2636816,0.29411763,0.26180258,0.2631579,0.7464789,0.07042253,0.85915494,0.70422536
1.0,1.0,0.0,0.17857143,0.5555556,0.16509433,0.15025908,0.8536585,0.121951215,0.8536585,0.70731705
1.0,1.0,0.0,0.26519337,1.0,0.19767441,0.18357489,0.9411765,0.1372549,0.6666667,0.74509805
1.0,1.0,0.0,0.23033705,0.8,0.2153846,0.21264367,0.8367347,0.08163265,0.8571428,0.75510204
1.0,1.0,0.0,0.251497,0.0,0.25748503,0.18309858,0.8076923,0.0,0.8269231,0.75
1.0,1.0,0.0,0.21461187,0.76470584,0.25157234,0.19148937,0.94,0.26,0.8000001,0.71999997
1.0,1.0,0.0,0.17318437,0.6666666,0.14358974,0.12299466,0.8611111,0.16666666,0.7777778,0.6388889
1.0,1.0,0.0,0.15207374,0.5,0.16304345,0.12745097,0.89189196,0.10810811,0.81081074,0.70270276
1.0,1.0,0.0,0.15346535,0.6666667,0.13636363,0.15075377,0.88571423,0.1142857,0.7714285,0.85714287
1.0,1.0,0.0,0.2292683,0.14285713,0.20000002,0.21874999,0.8245614,0.017543858,0.80701756,0.8596491
1.0,1.0,0.0,0.31666666,0.6666667,0.32105264,0.22380954,0.8507463,0.059701487,0.9104478,0.7014926
