2010.02.28 09:39:24.281 GMT-03:00 INFO: *** SYSTEM START ***
2010.02.28 09:41:12.640 GMT-03:00 INFO: *** SYSTEM START ***
2010.02.28 09:41:14.000 GMT-03:00 INFO: Loading triples -- ProtegeOWLParser.loadTriples()
2010.02.28 09:41:15.125 GMT-03:00 INFO: [ProtegeOWLParser] Completed triple loading after 969 ms -- ProtegeOWLParser.loadTriples()
2010.02.28 09:41:15.203 GMT-03:00 INFO: [TripleChangePostProcessor] Completed lists after 0 ms -- TripleChangePostProcessor.log()
2010.02.28 09:41:15.218 GMT-03:00 INFO: [TripleChangePostProcessor] Completed anonymous classes after 15 ms -- TripleChangePostProcessor.log()
2010.02.28 09:41:15.218 GMT-03:00 INFO: [TripleChangePostProcessor] Completed deprecated classes after 0 ms -- TripleChangePostProcessor.log()
2010.02.28 09:41:15.265 GMT-03:00 INFO: [TripleChangePostProcessor] Completed properties after 47 ms -- TripleChangePostProcessor.log()
2010.02.28 09:41:15.281 GMT-03:00 INFO: [TripleChangePostProcessor] Completed named classes after 16 ms -- TripleChangePostProcessor.log()
2010.02.28 09:41:15.281 GMT-03:00 INFO: ... Loading completed after 1125 ms -- ProtegeOWLParser.loadTriples()
2010.02.28 09:45:23.734 GMT-03:00 INFO: *** SYSTEM START ***
2010.02.28 09:45:25.109 GMT-03:00 INFO: Loading triples -- ProtegeOWLParser.loadTriples()
2010.02.28 09:45:26.093 GMT-03:00 INFO: [ProtegeOWLParser] Completed triple loading after 843 ms -- ProtegeOWLParser.loadTriples()
2010.02.28 09:45:26.156 GMT-03:00 INFO: [TripleChangePostProcessor] Completed lists after 0 ms -- TripleChangePostProcessor.log()
2010.02.28 09:45:26.171 GMT-03:00 INFO: [TripleChangePostProcessor] Completed anonymous classes after 15 ms -- TripleChangePostProcessor.log()
2010.02.28 09:45:26.171 GMT-03:00 INFO: [TripleChangePostProcessor] Completed deprecated classes after 0 ms -- TripleChangePostProcessor.log()
2010.02.28 09:45:26.218 GMT-03:00 INFO: [TripleChangePostProcessor] Completed properties after 47 ms -- TripleChangePostProcessor.log()
2010.02.28 09:45:26.250 GMT-03:00 INFO: [TripleChangePostProcessor] Completed named classes after 16 ms -- TripleChangePostProcessor.log()
2010.02.28 09:45:26.250 GMT-03:00 INFO: ... Loading completed after 1000 ms -- ProtegeOWLParser.loadTriples()
2010.02.28 09:45:27.234 GMT-03:00 INFO: Loading triples -- ProtegeOWLParser.loadTriples()
2010.02.28 09:45:27.578 GMT-03:00 INFO: [ProtegeOWLParser] Completed triple loading after 344 ms -- ProtegeOWLParser.loadTriples()
2010.02.28 09:45:27.625 GMT-03:00 INFO: [TripleChangePostProcessor] Completed lists after 0 ms -- TripleChangePostProcessor.log()
2010.02.28 09:45:27.625 GMT-03:00 INFO: [TripleChangePostProcessor] Completed anonymous classes after 0 ms -- TripleChangePostProcessor.log()
2010.02.28 09:45:27.625 GMT-03:00 INFO: [TripleChangePostProcessor] Completed deprecated classes after 0 ms -- TripleChangePostProcessor.log()
2010.02.28 09:45:27.656 GMT-03:00 INFO: [TripleChangePostProcessor] Completed properties after 31 ms -- TripleChangePostProcessor.log()
2010.02.28 09:45:27.671 GMT-03:00 INFO: [TripleChangePostProcessor] Completed named classes after 15 ms -- TripleChangePostProcessor.log()
2010.02.28 09:45:27.671 GMT-03:00 INFO: ... Loading completed after 437 ms -- ProtegeOWLParser.loadTriples()
2010.02.28 09:45:28.203 GMT-03:00 INFO: Loading triples -- ProtegeOWLParser.loadTriples()
2010.02.28 09:45:28.531 GMT-03:00 INFO: [ProtegeOWLParser] Completed triple loading after 328 ms -- ProtegeOWLParser.loadTriples()
2010.02.28 09:45:28.578 GMT-03:00 INFO: [TripleChangePostProcessor] Completed lists after 0 ms -- TripleChangePostProcessor.log()
2010.02.28 09:45:28.578 GMT-03:00 INFO: [TripleChangePostProcessor] Completed anonymous classes after 0 ms -- TripleChangePostProcessor.log()
2010.02.28 09:45:28.578 GMT-03:00 INFO: [TripleChangePostProcessor] Completed deprecated classes after 0 ms -- TripleChangePostProcessor.log()
2010.02.28 09:45:28.609 GMT-03:00 INFO: [TripleChangePostProcessor] Completed properties after 31 ms -- TripleChangePostProcessor.log()
2010.02.28 09:45:28.625 GMT-03:00 INFO: [TripleChangePostProcessor] Completed named classes after 0 ms -- TripleChangePostProcessor.log()
2010.02.28 09:45:28.625 GMT-03:00 INFO: ... Loading completed after 422 ms -- ProtegeOWLParser.loadTriples()
2010.02.28 09:45:29.125 GMT-03:00 INFO: Loading triples -- ProtegeOWLParser.loadTriples()
2010.02.28 09:45:29.437 GMT-03:00 INFO: [ProtegeOWLParser] Completed triple loading after 312 ms -- ProtegeOWLParser.loadTriples()
2010.02.28 09:45:29.484 GMT-03:00 INFO: [TripleChangePostProcessor] Completed lists after 0 ms -- TripleChangePostProcessor.log()
2010.02.28 09:45:29.484 GMT-03:00 INFO: [TripleChangePostProcessor] Completed anonymous classes after 0 ms -- TripleChangePostProcessor.log()
2010.02.28 09:45:29.484 GMT-03:00 INFO: [TripleChangePostProcessor] Completed deprecated classes after 0 ms -- TripleChangePostProcessor.log()
2010.02.28 09:45:29.515 GMT-03:00 INFO: [TripleChangePostProcessor] Completed properties after 31 ms -- TripleChangePostProcessor.log()
2010.02.28 09:45:29.515 GMT-03:00 INFO: [TripleChangePostProcessor] Completed named classes after 0 ms -- TripleChangePostProcessor.log()
2010.02.28 09:45:29.531 GMT-03:00 INFO: ... Loading completed after 406 ms -- ProtegeOWLParser.loadTriples()
2010.02.28 09:45:30.031 GMT-03:00 INFO: Loading triples -- ProtegeOWLParser.loadTriples()
2010.02.28 09:45:30.328 GMT-03:00 INFO: [ProtegeOWLParser] Completed triple loading after 297 ms -- ProtegeOWLParser.loadTriples()
2010.02.28 09:45:30.375 GMT-03:00 INFO: [TripleChangePostProcessor] Completed lists after 0 ms -- TripleChangePostProcessor.log()
2010.02.28 09:45:30.375 GMT-03:00 INFO: [TripleChangePostProcessor] Completed anonymous classes after 0 ms -- TripleChangePostProcessor.log()
2010.02.28 09:45:30.375 GMT-03:00 INFO: [TripleChangePostProcessor] Completed deprecated classes after 0 ms -- TripleChangePostProcessor.log()
2010.02.28 09:45:30.406 GMT-03:00 INFO: [TripleChangePostProcessor] Completed properties after 31 ms -- TripleChangePostProcessor.log()
2010.02.28 09:45:30.406 GMT-03:00 INFO: [TripleChangePostProcessor] Completed named classes after 0 ms -- TripleChangePostProcessor.log()
2010.02.28 09:45:30.421 GMT-03:00 INFO: ... Loading completed after 390 ms -- ProtegeOWLParser.loadTriples()
2010.02.28 09:45:30.890 GMT-03:00 INFO: Loading triples -- ProtegeOWLParser.loadTriples()
2010.02.28 09:45:31.187 GMT-03:00 INFO: [ProtegeOWLParser] Completed triple loading after 297 ms -- ProtegeOWLParser.loadTriples()
2010.02.28 09:45:31.234 GMT-03:00 INFO: [TripleChangePostProcessor] Completed lists after 0 ms -- TripleChangePostProcessor.log()
2010.02.28 09:45:31.234 GMT-03:00 INFO: [TripleChangePostProcessor] Completed anonymous classes after 0 ms -- TripleChangePostProcessor.log()
2010.02.28 09:45:31.234 GMT-03:00 INFO: [TripleChangePostProcessor] Completed deprecated classes after 0 ms -- TripleChangePostProcessor.log()
2010.02.28 09:45:31.265 GMT-03:00 INFO: [TripleChangePostProcessor] Completed properties after 31 ms -- TripleChangePostProcessor.log()
2010.02.28 09:45:31.265 GMT-03:00 INFO: [TripleChangePostProcessor] Completed named classes after 0 ms -- TripleChangePostProcessor.log()
2010.02.28 09:45:31.265 GMT-03:00 INFO: ... Loading completed after 375 ms -- ProtegeOWLParser.loadTriples()
2010.02.28 09:45:31.750 GMT-03:00 INFO: Loading triples -- ProtegeOWLParser.loadTriples()
2010.02.28 09:45:32.062 GMT-03:00 INFO: [ProtegeOWLParser] Completed triple loading after 312 ms -- ProtegeOWLParser.loadTriples()
2010.02.28 09:45:32.093 GMT-03:00 INFO: [TripleChangePostProcessor] Completed lists after 0 ms -- TripleChangePostProcessor.log()
2010.02.28 09:45:32.093 GMT-03:00 INFO: [TripleChangePostProcessor] Completed anonymous classes after 0 ms -- TripleChangePostProcessor.log()
2010.02.28 09:45:32.093 GMT-03:00 INFO: [TripleChangePostProcessor] Completed deprecated classes after 0 ms -- TripleChangePostProcessor.log()
2010.02.28 09:45:32.125 GMT-03:00 INFO: [TripleChangePostProcessor] Completed properties after 32 ms -- TripleChangePostProcessor.log()
2010.02.28 09:45:32.140 GMT-03:00 INFO: [TripleChangePostProcessor] Completed named classes after 15 ms -- TripleChangePostProcessor.log()
2010.02.28 09:45:32.140 GMT-03:00 INFO: ... Loading completed after 390 ms -- ProtegeOWLParser.loadTriples()
2010.02.28 09:45:32.625 GMT-03:00 INFO: Loading triples -- ProtegeOWLParser.loadTriples()
2010.02.28 09:45:32.921 GMT-03:00 INFO: [ProtegeOWLParser] Completed triple loading after 296 ms -- ProtegeOWLParser.loadTriples()
2010.02.28 09:45:32.968 GMT-03:00 INFO: [TripleChangePostProcessor] Completed lists after 0 ms -- TripleChangePostProcessor.log()
2010.02.28 09:45:32.968 GMT-03:00 INFO: [TripleChangePostProcessor] Completed anonymous classes after 0 ms -- TripleChangePostProcessor.log()
2010.02.28 09:45:32.968 GMT-03:00 INFO: [TripleChangePostProcessor] Completed deprecated classes after 0 ms -- TripleChangePostProcessor.log()
2010.02.28 09:45:33.000 GMT-03:00 INFO: [TripleChangePostProcessor] Completed properties after 32 ms -- TripleChangePostProcessor.log()
2010.02.28 09:45:33.000 GMT-03:00 INFO: [TripleChangePostProcessor] Completed named classes after 0 ms -- TripleChangePostProcessor.log()
2010.02.28 09:45:33.000 GMT-03:00 INFO: ... Loading completed after 375 ms -- ProtegeOWLParser.loadTriples()
2010.02.28 09:45:33.468 GMT-03:00 INFO: Loading triples -- ProtegeOWLParser.loadTriples()
2010.02.28 09:45:33.765 GMT-03:00 INFO: [ProtegeOWLParser] Completed triple loading after 297 ms -- ProtegeOWLParser.loadTriples()
2010.02.28 09:45:33.796 GMT-03:00 INFO: [TripleChangePostProcessor] Completed lists after 0 ms -- TripleChangePostProcessor.log()
2010.02.28 09:45:33.812 GMT-03:00 INFO: [TripleChangePostProcessor] Completed anonymous classes after 16 ms -- TripleChangePostProcessor.log()
2010.02.28 09:45:33.812 GMT-03:00 INFO: [TripleChangePostProcessor] Completed deprecated classes after 0 ms -- TripleChangePostProcessor.log()
2010.02.28 09:45:33.843 GMT-03:00 INFO: [TripleChangePostProcessor] Completed properties after 31 ms -- TripleChangePostProcessor.log()
2010.02.28 09:45:33.843 GMT-03:00 INFO: [TripleChangePostProcessor] Completed named classes after 0 ms -- TripleChangePostProcessor.log()
2010.02.28 09:45:33.843 GMT-03:00 INFO: ... Loading completed after 375 ms -- ProtegeOWLParser.loadTriples()
2010.02.28 09:45:34.312 GMT-03:00 INFO: Loading triples -- ProtegeOWLParser.loadTriples()
2010.02.28 09:45:34.609 GMT-03:00 INFO: [ProtegeOWLParser] Completed triple loading after 297 ms -- ProtegeOWLParser.loadTriples()
2010.02.28 09:45:34.656 GMT-03:00 INFO: [TripleChangePostProcessor] Completed lists after 0 ms -- TripleChangePostProcessor.log()
2010.02.28 09:45:34.656 GMT-03:00 INFO: [TripleChangePostProcessor] Completed anonymous classes after 0 ms -- TripleChangePostProcessor.log()
2010.02.28 09:45:34.656 GMT-03:00 INFO: [TripleChangePostProcessor] Completed deprecated classes after 0 ms -- TripleChangePostProcessor.log()
2010.02.28 09:45:34.687 GMT-03:00 INFO: [TripleChangePostProcessor] Completed properties after 31 ms -- TripleChangePostProcessor.log()
2010.02.28 09:45:34.687 GMT-03:00 INFO: [TripleChangePostProcessor] Completed named classes after 0 ms -- TripleChangePostProcessor.log()
2010.02.28 09:45:34.687 GMT-03:00 INFO: ... Loading completed after 375 ms -- ProtegeOWLParser.loadTriples()
2010.02.28 09:45:44.484 GMT-03:00 INFO: *** SYSTEM START ***
2010.02.28 09:45:45.843 GMT-03:00 INFO: Loading triples -- ProtegeOWLParser.loadTriples()
2010.02.28 09:45:46.828 GMT-03:00 INFO: [ProtegeOWLParser] Completed triple loading after 860 ms -- ProtegeOWLParser.loadTriples()
2010.02.28 09:45:46.906 GMT-03:00 INFO: [TripleChangePostProcessor] Completed lists after 0 ms -- TripleChangePostProcessor.log()
2010.02.28 09:45:46.906 GMT-03:00 INFO: [TripleChangePostProcessor] Completed anonymous classes after 0 ms -- TripleChangePostProcessor.log()
2010.02.28 09:45:46.921 GMT-03:00 INFO: [TripleChangePostProcessor] Completed deprecated classes after 15 ms -- TripleChangePostProcessor.log()
2010.02.28 09:45:46.953 GMT-03:00 INFO: [TripleChangePostProcessor] Completed properties after 32 ms -- TripleChangePostProcessor.log()
2010.02.28 09:45:46.984 GMT-03:00 INFO: [TripleChangePostProcessor] Completed named classes after 31 ms -- TripleChangePostProcessor.log()
2010.02.28 09:45:46.984 GMT-03:00 INFO: ... Loading completed after 1016 ms -- ProtegeOWLParser.loadTriples()
2010.02.28 09:45:47.812 GMT-03:00 INFO: Loading triples -- ProtegeOWLParser.loadTriples()
2010.02.28 09:45:48.140 GMT-03:00 INFO: [ProtegeOWLParser] Completed triple loading after 328 ms -- ProtegeOWLParser.loadTriples()
2010.02.28 09:45:48.187 GMT-03:00 INFO: [TripleChangePostProcessor] Completed lists after 0 ms -- TripleChangePostProcessor.log()
2010.02.28 09:45:48.187 GMT-03:00 INFO: [TripleChangePostProcessor] Completed anonymous classes after 0 ms -- TripleChangePostProcessor.log()
2010.02.28 09:45:48.187 GMT-03:00 INFO: [TripleChangePostProcessor] Completed deprecated classes after 0 ms -- TripleChangePostProcessor.log()
2010.02.28 09:45:48.234 GMT-03:00 INFO: [TripleChangePostProcessor] Completed properties after 47 ms -- TripleChangePostProcessor.log()
2010.02.28 09:45:48.234 GMT-03:00 INFO: [TripleChangePostProcessor] Completed named classes after 0 ms -- TripleChangePostProcessor.log()
2010.02.28 09:45:48.234 GMT-03:00 INFO: ... Loading completed after 422 ms -- ProtegeOWLParser.loadTriples()
2010.02.28 09:45:48.750 GMT-03:00 INFO: Loading triples -- ProtegeOWLParser.loadTriples()
2010.02.28 09:45:49.062 GMT-03:00 INFO: [ProtegeOWLParser] Completed triple loading after 312 ms -- ProtegeOWLParser.loadTriples()
2010.02.28 09:45:49.125 GMT-03:00 INFO: [TripleChangePostProcessor] Completed lists after 0 ms -- TripleChangePostProcessor.log()
2010.02.28 09:45:49.125 GMT-03:00 INFO: [TripleChangePostProcessor] Completed anonymous classes after 0 ms -- TripleChangePostProcessor.log()
2010.02.28 09:45:49.125 GMT-03:00 INFO: [TripleChangePostProcessor] Completed deprecated classes after 0 ms -- TripleChangePostProcessor.log()
2010.02.28 09:45:49.171 GMT-03:00 INFO: [TripleChangePostProcessor] Completed properties after 46 ms -- TripleChangePostProcessor.log()
2010.02.28 09:45:49.171 GMT-03:00 INFO: [TripleChangePostProcessor] Completed named classes after 0 ms -- TripleChangePostProcessor.log()
2010.02.28 09:45:49.171 GMT-03:00 INFO: ... Loading completed after 421 ms -- ProtegeOWLParser.loadTriples()
2010.02.28 09:45:49.546 GMT-03:00 INFO: Loading triples -- ProtegeOWLParser.loadTriples()
2010.02.28 09:45:49.843 GMT-03:00 INFO: [ProtegeOWLParser] Completed triple loading after 297 ms -- ProtegeOWLParser.loadTriples()
2010.02.28 09:45:49.890 GMT-03:00 INFO: [TripleChangePostProcessor] Completed lists after 0 ms -- TripleChangePostProcessor.log()
2010.02.28 09:45:49.890 GMT-03:00 INFO: [TripleChangePostProcessor] Completed anonymous classes after 0 ms -- TripleChangePostProcessor.log()
2010.02.28 09:45:49.890 GMT-03:00 INFO: [TripleChangePostProcessor] Completed deprecated classes after 0 ms -- TripleChangePostProcessor.log()
2010.02.28 09:45:49.921 GMT-03:00 INFO: [TripleChangePostProcessor] Completed properties after 31 ms -- TripleChangePostProcessor.log()
2010.02.28 09:45:49.937 GMT-03:00 INFO: [TripleChangePostProcessor] Completed named classes after 16 ms -- TripleChangePostProcessor.log()
2010.02.28 09:45:49.937 GMT-03:00 INFO: ... Loading completed after 391 ms -- ProtegeOWLParser.loadTriples()
2010.02.28 09:45:50.468 GMT-03:00 INFO: Loading triples -- ProtegeOWLParser.loadTriples()
2010.02.28 09:45:50.765 GMT-03:00 INFO: [ProtegeOWLParser] Completed triple loading after 297 ms -- ProtegeOWLParser.loadTriples()
2010.02.28 09:45:50.812 GMT-03:00 INFO: [TripleChangePostProcessor] Completed lists after 0 ms -- TripleChangePostProcessor.log()
2010.02.28 09:45:50.812 GMT-03:00 INFO: [TripleChangePostProcessor] Completed anonymous classes after 0 ms -- TripleChangePostProcessor.log()
2010.02.28 09:45:50.812 GMT-03:00 INFO: [TripleChangePostProcessor] Completed deprecated classes after 0 ms -- TripleChangePostProcessor.log()
2010.02.28 09:45:50.843 GMT-03:00 INFO: [TripleChangePostProcessor] Completed properties after 31 ms -- TripleChangePostProcessor.log()
2010.02.28 09:45:50.843 GMT-03:00 INFO: [TripleChangePostProcessor] Completed named classes after 0 ms -- TripleChangePostProcessor.log()
2010.02.28 09:45:50.843 GMT-03:00 INFO: ... Loading completed after 375 ms -- ProtegeOWLParser.loadTriples()
2010.02.28 09:45:51.421 GMT-03:00 INFO: Loading triples -- ProtegeOWLParser.loadTriples()
2010.02.28 09:45:51.890 GMT-03:00 INFO: [ProtegeOWLParser] Completed triple loading after 469 ms -- ProtegeOWLParser.loadTriples()
2010.02.28 09:45:51.937 GMT-03:00 INFO: [TripleChangePostProcessor] Completed lists after 0 ms -- TripleChangePostProcessor.log()
2010.02.28 09:45:51.937 GMT-03:00 INFO: [TripleChangePostProcessor] Completed anonymous classes after 0 ms -- TripleChangePostProcessor.log()
2010.02.28 09:45:51.937 GMT-03:00 INFO: [TripleChangePostProcessor] Completed deprecated classes after 0 ms -- TripleChangePostProcessor.log()
2010.02.28 09:45:51.968 GMT-03:00 INFO: [TripleChangePostProcessor] Completed properties after 31 ms -- TripleChangePostProcessor.log()
2010.02.28 09:45:51.968 GMT-03:00 INFO: [TripleChangePostProcessor] Completed named classes after 0 ms -- TripleChangePostProcessor.log()
2010.02.28 09:45:51.968 GMT-03:00 INFO: ... Loading completed after 547 ms -- ProtegeOWLParser.loadTriples()
2010.02.28 09:46:25.843 GMT-03:00 INFO: *** SYSTEM START ***
2010.02.28 09:46:27.187 GMT-03:00 INFO: Loading triples -- ProtegeOWLParser.loadTriples()
2010.02.28 09:46:28.171 GMT-03:00 INFO: [ProtegeOWLParser] Completed triple loading after 843 ms -- ProtegeOWLParser.loadTriples()
2010.02.28 09:46:28.234 GMT-03:00 INFO: [TripleChangePostProcessor] Completed lists after 0 ms -- TripleChangePostProcessor.log()
2010.02.28 09:46:28.250 GMT-03:00 INFO: [TripleChangePostProcessor] Completed anonymous classes after 16 ms -- TripleChangePostProcessor.log()
2010.02.28 09:46:28.250 GMT-03:00 INFO: [TripleChangePostProcessor] Completed deprecated classes after 0 ms -- TripleChangePostProcessor.log()
2010.02.28 09:46:28.296 GMT-03:00 INFO: [TripleChangePostProcessor] Completed properties after 46 ms -- TripleChangePostProcessor.log()
2010.02.28 09:46:28.312 GMT-03:00 INFO: [TripleChangePostProcessor] Completed named classes after 16 ms -- TripleChangePostProcessor.log()
2010.02.28 09:46:28.312 GMT-03:00 INFO: ... Loading completed after 984 ms -- ProtegeOWLParser.loadTriples()
2010.02.28 09:46:30.015 GMT-03:00 INFO: Loading triples -- ProtegeOWLParser.loadTriples()
2010.02.28 09:46:30.375 GMT-03:00 INFO: [ProtegeOWLParser] Completed triple loading after 344 ms -- ProtegeOWLParser.loadTriples()
2010.02.28 09:46:30.421 GMT-03:00 INFO: [TripleChangePostProcessor] Completed lists after 0 ms -- TripleChangePostProcessor.log()
2010.02.28 09:46:30.421 GMT-03:00 INFO: [TripleChangePostProcessor] Completed anonymous classes after 0 ms -- TripleChangePostProcessor.log()
2010.02.28 09:46:30.421 GMT-03:00 INFO: [TripleChangePostProcessor] Completed deprecated classes after 0 ms -- TripleChangePostProcessor.log()
2010.02.28 09:46:30.453 GMT-03:00 INFO: [TripleChangePostProcessor] Completed properties after 32 ms -- TripleChangePostProcessor.log()
2010.02.28 09:46:30.468 GMT-03:00 INFO: [TripleChangePostProcessor] Completed named classes after 15 ms -- TripleChangePostProcessor.log()
2010.02.28 09:46:30.468 GMT-03:00 INFO: ... Loading completed after 437 ms -- ProtegeOWLParser.loadTriples()
2010.02.28 09:46:31.750 GMT-03:00 INFO: Loading triples -- ProtegeOWLParser.loadTriples()
2010.02.28 09:46:32.062 GMT-03:00 INFO: [ProtegeOWLParser] Completed triple loading after 312 ms -- ProtegeOWLParser.loadTriples()
2010.02.28 09:46:32.109 GMT-03:00 INFO: [TripleChangePostProcessor] Completed lists after 0 ms -- TripleChangePostProcessor.log()
2010.02.28 09:46:32.109 GMT-03:00 INFO: [TripleChangePostProcessor] Completed anonymous classes after 0 ms -- TripleChangePostProcessor.log()
2010.02.28 09:46:32.109 GMT-03:00 INFO: [TripleChangePostProcessor] Completed deprecated classes after 0 ms -- TripleChangePostProcessor.log()
2010.02.28 09:46:32.140 GMT-03:00 INFO: [TripleChangePostProcessor] Completed properties after 31 ms -- TripleChangePostProcessor.log()
2010.02.28 09:46:32.156 GMT-03:00 INFO: [TripleChangePostProcessor] Completed named classes after 16 ms -- TripleChangePostProcessor.log()
2010.02.28 09:46:32.156 GMT-03:00 INFO: ... Loading completed after 406 ms -- ProtegeOWLParser.loadTriples()
2010.02.28 09:46:33.125 GMT-03:00 INFO: Loading triples -- ProtegeOWLParser.loadTriples()
2010.02.28 09:46:33.421 GMT-03:00 INFO: [ProtegeOWLParser] Completed triple loading after 281 ms -- ProtegeOWLParser.loadTriples()
2010.02.28 09:46:33.468 GMT-03:00 INFO: [TripleChangePostProcessor] Completed lists after 0 ms -- TripleChangePostProcessor.log()
2010.02.28 09:46:33.468 GMT-03:00 INFO: [TripleChangePostProcessor] Completed anonymous classes after 0 ms -- TripleChangePostProcessor.log()
2010.02.28 09:46:33.468 GMT-03:00 INFO: [TripleChangePostProcessor] Completed deprecated classes after 0 ms -- TripleChangePostProcessor.log()
2010.02.28 09:46:33.500 GMT-03:00 INFO: [TripleChangePostProcessor] Completed properties after 32 ms -- TripleChangePostProcessor.log()
2010.02.28 09:46:33.500 GMT-03:00 INFO: [TripleChangePostProcessor] Completed named classes after 0 ms -- TripleChangePostProcessor.log()
2010.02.28 09:46:33.500 GMT-03:00 INFO: ... Loading completed after 375 ms -- ProtegeOWLParser.loadTriples()
2010.02.28 09:46:34.468 GMT-03:00 INFO: Loading triples -- ProtegeOWLParser.loadTriples()
2010.02.28 09:46:34.765 GMT-03:00 INFO: [ProtegeOWLParser] Completed triple loading after 297 ms -- ProtegeOWLParser.loadTriples()
2010.02.28 09:46:34.812 GMT-03:00 INFO: [TripleChangePostProcessor] Completed lists after 0 ms -- TripleChangePostProcessor.log()
2010.02.28 09:46:34.812 GMT-03:00 INFO: [TripleChangePostProcessor] Completed anonymous classes after 0 ms -- TripleChangePostProcessor.log()
2010.02.28 09:46:34.812 GMT-03:00 INFO: [TripleChangePostProcessor] Completed deprecated classes after 0 ms -- TripleChangePostProcessor.log()
2010.02.28 09:46:34.843 GMT-03:00 INFO: [TripleChangePostProcessor] Completed properties after 31 ms -- TripleChangePostProcessor.log()
2010.02.28 09:46:34.843 GMT-03:00 INFO: [TripleChangePostProcessor] Completed named classes after 0 ms -- TripleChangePostProcessor.log()
2010.02.28 09:46:34.859 GMT-03:00 INFO: ... Loading completed after 375 ms -- ProtegeOWLParser.loadTriples()
2010.02.28 09:46:35.312 GMT-03:00 INFO: Loading triples -- ProtegeOWLParser.loadTriples()
2010.02.28 09:46:35.625 GMT-03:00 INFO: [ProtegeOWLParser] Completed triple loading after 313 ms -- ProtegeOWLParser.loadTriples()
2010.02.28 09:46:35.656 GMT-03:00 INFO: [TripleChangePostProcessor] Completed lists after 0 ms -- TripleChangePostProcessor.log()
2010.02.28 09:46:35.656 GMT-03:00 INFO: [TripleChangePostProcessor] Completed anonymous classes after 0 ms -- TripleChangePostProcessor.log()
2010.02.28 09:46:35.656 GMT-03:00 INFO: [TripleChangePostProcessor] Completed deprecated classes after 0 ms -- TripleChangePostProcessor.log()
2010.02.28 09:46:35.687 GMT-03:00 INFO: [TripleChangePostProcessor] Completed properties after 16 ms -- TripleChangePostProcessor.log()
2010.02.28 09:46:35.687 GMT-03:00 INFO: [TripleChangePostProcessor] Completed named classes after 0 ms -- TripleChangePostProcessor.log()
2010.02.28 09:46:35.703 GMT-03:00 INFO: ... Loading completed after 391 ms -- ProtegeOWLParser.loadTriples()
2010.02.28 09:46:36.187 GMT-03:00 INFO: Loading triples -- ProtegeOWLParser.loadTriples()
2010.02.28 09:46:36.484 GMT-03:00 INFO: [ProtegeOWLParser] Completed triple loading after 297 ms -- ProtegeOWLParser.loadTriples()
2010.02.28 09:46:36.515 GMT-03:00 INFO: [TripleChangePostProcessor] Completed lists after 0 ms -- TripleChangePostProcessor.log()
2010.02.28 09:46:36.531 GMT-03:00 INFO: [TripleChangePostProcessor] Completed anonymous classes after 16 ms -- TripleChangePostProcessor.log()
2010.02.28 09:46:36.531 GMT-03:00 INFO: [TripleChangePostProcessor] Completed deprecated classes after 0 ms -- TripleChangePostProcessor.log()
2010.02.28 09:46:36.546 GMT-03:00 INFO: [TripleChangePostProcessor] Completed properties after 15 ms -- TripleChangePostProcessor.log()
2010.02.28 09:46:36.562 GMT-03:00 INFO: [TripleChangePostProcessor] Completed named classes after 16 ms -- TripleChangePostProcessor.log()
2010.02.28 09:46:36.562 GMT-03:00 INFO: ... Loading completed after 375 ms -- ProtegeOWLParser.loadTriples()
2010.02.28 09:46:37.062 GMT-03:00 INFO: Loading triples -- ProtegeOWLParser.loadTriples()
2010.02.28 09:46:37.343 GMT-03:00 INFO: [ProtegeOWLParser] Completed triple loading after 281 ms -- ProtegeOWLParser.loadTriples()
2010.02.28 09:46:37.375 GMT-03:00 INFO: [TripleChangePostProcessor] Completed lists after 0 ms -- TripleChangePostProcessor.log()
2010.02.28 09:46:37.375 GMT-03:00 INFO: [TripleChangePostProcessor] Completed anonymous classes after 0 ms -- TripleChangePostProcessor.log()
2010.02.28 09:46:37.375 GMT-03:00 INFO: [TripleChangePostProcessor] Completed deprecated classes after 0 ms -- TripleChangePostProcessor.log()
2010.02.28 09:46:37.406 GMT-03:00 INFO: [TripleChangePostProcessor] Completed properties after 31 ms -- TripleChangePostProcessor.log()
2010.02.28 09:46:37.421 GMT-03:00 INFO: [TripleChangePostProcessor] Completed named classes after 15 ms -- TripleChangePostProcessor.log()
2010.02.28 09:46:37.421 GMT-03:00 INFO: ... Loading completed after 359 ms -- ProtegeOWLParser.loadTriples()
2010.02.28 09:46:37.890 GMT-03:00 INFO: Loading triples -- ProtegeOWLParser.loadTriples()
2010.02.28 09:46:38.171 GMT-03:00 INFO: [ProtegeOWLParser] Completed triple loading after 281 ms -- ProtegeOWLParser.loadTriples()
2010.02.28 09:46:38.218 GMT-03:00 INFO: [TripleChangePostProcessor] Completed lists after 0 ms -- TripleChangePostProcessor.log()
2010.02.28 09:46:38.218 GMT-03:00 INFO: [TripleChangePostProcessor] Completed anonymous classes after 0 ms -- TripleChangePostProcessor.log()
2010.02.28 09:46:38.218 GMT-03:00 INFO: [TripleChangePostProcessor] Completed deprecated classes after 0 ms -- TripleChangePostProcessor.log()
2010.02.28 09:46:38.250 GMT-03:00 INFO: [TripleChangePostProcessor] Completed properties after 32 ms -- TripleChangePostProcessor.log()
2010.02.28 09:46:38.250 GMT-03:00 INFO: [TripleChangePostProcessor] Completed named classes after 0 ms -- TripleChangePostProcessor.log()
2010.02.28 09:46:38.250 GMT-03:00 INFO: ... Loading completed after 360 ms -- ProtegeOWLParser.loadTriples()
2010.02.28 09:46:38.718 GMT-03:00 INFO: Loading triples -- ProtegeOWLParser.loadTriples()
2010.02.28 09:46:39.015 GMT-03:00 INFO: [ProtegeOWLParser] Completed triple loading after 297 ms -- ProtegeOWLParser.loadTriples()
2010.02.28 09:46:39.046 GMT-03:00 INFO: [TripleChangePostProcessor] Completed lists after 0 ms -- TripleChangePostProcessor.log()
2010.02.28 09:46:39.046 GMT-03:00 INFO: [TripleChangePostProcessor] Completed anonymous classes after 0 ms -- TripleChangePostProcessor.log()
2010.02.28 09:46:39.046 GMT-03:00 INFO: [TripleChangePostProcessor] Completed deprecated classes after 0 ms -- TripleChangePostProcessor.log()
2010.02.28 09:46:39.078 GMT-03:00 INFO: [TripleChangePostProcessor] Completed properties after 32 ms -- TripleChangePostProcessor.log()
2010.02.28 09:46:39.078 GMT-03:00 INFO: [TripleChangePostProcessor] Completed named classes after 0 ms -- TripleChangePostProcessor.log()
2010.02.28 09:46:39.093 GMT-03:00 INFO: ... Loading completed after 375 ms -- ProtegeOWLParser.loadTriples()
2010.02.28 09:46:39.578 GMT-03:00 INFO: Loading triples -- ProtegeOWLParser.loadTriples()
2010.02.28 09:46:39.859 GMT-03:00 INFO: [ProtegeOWLParser] Completed triple loading after 281 ms -- ProtegeOWLParser.loadTriples()
2010.02.28 09:46:39.906 GMT-03:00 INFO: [TripleChangePostProcessor] Completed lists after 0 ms -- TripleChangePostProcessor.log()
2010.02.28 09:46:39.906 GMT-03:00 INFO: [TripleChangePostProcessor] Completed anonymous classes after 0 ms -- TripleChangePostProcessor.log()
2010.02.28 09:46:39.906 GMT-03:00 INFO: [TripleChangePostProcessor] Completed deprecated classes after 0 ms -- TripleChangePostProcessor.log()
2010.02.28 09:46:39.921 GMT-03:00 INFO: [TripleChangePostProcessor] Completed properties after 15 ms -- TripleChangePostProcessor.log()
2010.02.28 09:46:39.937 GMT-03:00 INFO: [TripleChangePostProcessor] Completed named classes after 16 ms -- TripleChangePostProcessor.log()
2010.02.28 09:46:39.937 GMT-03:00 INFO: ... Loading completed after 359 ms -- ProtegeOWLParser.loadTriples()
2010.02.28 09:46:40.437 GMT-03:00 INFO: Loading triples -- ProtegeOWLParser.loadTriples()
2010.02.28 09:46:40.718 GMT-03:00 INFO: [ProtegeOWLParser] Completed triple loading after 281 ms -- ProtegeOWLParser.loadTriples()
2010.02.28 09:46:40.765 GMT-03:00 INFO: [TripleChangePostProcessor] Completed lists after 0 ms -- TripleChangePostProcessor.log()
2010.02.28 09:46:40.765 GMT-03:00 INFO: [TripleChangePostProcessor] Completed anonymous classes after 0 ms -- TripleChangePostProcessor.log()
2010.02.28 09:46:40.765 GMT-03:00 INFO: [TripleChangePostProcessor] Completed deprecated classes after 0 ms -- TripleChangePostProcessor.log()
2010.02.28 09:46:40.781 GMT-03:00 INFO: [TripleChangePostProcessor] Completed properties after 16 ms -- TripleChangePostProcessor.log()
2010.02.28 09:46:40.796 GMT-03:00 INFO: [TripleChangePostProcessor] Completed named classes after 15 ms -- TripleChangePostProcessor.log()
2010.02.28 09:46:40.796 GMT-03:00 INFO: ... Loading completed after 359 ms -- ProtegeOWLParser.loadTriples()
2010.02.28 09:46:41.250 GMT-03:00 INFO: Loading triples -- ProtegeOWLParser.loadTriples()
2010.02.28 09:46:41.546 GMT-03:00 INFO: [ProtegeOWLParser] Completed triple loading after 296 ms -- ProtegeOWLParser.loadTriples()
2010.02.28 09:46:41.593 GMT-03:00 INFO: [TripleChangePostProcessor] Completed lists after 0 ms -- TripleChangePostProcessor.log()
2010.02.28 09:46:41.593 GMT-03:00 INFO: [TripleChangePostProcessor] Completed anonymous classes after 0 ms -- TripleChangePostProcessor.log()
2010.02.28 09:46:41.593 GMT-03:00 INFO: [TripleChangePostProcessor] Completed deprecated classes after 0 ms -- TripleChangePostProcessor.log()
2010.02.28 09:46:41.609 GMT-03:00 INFO: [TripleChangePostProcessor] Completed properties after 16 ms -- TripleChangePostProcessor.log()
2010.02.28 09:46:41.625 GMT-03:00 INFO: [TripleChangePostProcessor] Completed named classes after 16 ms -- TripleChangePostProcessor.log()
2010.02.28 09:46:41.625 GMT-03:00 INFO: ... Loading completed after 375 ms -- ProtegeOWLParser.loadTriples()
2010.02.28 09:46:42.078 GMT-03:00 INFO: Loading triples -- ProtegeOWLParser.loadTriples()
2010.02.28 09:46:42.359 GMT-03:00 INFO: [ProtegeOWLParser] Completed triple loading after 281 ms -- ProtegeOWLParser.loadTriples()
2010.02.28 09:46:42.390 GMT-03:00 INFO: [TripleChangePostProcessor] Completed lists after 0 ms -- TripleChangePostProcessor.log()
2010.02.28 09:46:42.390 GMT-03:00 INFO: [TripleChangePostProcessor] Completed anonymous classes after 0 ms -- TripleChangePostProcessor.log()
2010.02.28 09:46:42.390 GMT-03:00 INFO: [TripleChangePostProcessor] Completed deprecated classes after 0 ms -- TripleChangePostProcessor.log()
2010.02.28 09:46:42.421 GMT-03:00 INFO: [TripleChangePostProcessor] Completed properties after 31 ms -- TripleChangePostProcessor.log()
2010.02.28 09:46:42.437 GMT-03:00 INFO: [TripleChangePostProcessor] Completed named classes after 16 ms -- TripleChangePostProcessor.log()
2010.02.28 09:46:42.437 GMT-03:00 INFO: ... Loading completed after 359 ms -- ProtegeOWLParser.loadTriples()
2010.02.28 09:46:42.875 GMT-03:00 INFO: Loading triples -- ProtegeOWLParser.loadTriples()
2010.02.28 09:46:43.171 GMT-03:00 INFO: [ProtegeOWLParser] Completed triple loading after 296 ms -- ProtegeOWLParser.loadTriples()
2010.02.28 09:46:43.203 GMT-03:00 INFO: [TripleChangePostProcessor] Completed lists after 0 ms -- TripleChangePostProcessor.log()
2010.02.28 09:46:43.203 GMT-03:00 INFO: [TripleChangePostProcessor] Completed anonymous classes after 0 ms -- TripleChangePostProcessor.log()
2010.02.28 09:46:43.203 GMT-03:00 INFO: [TripleChangePostProcessor] Completed deprecated classes after 0 ms -- TripleChangePostProcessor.log()
2010.02.28 09:46:43.234 GMT-03:00 INFO: [TripleChangePostProcessor] Completed properties after 31 ms -- TripleChangePostProcessor.log()
2010.02.28 09:46:43.234 GMT-03:00 INFO: [TripleChangePostProcessor] Completed named classes after 0 ms -- TripleChangePostProcessor.log()
2010.02.28 09:46:43.250 GMT-03:00 INFO: ... Loading completed after 375 ms -- ProtegeOWLParser.loadTriples()
2010.02.28 09:46:43.703 GMT-03:00 INFO: Loading triples -- ProtegeOWLParser.loadTriples()
2010.02.28 09:46:43.984 GMT-03:00 INFO: [ProtegeOWLParser] Completed triple loading after 281 ms -- ProtegeOWLParser.loadTriples()
2010.02.28 09:46:44.015 GMT-03:00 INFO: [TripleChangePostProcessor] Completed lists after 0 ms -- TripleChangePostProcessor.log()
2010.02.28 09:46:44.015 GMT-03:00 INFO: [TripleChangePostProcessor] Completed anonymous classes after 0 ms -- TripleChangePostProcessor.log()
2010.02.28 09:46:44.015 GMT-03:00 INFO: [TripleChangePostProcessor] Completed deprecated classes after 0 ms -- TripleChangePostProcessor.log()
2010.02.28 09:46:44.046 GMT-03:00 INFO: [TripleChangePostProcessor] Completed properties after 31 ms -- TripleChangePostProcessor.log()
2010.02.28 09:46:44.062 GMT-03:00 INFO: [TripleChangePostProcessor] Completed named classes after 16 ms -- TripleChangePostProcessor.log()
2010.02.28 09:46:44.062 GMT-03:00 INFO: ... Loading completed after 359 ms -- ProtegeOWLParser.loadTriples()
2010.02.28 09:46:44.515 GMT-03:00 INFO: Loading triples -- ProtegeOWLParser.loadTriples()
2010.02.28 09:46:44.796 GMT-03:00 INFO: [ProtegeOWLParser] Completed triple loading after 281 ms -- ProtegeOWLParser.loadTriples()
2010.02.28 09:46:44.828 GMT-03:00 INFO: [TripleChangePostProcessor] Completed lists after 0 ms -- TripleChangePostProcessor.log()
2010.02.28 09:46:44.828 GMT-03:00 INFO: [TripleChangePostProcessor] Completed anonymous classes after 0 ms -- TripleChangePostProcessor.log()
2010.02.28 09:46:44.828 GMT-03:00 INFO: [TripleChangePostProcessor] Completed deprecated classes after 0 ms -- TripleChangePostProcessor.log()
2010.02.28 09:46:44.859 GMT-03:00 INFO: [TripleChangePostProcessor] Completed properties after 31 ms -- TripleChangePostProcessor.log()
2010.02.28 09:46:44.875 GMT-03:00 INFO: [TripleChangePostProcessor] Completed named classes after 16 ms -- TripleChangePostProcessor.log()
2010.02.28 09:46:44.875 GMT-03:00 INFO: ... Loading completed after 360 ms -- ProtegeOWLParser.loadTriples()
2010.02.28 09:46:45.312 GMT-03:00 INFO: Loading triples -- ProtegeOWLParser.loadTriples()
2010.02.28 09:46:45.593 GMT-03:00 INFO: [ProtegeOWLParser] Completed triple loading after 281 ms -- ProtegeOWLParser.loadTriples()
2010.02.28 09:46:45.625 GMT-03:00 INFO: [TripleChangePostProcessor] Completed lists after 0 ms -- TripleChangePostProcessor.log()
2010.02.28 09:46:45.625 GMT-03:00 INFO: [TripleChangePostProcessor] Completed anonymous classes after 0 ms -- TripleChangePostProcessor.log()
2010.02.28 09:46:45.640 GMT-03:00 INFO: [TripleChangePostProcessor] Completed deprecated classes after 15 ms -- TripleChangePostProcessor.log()
2010.02.28 09:46:45.656 GMT-03:00 INFO: [TripleChangePostProcessor] Completed properties after 16 ms -- TripleChangePostProcessor.log()
2010.02.28 09:46:45.671 GMT-03:00 INFO: [TripleChangePostProcessor] Completed named classes after 15 ms -- TripleChangePostProcessor.log()
2010.02.28 09:46:45.671 GMT-03:00 INFO: ... Loading completed after 359 ms -- ProtegeOWLParser.loadTriples()
2010.02.28 09:50:58.781 GMT-03:00 INFO: *** SYSTEM START ***
2010.02.28 10:04:10.828 GMT-03:00 INFO: *** SYSTEM START ***
2010.02.28 10:04:13.031 GMT-03:00 INFO: Loading triples -- ProtegeOWLParser.loadTriples()
2010.02.28 10:04:14.625 GMT-03:00 INFO: [ProtegeOWLParser] Completed triple loading after 1329 ms -- ProtegeOWLParser.loadTriples()
2010.02.28 10:04:14.734 GMT-03:00 INFO: [TripleChangePostProcessor] Completed lists after 0 ms -- TripleChangePostProcessor.log()
2010.02.28 10:04:14.750 GMT-03:00 INFO: [TripleChangePostProcessor] Completed anonymous classes after 16 ms -- TripleChangePostProcessor.log()
2010.02.28 10:04:14.765 GMT-03:00 INFO: [TripleChangePostProcessor] Completed deprecated classes after 0 ms -- TripleChangePostProcessor.log()
2010.02.28 10:04:14.828 GMT-03:00 INFO: [TripleChangePostProcessor] Completed properties after 63 ms -- TripleChangePostProcessor.log()
2010.02.28 10:04:14.875 GMT-03:00 INFO: [TripleChangePostProcessor] Completed named classes after 47 ms -- TripleChangePostProcessor.log()
2010.02.28 10:04:14.875 GMT-03:00 INFO: ... Loading completed after 1579 ms -- ProtegeOWLParser.loadTriples()
2010.02.28 10:04:56.656 GMT-03:00 INFO: Loading triples -- ProtegeOWLParser.loadTriples()
2010.02.28 10:04:57.359 GMT-03:00 INFO: [ProtegeOWLParser] Completed triple loading after 703 ms -- ProtegeOWLParser.loadTriples()
2010.02.28 10:04:57.421 GMT-03:00 INFO: [TripleChangePostProcessor] Completed lists after 0 ms -- TripleChangePostProcessor.log()
2010.02.28 10:04:57.437 GMT-03:00 INFO: [TripleChangePostProcessor] Completed anonymous classes after 16 ms -- TripleChangePostProcessor.log()
2010.02.28 10:04:57.437 GMT-03:00 INFO: [TripleChangePostProcessor] Completed deprecated classes after 0 ms -- TripleChangePostProcessor.log()
2010.02.28 10:04:57.484 GMT-03:00 INFO: [TripleChangePostProcessor] Completed properties after 47 ms -- TripleChangePostProcessor.log()
2010.02.28 10:04:57.484 GMT-03:00 INFO: [TripleChangePostProcessor] Completed named classes after 0 ms -- TripleChangePostProcessor.log()
2010.02.28 10:04:57.500 GMT-03:00 INFO: ... Loading completed after 844 ms -- ProtegeOWLParser.loadTriples()
2010.02.28 10:06:12.843 GMT-03:00 INFO: *** SYSTEM START ***
2010.02.28 10:06:14.656 GMT-03:00 INFO: Loading triples -- ProtegeOWLParser.loadTriples()
2010.02.28 10:06:16.046 GMT-03:00 INFO: [ProtegeOWLParser] Completed triple loading after 1187 ms -- ProtegeOWLParser.loadTriples()
2010.02.28 10:06:16.171 GMT-03:00 INFO: [TripleChangePostProcessor] Completed lists after 0 ms -- TripleChangePostProcessor.log()
2010.02.28 10:06:16.187 GMT-03:00 INFO: [TripleChangePostProcessor] Completed anonymous classes after 16 ms -- TripleChangePostProcessor.log()
2010.02.28 10:06:16.187 GMT-03:00 INFO: [TripleChangePostProcessor] Completed deprecated classes after 0 ms -- TripleChangePostProcessor.log()
2010.02.28 10:06:16.250 GMT-03:00 INFO: [TripleChangePostProcessor] Completed properties after 63 ms -- TripleChangePostProcessor.log()
2010.02.28 10:06:16.281 GMT-03:00 INFO: [TripleChangePostProcessor] Completed named classes after 31 ms -- TripleChangePostProcessor.log()
2010.02.28 10:06:16.281 GMT-03:00 INFO: ... Loading completed after 1422 ms -- ProtegeOWLParser.loadTriples()
2010.02.28 10:22:27.562 GMT-03:00 INFO: *** SYSTEM START ***
2010.02.28 10:43:13.093 GMT-03:00 INFO: *** SYSTEM START ***
2010.02.28 10:53:30.109 GMT-03:00 INFO: *** SYSTEM START ***
2010.02.28 10:55:22.375 GMT-03:00 INFO: *** SYSTEM START ***
2010.02.28 11:03:22.359 GMT-03:00 INFO: *** SYSTEM START ***
2010.02.28 11:03:26.953 GMT-03:00 INFO: Loading triples -- ProtegeOWLParser.loadTriples()
2010.02.28 11:03:28.312 GMT-03:00 INFO: [ProtegeOWLParser] Completed triple loading after 1031 ms -- ProtegeOWLParser.loadTriples()
2010.02.28 11:03:28.406 GMT-03:00 INFO: [TripleChangePostProcessor] Completed lists after 0 ms -- TripleChangePostProcessor.log()
2010.02.28 11:03:28.421 GMT-03:00 INFO: [TripleChangePostProcessor] Completed anonymous classes after 15 ms -- TripleChangePostProcessor.log()
2010.02.28 11:03:28.437 GMT-03:00 INFO: [TripleChangePostProcessor] Completed deprecated classes after 16 ms -- TripleChangePostProcessor.log()
2010.02.28 11:03:28.500 GMT-03:00 INFO: [TripleChangePostProcessor] Completed properties after 63 ms -- TripleChangePostProcessor.log()
2010.02.28 11:03:28.515 GMT-03:00 INFO: [TripleChangePostProcessor] Completed named classes after 15 ms -- TripleChangePostProcessor.log()
2010.02.28 11:03:28.515 GMT-03:00 INFO: ... Loading completed after 1234 ms -- ProtegeOWLParser.loadTriples()
2010.02.28 11:03:46.875 GMT-03:00 INFO: Loading triples -- ProtegeOWLParser.loadTriples()
2010.02.28 11:03:47.203 GMT-03:00 INFO: [ProtegeOWLParser] Completed triple loading after 313 ms -- ProtegeOWLParser.loadTriples()
2010.02.28 11:03:47.234 GMT-03:00 INFO: [TripleChangePostProcessor] Completed lists after 0 ms -- TripleChangePostProcessor.log()
2010.02.28 11:03:47.250 GMT-03:00 INFO: [TripleChangePostProcessor] Completed anonymous classes after 16 ms -- TripleChangePostProcessor.log()
2010.02.28 11:03:47.250 GMT-03:00 INFO: [TripleChangePostProcessor] Completed deprecated classes after 0 ms -- TripleChangePostProcessor.log()
2010.02.28 11:03:47.281 GMT-03:00 INFO: [TripleChangePostProcessor] Completed properties after 31 ms -- TripleChangePostProcessor.log()
2010.02.28 11:03:47.281 GMT-03:00 INFO: [TripleChangePostProcessor] Completed named classes after 0 ms -- TripleChangePostProcessor.log()
2010.02.28 11:03:47.296 GMT-03:00 INFO: ... Loading completed after 406 ms -- ProtegeOWLParser.loadTriples()
2010.02.28 11:41:35.906 GMT-03:00 INFO: *** SYSTEM START ***
2010.02.28 11:42:58.031 GMT-03:00 INFO: *** SYSTEM START ***
2010.02.28 11:43:18.890 GMT-03:00 INFO: Loading triples -- ProtegeOWLParser.loadTriples()
2010.02.28 11:43:20.265 GMT-03:00 INFO: [ProtegeOWLParser] Completed triple loading after 1031 ms -- ProtegeOWLParser.loadTriples()
2010.02.28 11:43:20.343 GMT-03:00 INFO: [TripleChangePostProcessor] Completed lists after 0 ms -- TripleChangePostProcessor.log()
2010.02.28 11:43:20.375 GMT-03:00 INFO: [TripleChangePostProcessor] Completed anonymous classes after 32 ms -- TripleChangePostProcessor.log()
2010.02.28 11:43:20.375 GMT-03:00 INFO: [TripleChangePostProcessor] Completed deprecated classes after 0 ms -- TripleChangePostProcessor.log()
2010.02.28 11:43:20.437 GMT-03:00 INFO: [TripleChangePostProcessor] Completed properties after 62 ms -- TripleChangePostProcessor.log()
2010.02.28 11:43:20.453 GMT-03:00 INFO: [TripleChangePostProcessor] Completed named classes after 16 ms -- TripleChangePostProcessor.log()
2010.02.28 11:43:20.453 GMT-03:00 INFO: ... Loading completed after 1219 ms -- ProtegeOWLParser.loadTriples()
2010.02.28 11:43:33.687 GMT-03:00 INFO: Loading triples -- ProtegeOWLParser.loadTriples()
2010.02.28 11:43:34.015 GMT-03:00 INFO: [ProtegeOWLParser] Completed triple loading after 312 ms -- ProtegeOWLParser.loadTriples()
2010.02.28 11:43:34.062 GMT-03:00 INFO: [TripleChangePostProcessor] Completed lists after 0 ms -- TripleChangePostProcessor.log()
2010.02.28 11:43:34.062 GMT-03:00 INFO: [TripleChangePostProcessor] Completed anonymous classes after 0 ms -- TripleChangePostProcessor.log()
2010.02.28 11:43:34.062 GMT-03:00 INFO: [TripleChangePostProcessor] Completed deprecated classes after 0 ms -- TripleChangePostProcessor.log()
2010.02.28 11:43:34.093 GMT-03:00 INFO: [TripleChangePostProcessor] Completed properties after 31 ms -- TripleChangePostProcessor.log()
2010.02.28 11:43:34.109 GMT-03:00 INFO: [TripleChangePostProcessor] Completed named classes after 16 ms -- TripleChangePostProcessor.log()
2010.02.28 11:43:34.109 GMT-03:00 INFO: ... Loading completed after 406 ms -- ProtegeOWLParser.loadTriples()
2010.02.28 12:27:48.906 GMT-03:00 INFO: *** SYSTEM START ***
2010.02.28 12:27:50.890 GMT-03:00 INFO: Loading triples -- ProtegeOWLParser.loadTriples()
2010.02.28 12:27:52.062 GMT-03:00 INFO: [ProtegeOWLParser] Completed triple loading after 922 ms -- ProtegeOWLParser.loadTriples()
2010.02.28 12:27:52.125 GMT-03:00 INFO: [TripleChangePostProcessor] Completed lists after 0 ms -- TripleChangePostProcessor.log()
2010.02.28 12:27:52.156 GMT-03:00 INFO: [TripleChangePostProcessor] Completed anonymous classes after 31 ms -- TripleChangePostProcessor.log()
2010.02.28 12:27:52.171 GMT-03:00 INFO: [TripleChangePostProcessor] Completed deprecated classes after 15 ms -- TripleChangePostProcessor.log()
2010.02.28 12:27:52.234 GMT-03:00 INFO: [TripleChangePostProcessor] Completed properties after 63 ms -- TripleChangePostProcessor.log()
2010.02.28 12:27:52.250 GMT-03:00 INFO: [TripleChangePostProcessor] Completed named classes after 16 ms -- TripleChangePostProcessor.log()
2010.02.28 12:27:52.250 GMT-03:00 INFO: ... Loading completed after 1110 ms -- ProtegeOWLParser.loadTriples()
2010.02.28 12:28:39.953 GMT-03:00 INFO: Loading triples -- ProtegeOWLParser.loadTriples()
2010.02.28 12:28:40.250 GMT-03:00 INFO: [ProtegeOWLParser] Completed triple loading after 297 ms -- ProtegeOWLParser.loadTriples()
2010.02.28 12:28:40.296 GMT-03:00 INFO: [TripleChangePostProcessor] Completed lists after 0 ms -- TripleChangePostProcessor.log()
2010.02.28 12:28:40.312 GMT-03:00 INFO: [TripleChangePostProcessor] Completed anonymous classes after 16 ms -- TripleChangePostProcessor.log()
2010.02.28 12:28:40.312 GMT-03:00 INFO: [TripleChangePostProcessor] Completed deprecated classes after 0 ms -- TripleChangePostProcessor.log()
2010.02.28 12:28:40.328 GMT-03:00 INFO: [TripleChangePostProcessor] Completed properties after 16 ms -- TripleChangePostProcessor.log()
2010.02.28 12:28:40.343 GMT-03:00 INFO: [TripleChangePostProcessor] Completed named classes after 15 ms -- TripleChangePostProcessor.log()
2010.02.28 12:28:40.343 GMT-03:00 INFO: ... Loading completed after 390 ms -- ProtegeOWLParser.loadTriples()
2010.02.28 12:28:56.812 GMT-03:00 INFO: Loading triples -- ProtegeOWLParser.loadTriples()
2010.02.28 12:28:57.546 GMT-03:00 INFO: [ProtegeOWLParser] Completed triple loading after 718 ms -- ProtegeOWLParser.loadTriples()
2010.02.28 12:28:57.609 GMT-03:00 INFO: [TripleChangePostProcessor] Completed lists after 0 ms -- TripleChangePostProcessor.log()
2010.02.28 12:28:57.625 GMT-03:00 INFO: [TripleChangePostProcessor] Completed anonymous classes after 16 ms -- TripleChangePostProcessor.log()
2010.02.28 12:28:57.625 GMT-03:00 INFO: [TripleChangePostProcessor] Completed deprecated classes after 0 ms -- TripleChangePostProcessor.log()
2010.02.28 12:28:57.671 GMT-03:00 INFO: [TripleChangePostProcessor] Completed properties after 46 ms -- TripleChangePostProcessor.log()
2010.02.28 12:28:57.687 GMT-03:00 INFO: [TripleChangePostProcessor] Completed named classes after 16 ms -- TripleChangePostProcessor.log()
2010.02.28 12:28:57.687 GMT-03:00 INFO: ... Loading completed after 859 ms -- ProtegeOWLParser.loadTriples()
2010.02.28 12:29:18.312 GMT-03:00 INFO: Loading triples -- ProtegeOWLParser.loadTriples()
2010.02.28 12:29:19.281 GMT-03:00 INFO: [ProtegeOWLParser] Completed triple loading after 969 ms -- ProtegeOWLParser.loadTriples()
2010.02.28 12:29:19.359 GMT-03:00 INFO: [TripleChangePostProcessor] Completed lists after 0 ms -- TripleChangePostProcessor.log()
2010.02.28 12:29:19.359 GMT-03:00 INFO: [TripleChangePostProcessor] Completed anonymous classes after 0 ms -- TripleChangePostProcessor.log()
2010.02.28 12:29:19.359 GMT-03:00 INFO: [TripleChangePostProcessor] Completed deprecated classes after 0 ms -- TripleChangePostProcessor.log()
2010.02.28 12:29:19.406 GMT-03:00 INFO: [TripleChangePostProcessor] Completed properties after 47 ms -- TripleChangePostProcessor.log()
2010.02.28 12:29:19.421 GMT-03:00 INFO: [TripleChangePostProcessor] Completed named classes after 15 ms -- TripleChangePostProcessor.log()
2010.02.28 12:29:19.421 GMT-03:00 INFO: ... Loading completed after 1109 ms -- ProtegeOWLParser.loadTriples()
2010.02.28 12:43:04.781 GMT-03:00 INFO: *** SYSTEM START ***
2010.02.28 12:43:05.906 GMT-03:00 INFO: Loading triples -- ProtegeOWLParser.loadTriples()
2010.02.28 12:43:06.609 GMT-03:00 INFO: [ProtegeOWLParser] Completed triple loading after 563 ms -- ProtegeOWLParser.loadTriples()
2010.02.28 12:43:06.671 GMT-03:00 INFO: [TripleChangePostProcessor] Completed lists after 15 ms -- TripleChangePostProcessor.log()
2010.02.28 12:43:06.671 GMT-03:00 INFO: [TripleChangePostProcessor] Completed anonymous classes after 0 ms -- TripleChangePostProcessor.log()
2010.02.28 12:43:06.687 GMT-03:00 INFO: [TripleChangePostProcessor] Completed deprecated classes after 16 ms -- TripleChangePostProcessor.log()
2010.02.28 12:43:06.718 GMT-03:00 INFO: [TripleChangePostProcessor] Completed properties after 31 ms -- TripleChangePostProcessor.log()
2010.02.28 12:43:06.750 GMT-03:00 INFO: [TripleChangePostProcessor] Completed named classes after 32 ms -- TripleChangePostProcessor.log()
2010.02.28 12:43:06.750 GMT-03:00 INFO: ... Loading completed after 704 ms -- ProtegeOWLParser.loadTriples()
2010.02.28 12:44:29.390 GMT-03:00 INFO: *** SYSTEM START ***
2010.02.28 12:44:31.187 GMT-03:00 INFO: Loading triples -- ProtegeOWLParser.loadTriples()
2010.02.28 12:44:32.265 GMT-03:00 INFO: [ProtegeOWLParser] Completed triple loading after 859 ms -- ProtegeOWLParser.loadTriples()
2010.02.28 12:44:32.343 GMT-03:00 INFO: [TripleChangePostProcessor] Completed lists after 0 ms -- TripleChangePostProcessor.log()
2010.02.28 12:44:32.359 GMT-03:00 INFO: [TripleChangePostProcessor] Completed anonymous classes after 16 ms -- TripleChangePostProcessor.log()
2010.02.28 12:44:32.375 GMT-03:00 INFO: [TripleChangePostProcessor] Completed deprecated classes after 0 ms -- TripleChangePostProcessor.log()
2010.02.28 12:44:32.437 GMT-03:00 INFO: [TripleChangePostProcessor] Completed properties after 62 ms -- TripleChangePostProcessor.log()
2010.02.28 12:44:32.468 GMT-03:00 INFO: [TripleChangePostProcessor] Completed named classes after 31 ms -- TripleChangePostProcessor.log()
2010.02.28 12:44:32.468 GMT-03:00 INFO: ... Loading completed after 1062 ms -- ProtegeOWLParser.loadTriples()
2010.02.28 12:47:22.765 GMT-03:00 INFO: *** SYSTEM START ***
2010.02.28 12:47:24.625 GMT-03:00 INFO: Loading triples -- ProtegeOWLParser.loadTriples()
2010.02.28 12:47:25.265 GMT-03:00 SEVERE: An error occurred at parsing the OWL ontology 

    http://dummy-ontologies.com/dummy.owl

    at line -1 and column -1.
    Jena parse error message: {E213} dummy-ontologies.com -- java.net.UnknownHostException: dummy-ontologies.com
	at com.hp.hpl.jena.rdf.arp.impl.XMLHandler.generalError(XMLHandler.java:196)
	at com.hp.hpl.jena.rdf.arp.impl.RDFXMLParser.parse(RDFXMLParser.java:113)
	at com.hp.hpl.jena.rdf.arp.ARP.load(ARP.java:143)
	at edu.stanford.smi.protegex.owl.jena.parser.ProtegeOWLParser$1.invokeARP(Unknown Source)
	at edu.stanford.smi.protegex.owl.jena.parser.ProtegeOWLParser.loadTriples(Unknown Source)
	at edu.stanford.smi.protegex.owl.jena.parser.ProtegeOWLParser.run(Unknown Source)
	at edu.stanford.smi.protegex.owl.jena.parser.ProtegeOWLParser.run(Unknown Source)
	at edu.stanford.smi.protegex.owl.jena.JenaOWLModel.load(Unknown Source)
	at unbbayes.io.mebn.PROWLModelUser.loadPrOwlModel(PROWLModelUser.java:98)
	at unbbayes.io.mebn.SaverPrOwlIO.saveMebn(SaverPrOwlIO.java:123)
	at unbbayes.io.mebn.SaverPrOwlIO.saveMebn(SaverPrOwlIO.java:177)
	at unbbayes.io.mebn.PrOwlIO.saveMebn(PrOwlIO.java:227)
	at unbbayes.io.mebn.UbfIO.saveMebn(UbfIO.java:759)
	at unbbayes.io.mebn.UbfIO.save(UbfIO.java:605)
	at unbbayes.io.FileExtensionIODelegator.save(FileExtensionIODelegator.java:101)
	at unbbayes.controller.MainController.saveNet(MainController.java:200)
	at unbbayes.gui.UnBBayesFrame$2.actionPerformed(UnBBayesFrame.java:520)
	at javax.swing.AbstractButton.fireActionPerformed(AbstractButton.java:1849)
	at javax.swing.AbstractButton$Handler.actionPerformed(AbstractButton.java:2169)
	at javax.swing.DefaultButtonModel.fireActionPerformed(DefaultButtonModel.java:420)
	at javax.swing.DefaultButtonModel.setPressed(DefaultButtonModel.java:258)
	at javax.swing.plaf.basic.BasicButtonListener.mouseReleased(BasicButtonListener.java:236)
	at java.awt.AWTEventMulticaster.mouseReleased(AWTEventMulticaster.java:231)
	at java.awt.Component.processMouseEvent(Component.java:5517)
	at javax.swing.JComponent.processMouseEvent(JComponent.java:3135)
	at java.awt.Component.processEvent(Component.java:5282)
	at java.awt.Container.processEvent(Container.java:1966)
	at java.awt.Component.dispatchEventImpl(Component.java:3984)
	at java.awt.Container.dispatchEventImpl(Container.java:2024)
	at java.awt.Component.dispatchEvent(Component.java:3819)
	at java.awt.LightweightDispatcher.retargetMouseEvent(Container.java:4212)
	at java.awt.LightweightDispatcher.processMouseEvent(Container.java:3892)
	at java.awt.LightweightDispatcher.dispatchEvent(Container.java:3822)
	at java.awt.Container.dispatchEventImpl(Container.java:2010)
	at java.awt.Window.dispatchEventImpl(Window.java:1791)
	at java.awt.Component.dispatchEvent(Component.java:3819)
	at java.awt.EventQueue.dispatchEvent(EventQueue.java:463)
	at java.awt.EventDispatchThread.pumpOneEventForHierarchy(EventDispatchThread.java:242)
	at java.awt.EventDispatchThread.pumpEventsForHierarchy(EventDispatchThread.java:163)
	at java.awt.EventDispatchThread.pumpEvents(EventDispatchThread.java:157)
	at java.awt.EventDispatchThread.pumpEvents(EventDispatchThread.java:149)
	at java.awt.EventDispatchThread.run(EventDispatchThread.java:110)
Caused by: java.net.UnknownHostException: dummy-ontologies.com
	at java.net.PlainSocketImpl.connect(PlainSocketImpl.java:177)
	at java.net.Socket.connect(Socket.java:520)
	at java.net.Socket.connect(Socket.java:470)
	at sun.net.NetworkClient.doConnect(NetworkClient.java:157)
	at sun.net.www.http.HttpClient.openServer(HttpClient.java:388)
	at sun.net.www.http.HttpClient.openServer(HttpClient.java:523)
	at sun.net.www.http.HttpClient.<init>(HttpClient.java:231)
	at sun.net.www.http.HttpClient.New(HttpClient.java:304)
	at sun.net.www.http.HttpClient.New(HttpClient.java:321)
	at sun.net.www.protocol.http.HttpURLConnection.getNewHttpClient(HttpURLConnection.java:813)
	at sun.net.www.protocol.http.HttpURLConnection.plainConnect(HttpURLConnection.java:765)
	at sun.net.www.protocol.http.HttpURLConnection.connect(HttpURLConnection.java:690)
	at sun.net.www.protocol.http.HttpURLConnection.getInputStream(HttpURLConnection.java:934)
	at org.apache.xerces.impl.XMLEntityManager.setupCurrentEntity(Unknown Source)
	at org.apache.xerces.impl.XMLEntityManager.startEntity(Unknown Source)
	at org.apache.xerces.impl.XMLEntityManager.startDocumentEntity(Unknown Source)
	at org.apache.xerces.impl.XMLDocumentScannerImpl.setInputSource(Unknown Source)
	at org.apache.xerces.parsers.DTDConfiguration.parse(Unknown Source)
	at org.apache.xerces.parsers.DTDConfiguration.parse(Unknown Source)
	at org.apache.xerces.parsers.XMLParser.parse(Unknown Source)
	at org.apache.xerces.parsers.AbstractSAXParser.parse(Unknown Source)
	at com.hp.hpl.jena.rdf.arp.impl.RDFXMLParser.parse(RDFXMLParser.java:106)
	... 40 more

2010.02.28 12:48:58.875 GMT-03:00 INFO: Loading triples -- ProtegeOWLParser.loadTriples()
2010.02.28 12:48:59.468 GMT-03:00 SEVERE: An error occurred at parsing the OWL ontology 

    http://dummy-ontologies.com/dummy.owl

    at line -1 and column -1.
    Jena parse error message: {E213} dummy-ontologies.com -- java.net.UnknownHostException: dummy-ontologies.com
	at com.hp.hpl.jena.rdf.arp.impl.XMLHandler.generalError(XMLHandler.java:196)
	at com.hp.hpl.jena.rdf.arp.impl.RDFXMLParser.parse(RDFXMLParser.java:113)
	at com.hp.hpl.jena.rdf.arp.ARP.load(ARP.java:143)
	at edu.stanford.smi.protegex.owl.jena.parser.ProtegeOWLParser$1.invokeARP(Unknown Source)
	at edu.stanford.smi.protegex.owl.jena.parser.ProtegeOWLParser.loadTriples(Unknown Source)
	at edu.stanford.smi.protegex.owl.jena.parser.ProtegeOWLParser.run(Unknown Source)
	at edu.stanford.smi.protegex.owl.jena.parser.ProtegeOWLParser.run(Unknown Source)
	at edu.stanford.smi.protegex.owl.jena.JenaOWLModel.load(Unknown Source)
	at unbbayes.io.mebn.PROWLModelUser.loadPrOwlModel(PROWLModelUser.java:98)
	at unbbayes.io.mebn.SaverPrOwlIO.saveMebn(SaverPrOwlIO.java:123)
	at unbbayes.io.mebn.SaverPrOwlIO.saveMebn(SaverPrOwlIO.java:177)
	at unbbayes.io.mebn.PrOwlIO.saveMebn(PrOwlIO.java:227)
	at unbbayes.io.mebn.UbfIO.saveMebn(UbfIO.java:759)
	at unbbayes.io.mebn.UbfIO.save(UbfIO.java:605)
	at unbbayes.io.FileExtensionIODelegator.save(FileExtensionIODelegator.java:101)
	at unbbayes.controller.MainController.saveNet(MainController.java:200)
	at unbbayes.gui.UnBBayesFrame$2.actionPerformed(UnBBayesFrame.java:520)
	at javax.swing.AbstractButton.fireActionPerformed(AbstractButton.java:1849)
	at javax.swing.AbstractButton$Handler.actionPerformed(AbstractButton.java:2169)
	at javax.swing.DefaultButtonModel.fireActionPerformed(DefaultButtonModel.java:420)
	at javax.swing.DefaultButtonModel.setPressed(DefaultButtonModel.java:258)
	at javax.swing.plaf.basic.BasicButtonListener.mouseReleased(BasicButtonListener.java:236)
	at java.awt.AWTEventMulticaster.mouseReleased(AWTEventMulticaster.java:231)
	at java.awt.Component.processMouseEvent(Component.java:5517)
	at javax.swing.JComponent.processMouseEvent(JComponent.java:3135)
	at java.awt.Component.processEvent(Component.java:5282)
	at java.awt.Container.processEvent(Container.java:1966)
	at java.awt.Component.dispatchEventImpl(Component.java:3984)
	at java.awt.Container.dispatchEventImpl(Container.java:2024)
	at java.awt.Component.dispatchEvent(Component.java:3819)
	at java.awt.LightweightDispatcher.retargetMouseEvent(Container.java:4212)
	at java.awt.LightweightDispatcher.processMouseEvent(Container.java:3892)
	at java.awt.LightweightDispatcher.dispatchEvent(Container.java:3822)
	at java.awt.Container.dispatchEventImpl(Container.java:2010)
	at java.awt.Window.dispatchEventImpl(Window.java:1791)
	at java.awt.Component.dispatchEvent(Component.java:3819)
	at java.awt.EventQueue.dispatchEvent(EventQueue.java:463)
	at java.awt.EventDispatchThread.pumpOneEventForHierarchy(EventDispatchThread.java:242)
	at java.awt.EventDispatchThread.pumpEventsForHierarchy(EventDispatchThread.java:163)
	at java.awt.EventDispatchThread.pumpEvents(EventDispatchThread.java:157)
	at java.awt.EventDispatchThread.pumpEvents(EventDispatchThread.java:149)
	at java.awt.EventDispatchThread.run(EventDispatchThread.java:110)
Caused by: java.net.UnknownHostException: dummy-ontologies.com
	at java.net.PlainSocketImpl.connect(PlainSocketImpl.java:177)
	at java.net.Socket.connect(Socket.java:520)
	at java.net.Socket.connect(Socket.java:470)
	at sun.net.NetworkClient.doConnect(NetworkClient.java:157)
	at sun.net.www.http.HttpClient.openServer(HttpClient.java:388)
	at sun.net.www.http.HttpClient.openServer(HttpClient.java:523)
	at sun.net.www.http.HttpClient.<init>(HttpClient.java:231)
	at sun.net.www.http.HttpClient.New(HttpClient.java:304)
	at sun.net.www.http.HttpClient.New(HttpClient.java:321)
	at sun.net.www.protocol.http.HttpURLConnection.getNewHttpClient(HttpURLConnection.java:813)
	at sun.net.www.protocol.http.HttpURLConnection.plainConnect(HttpURLConnection.java:765)
	at sun.net.www.protocol.http.HttpURLConnection.connect(HttpURLConnection.java:690)
	at sun.net.www.protocol.http.HttpURLConnection.getInputStream(HttpURLConnection.java:934)
	at org.apache.xerces.impl.XMLEntityManager.setupCurrentEntity(Unknown Source)
	at org.apache.xerces.impl.XMLEntityManager.startEntity(Unknown Source)
	at org.apache.xerces.impl.XMLEntityManager.startDocumentEntity(Unknown Source)
	at org.apache.xerces.impl.XMLDocumentScannerImpl.setInputSource(Unknown Source)
	at org.apache.xerces.parsers.DTDConfiguration.parse(Unknown Source)
	at org.apache.xerces.parsers.DTDConfiguration.parse(Unknown Source)
	at org.apache.xerces.parsers.XMLParser.parse(Unknown Source)
	at org.apache.xerces.parsers.AbstractSAXParser.parse(Unknown Source)
	at com.hp.hpl.jena.rdf.arp.impl.RDFXMLParser.parse(RDFXMLParser.java:106)
	... 40 more

2010.02.28 12:52:12.375 GMT-03:00 INFO: *** SYSTEM START ***
2010.02.28 12:52:21.437 GMT-03:00 INFO: Loading triples -- ProtegeOWLParser.loadTriples()
2010.02.28 12:52:22.125 GMT-03:00 SEVERE: An error occurred at parsing the OWL ontology 

    http://dummy-ontologies.com/dummy.owl

    at line -1 and column -1.
    Jena parse error message: {E213} dummy-ontologies.com -- java.net.UnknownHostException: dummy-ontologies.com
	at com.hp.hpl.jena.rdf.arp.impl.XMLHandler.generalError(XMLHandler.java:196)
	at com.hp.hpl.jena.rdf.arp.impl.RDFXMLParser.parse(RDFXMLParser.java:113)
	at com.hp.hpl.jena.rdf.arp.ARP.load(ARP.java:143)
	at edu.stanford.smi.protegex.owl.jena.parser.ProtegeOWLParser$1.invokeARP(Unknown Source)
	at edu.stanford.smi.protegex.owl.jena.parser.ProtegeOWLParser.loadTriples(Unknown Source)
	at edu.stanford.smi.protegex.owl.jena.parser.ProtegeOWLParser.run(Unknown Source)
	at edu.stanford.smi.protegex.owl.jena.parser.ProtegeOWLParser.run(Unknown Source)
	at edu.stanford.smi.protegex.owl.jena.JenaOWLModel.load(Unknown Source)
	at unbbayes.io.mebn.PROWLModelUser.loadPrOwlModel(PROWLModelUser.java:97)
	at unbbayes.io.mebn.SaverPrOwlIO.saveMebn(SaverPrOwlIO.java:123)
	at unbbayes.io.mebn.SaverPrOwlIO.saveMebn(SaverPrOwlIO.java:177)
	at unbbayes.io.mebn.PrOwlIO.saveMebn(PrOwlIO.java:227)
	at unbbayes.io.mebn.UbfIO.saveMebn(UbfIO.java:759)
	at unbbayes.io.mebn.UbfIO.save(UbfIO.java:605)
	at unbbayes.io.FileExtensionIODelegator.save(FileExtensionIODelegator.java:101)
	at unbbayes.controller.MainController.saveNet(MainController.java:200)
	at unbbayes.gui.UnBBayesFrame$2.actionPerformed(UnBBayesFrame.java:520)
	at javax.swing.AbstractButton.fireActionPerformed(AbstractButton.java:1849)
	at javax.swing.AbstractButton$Handler.actionPerformed(AbstractButton.java:2169)
	at javax.swing.DefaultButtonModel.fireActionPerformed(DefaultButtonModel.java:420)
	at javax.swing.DefaultButtonModel.setPressed(DefaultButtonModel.java:258)
	at javax.swing.plaf.basic.BasicButtonListener.mouseReleased(BasicButtonListener.java:236)
	at java.awt.AWTEventMulticaster.mouseReleased(AWTEventMulticaster.java:231)
	at java.awt.Component.processMouseEvent(Component.java:5517)
	at javax.swing.JComponent.processMouseEvent(JComponent.java:3135)
	at java.awt.Component.processEvent(Component.java:5282)
	at java.awt.Container.processEvent(Container.java:1966)
	at java.awt.Component.dispatchEventImpl(Component.java:3984)
	at java.awt.Container.dispatchEventImpl(Container.java:2024)
	at java.awt.Component.dispatchEvent(Component.java:3819)
	at java.awt.LightweightDispatcher.retargetMouseEvent(Container.java:4212)
	at java.awt.LightweightDispatcher.processMouseEvent(Container.java:3892)
	at java.awt.LightweightDispatcher.dispatchEvent(Container.java:3822)
	at java.awt.Container.dispatchEventImpl(Container.java:2010)
	at java.awt.Window.dispatchEventImpl(Window.java:1791)
	at java.awt.Component.dispatchEvent(Component.java:3819)
	at java.awt.EventQueue.dispatchEvent(EventQueue.java:463)
	at java.awt.EventDispatchThread.pumpOneEventForHierarchy(EventDispatchThread.java:242)
	at java.awt.EventDispatchThread.pumpEventsForHierarchy(EventDispatchThread.java:163)
	at java.awt.EventDispatchThread.pumpEvents(EventDispatchThread.java:157)
	at java.awt.EventDispatchThread.pumpEvents(EventDispatchThread.java:149)
	at java.awt.EventDispatchThread.run(EventDispatchThread.java:110)
Caused by: java.net.UnknownHostException: dummy-ontologies.com
	at java.net.PlainSocketImpl.connect(PlainSocketImpl.java:177)
	at java.net.Socket.connect(Socket.java:520)
	at java.net.Socket.connect(Socket.java:470)
	at sun.net.NetworkClient.doConnect(NetworkClient.java:157)
	at sun.net.www.http.HttpClient.openServer(HttpClient.java:388)
	at sun.net.www.http.HttpClient.openServer(HttpClient.java:523)
	at sun.net.www.http.HttpClient.<init>(HttpClient.java:231)
	at sun.net.www.http.HttpClient.New(HttpClient.java:304)
	at sun.net.www.http.HttpClient.New(HttpClient.java:321)
	at sun.net.www.protocol.http.HttpURLConnection.getNewHttpClient(HttpURLConnection.java:813)
	at sun.net.www.protocol.http.HttpURLConnection.plainConnect(HttpURLConnection.java:765)
	at sun.net.www.protocol.http.HttpURLConnection.connect(HttpURLConnection.java:690)
	at sun.net.www.protocol.http.HttpURLConnection.getInputStream(HttpURLConnection.java:934)
	at org.apache.xerces.impl.XMLEntityManager.setupCurrentEntity(Unknown Source)
	at org.apache.xerces.impl.XMLEntityManager.startEntity(Unknown Source)
	at org.apache.xerces.impl.XMLEntityManager.startDocumentEntity(Unknown Source)
	at org.apache.xerces.impl.XMLDocumentScannerImpl.setInputSource(Unknown Source)
	at org.apache.xerces.parsers.DTDConfiguration.parse(Unknown Source)
	at org.apache.xerces.parsers.DTDConfiguration.parse(Unknown Source)
	at org.apache.xerces.parsers.XMLParser.parse(Unknown Source)
	at org.apache.xerces.parsers.AbstractSAXParser.parse(Unknown Source)
	at com.hp.hpl.jena.rdf.arp.impl.RDFXMLParser.parse(RDFXMLParser.java:106)
	... 40 more

2010.02.28 12:52:22.125 GMT-03:00 INFO: Loading triples -- ProtegeOWLParser.loadTriples()
2010.02.28 12:52:23.000 GMT-03:00 INFO: [ProtegeOWLParser] Completed triple loading after 875 ms -- ProtegeOWLParser.loadTriples()
2010.02.28 12:52:23.093 GMT-03:00 INFO: [TripleChangePostProcessor] Completed lists after 0 ms -- TripleChangePostProcessor.log()
2010.02.28 12:52:23.109 GMT-03:00 INFO: [TripleChangePostProcessor] Completed anonymous classes after 16 ms -- TripleChangePostProcessor.log()
2010.02.28 12:52:23.109 GMT-03:00 INFO: [TripleChangePostProcessor] Completed deprecated classes after 0 ms -- TripleChangePostProcessor.log()
2010.02.28 12:52:23.171 GMT-03:00 INFO: [TripleChangePostProcessor] Completed properties after 62 ms -- TripleChangePostProcessor.log()
2010.02.28 12:52:23.203 GMT-03:00 INFO: [TripleChangePostProcessor] Completed named classes after 32 ms -- TripleChangePostProcessor.log()
2010.02.28 12:52:23.203 GMT-03:00 INFO: ... Loading completed after 1078 ms -- ProtegeOWLParser.loadTriples()
2010.02.28 12:52:34.406 GMT-03:00 INFO: Loading triples -- ProtegeOWLParser.loadTriples()
2010.02.28 12:52:34.734 GMT-03:00 INFO: [ProtegeOWLParser] Completed triple loading after 313 ms -- ProtegeOWLParser.loadTriples()
2010.02.28 12:52:34.781 GMT-03:00 INFO: [TripleChangePostProcessor] Completed lists after 0 ms -- TripleChangePostProcessor.log()
2010.02.28 12:52:34.781 GMT-03:00 INFO: [TripleChangePostProcessor] Completed anonymous classes after 0 ms -- TripleChangePostProcessor.log()
2010.02.28 12:52:34.781 GMT-03:00 INFO: [TripleChangePostProcessor] Completed deprecated classes after 0 ms -- TripleChangePostProcessor.log()
2010.02.28 12:52:34.812 GMT-03:00 INFO: [TripleChangePostProcessor] Completed properties after 31 ms -- TripleChangePostProcessor.log()
2010.02.28 12:52:34.828 GMT-03:00 INFO: [TripleChangePostProcessor] Completed named classes after 16 ms -- TripleChangePostProcessor.log()
2010.02.28 12:52:34.828 GMT-03:00 INFO: ... Loading completed after 407 ms -- ProtegeOWLParser.loadTriples()
